10-Apr-2019 14:47:37.753 INFO [main] org.apache.catalina.core.StandardServer.await A valid shutdown command was received via the shutdown port. Stopping the Server instance.
10-Apr-2019 14:47:37.755 INFO [main] org.apache.coyote.AbstractProtocol.pause Pausing ProtocolHandler ["http-nio-8080"]
10-Apr-2019 14:47:37.763 INFO [main] org.apache.coyote.AbstractProtocol.pause Pausing ProtocolHandler ["ajp-nio-8009"]
10-Apr-2019 14:47:37.769 INFO [main] org.apache.catalina.core.StandardService.stopInternal Stopping service [Catalina]
10-Apr-2019 14:47:37.799 INFO [main] org.apache.coyote.AbstractProtocol.stop Stopping ProtocolHandler ["http-nio-8080"]
10-Apr-2019 14:47:37.804 INFO [main] org.apache.coyote.AbstractProtocol.stop Stopping ProtocolHandler ["ajp-nio-8009"]
10-Apr-2019 14:47:37.806 INFO [main] org.apache.coyote.AbstractProtocol.destroy Destroying ProtocolHandler ["http-nio-8080"]
10-Apr-2019 14:47:37.807 INFO [main] org.apache.coyote.AbstractProtocol.destroy Destroying ProtocolHandler ["ajp-nio-8009"]
10-Apr-2019 14:47:41.743 WARNING [main] org.apache.catalina.core.StandardContext.setPath A context path must either be an empty string or start with a '/' and do not end with a '/'. The path [/] does not meet these criteria and has been changed to []
10-Apr-2019 14:47:41.754 INFO [main] org.apache.catalina.startup.VersionLoggerListener.log Server version:        Apache Tomcat/8.5.39
10-Apr-2019 14:47:41.754 INFO [main] org.apache.catalina.startup.VersionLoggerListener.log Server built:          Mar 14 2019 11:24:26 UTC
10-Apr-2019 14:47:41.754 INFO [main] org.apache.catalina.startup.VersionLoggerListener.log Server number:         8.5.39.0
10-Apr-2019 14:47:41.755 INFO [main] org.apache.catalina.startup.VersionLoggerListener.log OS Name:               Linux
10-Apr-2019 14:47:41.755 INFO [main] org.apache.catalina.startup.VersionLoggerListener.log OS Version:            3.10.0-957.5.1.el7.x86_64
10-Apr-2019 14:47:41.755 INFO [main] org.apache.catalina.startup.VersionLoggerListener.log Architecture:          amd64
10-Apr-2019 14:47:41.755 INFO [main] org.apache.catalina.startup.VersionLoggerListener.log Java Home:             /usr/java/jdk1.8.0_201-amd64/jre
10-Apr-2019 14:47:41.755 INFO [main] org.apache.catalina.startup.VersionLoggerListener.log JVM Version:           1.8.0_201-b09
10-Apr-2019 14:47:41.755 INFO [main] org.apache.catalina.startup.VersionLoggerListener.log JVM Vendor:            Oracle Corporation
10-Apr-2019 14:47:41.755 INFO [main] org.apache.catalina.startup.VersionLoggerListener.log CATALINA_BASE:         /home/ktbnetwork/apache-tomcat-8.5.39
10-Apr-2019 14:47:41.755 INFO [main] org.apache.catalina.startup.VersionLoggerListener.log CATALINA_HOME:         /home/ktbnetwork/apache-tomcat-8.5.39
10-Apr-2019 14:47:41.755 INFO [main] org.apache.catalina.startup.VersionLoggerListener.log Command line argument: -Djava.util.logging.config.file=/home/ktbnetwork/apache-tomcat-8.5.39/conf/logging.properties
10-Apr-2019 14:47:41.755 INFO [main] org.apache.catalina.startup.VersionLoggerListener.log Command line argument: -Djava.util.logging.manager=org.apache.juli.ClassLoaderLogManager
10-Apr-2019 14:47:41.755 INFO [main] org.apache.catalina.startup.VersionLoggerListener.log Command line argument: -Djdk.tls.ephemeralDHKeySize=2048
10-Apr-2019 14:47:41.756 INFO [main] org.apache.catalina.startup.VersionLoggerListener.log Command line argument: -Djava.protocol.handler.pkgs=org.apache.catalina.webresources
10-Apr-2019 14:47:41.756 INFO [main] org.apache.catalina.startup.VersionLoggerListener.log Command line argument: -Dorg.apache.catalina.security.SecurityListener.UMASK=0027
10-Apr-2019 14:47:41.756 INFO [main] org.apache.catalina.startup.VersionLoggerListener.log Command line argument: -Djava.security.egd=file:/dev/./urandom
10-Apr-2019 14:47:41.756 INFO [main] org.apache.catalina.startup.VersionLoggerListener.log Command line argument: -Dignore.endorsed.dirs=
10-Apr-2019 14:47:41.756 INFO [main] org.apache.catalina.startup.VersionLoggerListener.log Command line argument: -Dcatalina.base=/home/ktbnetwork/apache-tomcat-8.5.39
10-Apr-2019 14:47:41.756 INFO [main] org.apache.catalina.startup.VersionLoggerListener.log Command line argument: -Dcatalina.home=/home/ktbnetwork/apache-tomcat-8.5.39
10-Apr-2019 14:47:41.756 INFO [main] org.apache.catalina.startup.VersionLoggerListener.log Command line argument: -Djava.io.tmpdir=/home/ktbnetwork/apache-tomcat-8.5.39/temp
10-Apr-2019 14:47:41.756 INFO [main] org.apache.catalina.core.AprLifecycleListener.lifecycleEvent The APR based Apache Tomcat Native library which allows optimal performance in production environments was not found on the java.library.path: [/usr/java/packages/lib/amd64:/usr/lib64:/lib64:/lib:/usr/lib]
10-Apr-2019 14:47:41.860 INFO [main] org.apache.coyote.AbstractProtocol.init Initializing ProtocolHandler ["http-nio-8080"]
10-Apr-2019 14:47:41.870 INFO [main] org.apache.tomcat.util.net.NioSelectorPool.getSharedSelector Using a shared selector for servlet write/read
10-Apr-2019 14:47:41.879 INFO [main] org.apache.coyote.AbstractProtocol.init Initializing ProtocolHandler ["ajp-nio-8009"]
10-Apr-2019 14:47:41.881 INFO [main] org.apache.tomcat.util.net.NioSelectorPool.getSharedSelector Using a shared selector for servlet write/read
10-Apr-2019 14:47:41.884 INFO [main] org.apache.catalina.startup.Catalina.load Initialization processed in 515 ms
10-Apr-2019 14:47:41.900 INFO [main] org.apache.catalina.core.StandardService.startInternal Starting service [Catalina]
10-Apr-2019 14:47:41.901 INFO [main] org.apache.catalina.core.StandardEngine.startInternal Starting Servlet Engine: Apache Tomcat/8.5.39
10-Apr-2019 14:47:43.362 INFO [localhost-startStop-1] org.apache.jasper.servlet.TldScanner.scanJars At least one JAR was scanned for TLDs yet contained no TLDs. Enable debug logging for this logger for a complete list of JARs that were scanned but no TLDs were found in them. Skipping unneeded JARs during scanning can improve startup time and JSP compilation time.
10-Apr-2019 14:47:44.922 INFO [localhost-startStop-1] org.apache.catalina.startup.HostConfig.deployDirectory Deploying web application directory [/home/ktbnetwork/apache-tomcat-8.5.39/webapps/examples]
10-Apr-2019 14:47:45.072 INFO [localhost-startStop-1] org.apache.catalina.startup.HostConfig.deployDirectory Deployment of web application directory [/home/ktbnetwork/apache-tomcat-8.5.39/webapps/examples] has finished in [149] ms
10-Apr-2019 14:47:45.072 INFO [localhost-startStop-1] org.apache.catalina.startup.HostConfig.deployDirectory Deploying web application directory [/home/ktbnetwork/apache-tomcat-8.5.39/webapps/manager]
10-Apr-2019 14:47:45.093 INFO [localhost-startStop-1] org.apache.catalina.startup.HostConfig.deployDirectory Deployment of web application directory [/home/ktbnetwork/apache-tomcat-8.5.39/webapps/manager] has finished in [21] ms
10-Apr-2019 14:47:45.093 INFO [localhost-startStop-1] org.apache.catalina.startup.HostConfig.deployDirectory Deploying web application directory [/home/ktbnetwork/apache-tomcat-8.5.39/webapps/host-manager]
10-Apr-2019 14:47:45.108 INFO [localhost-startStop-1] org.apache.catalina.startup.HostConfig.deployDirectory Deployment of web application directory [/home/ktbnetwork/apache-tomcat-8.5.39/webapps/host-manager] has finished in [15] ms
10-Apr-2019 14:47:45.108 INFO [localhost-startStop-1] org.apache.catalina.startup.HostConfig.deployDirectory Deploying web application directory [/home/ktbnetwork/apache-tomcat-8.5.39/webapps/docs]
10-Apr-2019 14:47:45.119 INFO [localhost-startStop-1] org.apache.catalina.startup.HostConfig.deployDirectory Deployment of web application directory [/home/ktbnetwork/apache-tomcat-8.5.39/webapps/docs] has finished in [11] ms
10-Apr-2019 14:47:45.122 INFO [main] org.apache.coyote.AbstractProtocol.start Starting ProtocolHandler ["http-nio-8080"]
10-Apr-2019 14:47:45.132 INFO [main] org.apache.coyote.AbstractProtocol.start Starting ProtocolHandler ["ajp-nio-8009"]
10-Apr-2019 14:47:45.136 INFO [main] org.apache.catalina.startup.Catalina.start Server startup in 3251 ms
