17-Nov-2019 00:02:48.858 심각 [ajp-nio-8009-exec-6] org.apache.catalina.core.StandardWrapperValve.invoke Servlet.service() for servlet [jsp] in context with path [] threw exception [java.lang.NullPointerException] with root cause
 java.lang.NullPointerException

17-Nov-2019 00:10:17.473 심각 [ajp-nio-8009-exec-8] org.apache.catalina.core.StandardWrapperValve.invoke Servlet.service() for servlet [jsp] in context with path [] threw exception [java.lang.NullPointerException] with root cause
 java.lang.NullPointerException

17-Nov-2019 00:17:34.905 심각 [ajp-nio-8009-exec-2] org.apache.catalina.core.StandardWrapperValve.invoke Servlet.service() for servlet [jsp] in context with path [] threw exception [java.lang.NullPointerException] with root cause
 java.lang.NullPointerException

17-Nov-2019 00:19:59.058 심각 [ajp-nio-8009-exec-10] org.apache.catalina.core.StandardWrapperValve.invoke Servlet.service() for servlet [jsp] in context with path [] threw exception [java.lang.NullPointerException] with root cause
 java.lang.NullPointerException

17-Nov-2019 00:20:32.834 심각 [ajp-nio-8009-exec-2] org.apache.catalina.core.StandardWrapperValve.invoke Servlet.service() for servlet [jsp] in context with path [] threw exception [java.lang.NullPointerException] with root cause
 java.lang.NullPointerException

17-Nov-2019 00:50:07.063 심각 [ajp-nio-8009-exec-8] org.apache.catalina.core.StandardWrapperValve.invoke Servlet.service() for servlet [jsp] in context with path [] threw exception [java.lang.NullPointerException] with root cause
 java.lang.NullPointerException

17-Nov-2019 00:58:51.555 심각 [ajp-nio-8009-exec-2] org.apache.catalina.core.StandardWrapperValve.invoke Servlet.service() for servlet [jsp] in context with path [] threw exception [java.lang.NullPointerException] with root cause
 java.lang.NullPointerException

17-Nov-2019 01:17:22.377 심각 [ajp-nio-8009-exec-4] org.apache.catalina.core.StandardWrapperValve.invoke Servlet.service() for servlet [jsp] in context with path [] threw exception [java.lang.NullPointerException] with root cause
 java.lang.NullPointerException

17-Nov-2019 01:19:03.278 심각 [ajp-nio-8009-exec-6] org.apache.catalina.core.StandardWrapperValve.invoke Servlet.service() for servlet [jsp] in context with path [] threw exception [java.lang.NullPointerException] with root cause
 java.lang.NullPointerException

17-Nov-2019 01:27:53.884 심각 [ajp-nio-8009-exec-8] org.apache.catalina.core.StandardWrapperValve.invoke Servlet.service() for servlet [jsp] in context with path [] threw exception [java.lang.NullPointerException] with root cause
 java.lang.NullPointerException

17-Nov-2019 01:31:02.973 심각 [ajp-nio-8009-exec-1] org.apache.catalina.core.StandardWrapperValve.invoke Servlet.service() for servlet [jsp] in context with path [] threw exception [java.lang.NullPointerException] with root cause
 java.lang.NullPointerException

17-Nov-2019 01:34:33.910 심각 [ajp-nio-8009-exec-2] org.apache.catalina.core.StandardWrapperValve.invoke Servlet.service() for servlet [jsp] in context with path [] threw exception [java.lang.NullPointerException] with root cause
 java.lang.NullPointerException

17-Nov-2019 01:45:49.029 심각 [ajp-nio-8009-exec-2] org.apache.catalina.core.StandardWrapperValve.invoke Servlet.service() for servlet [jsp] in context with path [] threw exception [java.lang.NullPointerException] with root cause
 java.lang.NullPointerException

17-Nov-2019 01:46:58.854 심각 [ajp-nio-8009-exec-9] org.apache.catalina.core.StandardWrapperValve.invoke Servlet.service() for servlet [jsp] in context with path [] threw exception [java.lang.NullPointerException] with root cause
 java.lang.NullPointerException

17-Nov-2019 01:52:49.800 심각 [ajp-nio-8009-exec-7] org.apache.catalina.core.StandardWrapperValve.invoke Servlet.service() for servlet [jsp] in context with path [] threw exception [java.lang.NullPointerException] with root cause
 java.lang.NullPointerException

17-Nov-2019 01:59:24.345 심각 [ajp-nio-8009-exec-10] org.apache.catalina.core.StandardWrapperValve.invoke Servlet.service() for servlet [jsp] in context with path [] threw exception [java.lang.NullPointerException] with root cause
 java.lang.NullPointerException

17-Nov-2019 02:17:00.274 심각 [ajp-nio-8009-exec-5] org.apache.catalina.core.StandardWrapperValve.invoke Servlet.service() for servlet [jsp] in context with path [] threw exception [java.lang.NullPointerException] with root cause
 java.lang.NullPointerException

17-Nov-2019 02:21:04.320 심각 [ajp-nio-8009-exec-3] org.apache.catalina.core.StandardWrapperValve.invoke Servlet.service() for servlet [jsp] in context with path [] threw exception [java.lang.NullPointerException] with root cause
 java.lang.NullPointerException

17-Nov-2019 02:28:26.084 심각 [ajp-nio-8009-exec-7] org.apache.catalina.core.StandardWrapperValve.invoke Servlet.service() for servlet [jsp] in context with path [] threw exception [java.lang.NullPointerException] with root cause
 java.lang.NullPointerException

17-Nov-2019 02:29:07.528 심각 [ajp-nio-8009-exec-1] org.apache.catalina.core.StandardWrapperValve.invoke Servlet.service() for servlet [jsp] in context with path [] threw exception [java.lang.NullPointerException] with root cause
 java.lang.NullPointerException

17-Nov-2019 02:34:03.433 심각 [ajp-nio-8009-exec-4] org.apache.catalina.core.StandardWrapperValve.invoke Servlet.service() for servlet [jsp] in context with path [] threw exception [java.lang.NullPointerException] with root cause
 java.lang.NullPointerException

17-Nov-2019 02:44:30.951 심각 [ajp-nio-8009-exec-10] org.apache.catalina.core.StandardWrapperValve.invoke Servlet.service() for servlet [jsp] in context with path [] threw exception [java.lang.NullPointerException] with root cause
 java.lang.NullPointerException

17-Nov-2019 02:48:35.680 심각 [ajp-nio-8009-exec-5] org.apache.catalina.core.StandardWrapperValve.invoke Servlet.service() for servlet [jsp] in context with path [] threw exception [java.lang.NullPointerException] with root cause
 java.lang.NullPointerException

17-Nov-2019 03:05:49.690 심각 [ajp-nio-8009-exec-9] org.apache.catalina.core.StandardWrapperValve.invoke Servlet.service() for servlet [jsp] in context with path [] threw exception [java.lang.NullPointerException] with root cause
 java.lang.NullPointerException

17-Nov-2019 03:05:59.381 심각 [ajp-nio-8009-exec-6] org.apache.catalina.core.StandardWrapperValve.invoke Servlet.service() for servlet [jsp] in context with path [] threw exception [java.lang.NullPointerException] with root cause
 java.lang.NullPointerException

17-Nov-2019 03:11:49.197 심각 [ajp-nio-8009-exec-7] org.apache.catalina.core.StandardWrapperValve.invoke Servlet.service() for servlet [jsp] in context with path [] threw exception [java.lang.NullPointerException] with root cause
 java.lang.NullPointerException

17-Nov-2019 03:18:28.736 심각 [ajp-nio-8009-exec-9] org.apache.catalina.core.StandardWrapperValve.invoke Servlet.service() for servlet [jsp] in context with path [] threw exception [java.lang.NullPointerException] with root cause
 java.lang.NullPointerException

17-Nov-2019 03:18:29.127 심각 [ajp-nio-8009-exec-6] org.apache.catalina.core.StandardWrapperValve.invoke Servlet.service() for servlet [jsp] in context with path [] threw exception [java.lang.NullPointerException] with root cause
 java.lang.NullPointerException

17-Nov-2019 03:18:29.536 심각 [ajp-nio-8009-exec-3] org.apache.catalina.core.StandardWrapperValve.invoke Servlet.service() for servlet [jsp] in context with path [] threw exception [java.lang.NullPointerException] with root cause
 java.lang.NullPointerException

17-Nov-2019 03:18:29.942 심각 [ajp-nio-8009-exec-8] org.apache.catalina.core.StandardWrapperValve.invoke Servlet.service() for servlet [jsp] in context with path [] threw exception [java.lang.NullPointerException] with root cause
 java.lang.NullPointerException

17-Nov-2019 03:18:30.348 심각 [ajp-nio-8009-exec-7] org.apache.catalina.core.StandardWrapperValve.invoke Servlet.service() for servlet [jsp] in context with path [] threw exception [java.lang.NullPointerException] with root cause
 java.lang.NullPointerException

17-Nov-2019 03:18:30.738 심각 [ajp-nio-8009-exec-1] org.apache.catalina.core.StandardWrapperValve.invoke Servlet.service() for servlet [jsp] in context with path [] threw exception [java.lang.NullPointerException] with root cause
 java.lang.NullPointerException

17-Nov-2019 03:18:31.140 심각 [ajp-nio-8009-exec-10] org.apache.catalina.core.StandardWrapperValve.invoke Servlet.service() for servlet [jsp] in context with path [] threw exception [java.lang.NullPointerException] with root cause
 java.lang.NullPointerException

17-Nov-2019 03:18:31.549 심각 [ajp-nio-8009-exec-2] org.apache.catalina.core.StandardWrapperValve.invoke Servlet.service() for servlet [jsp] in context with path [] threw exception [java.lang.NullPointerException] with root cause
 java.lang.NullPointerException

17-Nov-2019 03:18:31.957 심각 [ajp-nio-8009-exec-5] org.apache.catalina.core.StandardWrapperValve.invoke Servlet.service() for servlet [jsp] in context with path [] threw exception [java.lang.NullPointerException] with root cause
 java.lang.NullPointerException

17-Nov-2019 03:24:10.456 심각 [ajp-nio-8009-exec-5] org.apache.catalina.core.StandardWrapperValve.invoke Servlet.service() for servlet [jsp] in context with path [] threw exception [java.lang.NullPointerException] with root cause
 java.lang.NullPointerException

17-Nov-2019 03:28:30.402 심각 [ajp-nio-8009-exec-9] org.apache.catalina.core.StandardWrapperValve.invoke Servlet.service() for servlet [jsp] in context with path [] threw exception [java.lang.NullPointerException] with root cause
 java.lang.NullPointerException

17-Nov-2019 03:28:38.851 심각 [ajp-nio-8009-exec-6] org.apache.catalina.core.StandardWrapperValve.invoke Servlet.service() for servlet [jsp] in context with path [] threw exception [java.lang.NullPointerException] with root cause
 java.lang.NullPointerException

17-Nov-2019 03:33:50.746 심각 [ajp-nio-8009-exec-7] org.apache.catalina.core.StandardWrapperValve.invoke Servlet.service() for servlet [jsp] in context with path [] threw exception [java.lang.NullPointerException] with root cause
 java.lang.NullPointerException

17-Nov-2019 03:34:42.036 심각 [ajp-nio-8009-exec-1] org.apache.catalina.core.StandardWrapperValve.invoke Servlet.service() for servlet [jsp] in context with path [] threw exception [java.lang.NullPointerException] with root cause
 java.lang.NullPointerException

17-Nov-2019 03:36:22.131 심각 [ajp-nio-8009-exec-5] org.apache.catalina.core.StandardWrapperValve.invoke Servlet.service() for servlet [jsp] in context with path [] threw exception [java.lang.NullPointerException] with root cause
 java.lang.NullPointerException

17-Nov-2019 03:40:14.296 심각 [ajp-nio-8009-exec-9] org.apache.catalina.core.StandardWrapperValve.invoke Servlet.service() for servlet [jsp] in context with path [] threw exception [java.lang.NullPointerException] with root cause
 java.lang.NullPointerException

17-Nov-2019 03:40:58.977 심각 [ajp-nio-8009-exec-6] org.apache.catalina.core.StandardWrapperValve.invoke Servlet.service() for servlet [jsp] in context with path [] threw exception [java.lang.NullPointerException] with root cause
 java.lang.NullPointerException

17-Nov-2019 03:41:00.210 심각 [ajp-nio-8009-exec-3] org.apache.catalina.core.StandardWrapperValve.invoke Servlet.service() for servlet [jsp] in context with path [] threw exception [java.lang.NullPointerException] with root cause
 java.lang.NullPointerException

17-Nov-2019 03:41:37.375 심각 [ajp-nio-8009-exec-7] org.apache.catalina.core.StandardWrapperValve.invoke Servlet.service() for servlet [jsp] in context with path [] threw exception [java.lang.NullPointerException] with root cause
 java.lang.NullPointerException

17-Nov-2019 03:51:57.029 심각 [ajp-nio-8009-exec-5] org.apache.catalina.core.StandardWrapperValve.invoke Servlet.service() for servlet [jsp] in context with path [] threw exception [java.lang.NullPointerException] with root cause
 java.lang.NullPointerException

17-Nov-2019 03:57:01.766 심각 [ajp-nio-8009-exec-9] org.apache.catalina.core.StandardWrapperValve.invoke Servlet.service() for servlet [jsp] in context with path [] threw exception [java.lang.NullPointerException] with root cause
 java.lang.NullPointerException

17-Nov-2019 03:57:49.348 심각 [ajp-nio-8009-exec-6] org.apache.catalina.core.StandardWrapperValve.invoke Servlet.service() for servlet [jsp] in context with path [] threw exception [java.lang.NullPointerException] with root cause
 java.lang.NullPointerException

17-Nov-2019 03:59:24.201 심각 [ajp-nio-8009-exec-8] org.apache.catalina.core.StandardWrapperValve.invoke Servlet.service() for servlet [jsp] in context with path [] threw exception [java.lang.NullPointerException] with root cause
 java.lang.NullPointerException

17-Nov-2019 04:03:11.901 심각 [ajp-nio-8009-exec-2] org.apache.catalina.core.StandardWrapperValve.invoke Servlet.service() for servlet [jsp] in context with path [] threw exception [java.lang.NullPointerException] with root cause
 java.lang.NullPointerException

17-Nov-2019 04:08:11.366 심각 [ajp-nio-8009-exec-4] org.apache.catalina.core.StandardWrapperValve.invoke Servlet.service() for servlet [jsp] in context with path [] threw exception [java.lang.NullPointerException] with root cause
 java.lang.NullPointerException

17-Nov-2019 04:08:23.149 심각 [ajp-nio-8009-exec-9] org.apache.catalina.core.StandardWrapperValve.invoke Servlet.service() for servlet [jsp] in context with path [] threw exception [java.lang.NullPointerException] with root cause
 java.lang.NullPointerException

17-Nov-2019 04:11:27.923 심각 [ajp-nio-8009-exec-3] org.apache.catalina.core.StandardWrapperValve.invoke Servlet.service() for servlet [jsp] in context with path [] threw exception [java.lang.NullPointerException] with root cause
 java.lang.NullPointerException

17-Nov-2019 04:11:48.925 심각 [ajp-nio-8009-exec-8] org.apache.catalina.core.StandardWrapperValve.invoke Servlet.service() for servlet [jsp] in context with path [] threw exception [java.lang.NullPointerException] with root cause
 java.lang.NullPointerException

17-Nov-2019 04:11:49.055 심각 [ajp-nio-8009-exec-7] org.apache.catalina.core.StandardWrapperValve.invoke Servlet.service() for servlet [jsp] in context with path [] threw exception [java.lang.NullPointerException] with root cause
 java.lang.NullPointerException

17-Nov-2019 04:11:50.196 심각 [ajp-nio-8009-exec-1] org.apache.catalina.core.StandardWrapperValve.invoke Servlet.service() for servlet [jsp] in context with path [] threw exception [java.lang.NullPointerException] with root cause
 java.lang.NullPointerException

17-Nov-2019 04:11:50.736 심각 [ajp-nio-8009-exec-4] org.apache.catalina.core.StandardWrapperValve.invoke Servlet.service() for servlet [jsp] in context with path [] threw exception [java.lang.NullPointerException] with root cause
 java.lang.NullPointerException

17-Nov-2019 04:11:50.864 심각 [ajp-nio-8009-exec-9] org.apache.catalina.core.StandardWrapperValve.invoke Servlet.service() for servlet [jsp] in context with path [] threw exception [java.lang.NullPointerException] with root cause
 java.lang.NullPointerException

17-Nov-2019 04:11:51.002 심각 [ajp-nio-8009-exec-6] org.apache.catalina.core.StandardWrapperValve.invoke Servlet.service() for servlet [jsp] in context with path [] threw exception [java.lang.NullPointerException] with root cause
 java.lang.NullPointerException

17-Nov-2019 04:21:10.320 심각 [ajp-nio-8009-exec-9] org.apache.catalina.core.StandardWrapperValve.invoke Servlet.service() for servlet [jsp] in context with path [] threw exception [java.lang.NullPointerException] with root cause
 java.lang.NullPointerException

17-Nov-2019 04:21:36.298 심각 [ajp-nio-8009-exec-6] org.apache.catalina.core.StandardWrapperValve.invoke Servlet.service() for servlet [jsp] in context with path [] threw exception [java.lang.NullPointerException] with root cause
 java.lang.NullPointerException

17-Nov-2019 04:37:58.006 심각 [ajp-nio-8009-exec-1] org.apache.catalina.core.StandardWrapperValve.invoke Servlet.service() for servlet [jsp] in context with path [] threw exception [java.lang.NullPointerException] with root cause
 java.lang.NullPointerException

17-Nov-2019 04:54:02.972 심각 [ajp-nio-8009-exec-5] org.apache.catalina.core.StandardWrapperValve.invoke Servlet.service() for servlet [jsp] in context with path [] threw exception [java.lang.NullPointerException] with root cause
 java.lang.NullPointerException

17-Nov-2019 05:20:52.034 심각 [ajp-nio-8009-exec-2] org.apache.catalina.core.StandardWrapperValve.invoke Servlet.service() for servlet [jsp] in context with path [] threw exception [java.lang.NullPointerException] with root cause
 java.lang.NullPointerException

17-Nov-2019 05:20:52.057 심각 [ajp-nio-8009-exec-5] org.apache.catalina.core.StandardWrapperValve.invoke Servlet.service() for servlet [jsp] in context with path [] threw exception [java.lang.NullPointerException] with root cause
 java.lang.NullPointerException

17-Nov-2019 05:21:37.457 심각 [ajp-nio-8009-exec-7] org.apache.catalina.core.StandardWrapperValve.invoke Servlet.service() for servlet [jsp] in context with path [] threw exception [java.lang.NullPointerException] with root cause
 java.lang.NullPointerException

17-Nov-2019 05:38:17.162 심각 [ajp-nio-8009-exec-6] org.apache.catalina.core.StandardWrapperValve.invoke Servlet.service() for servlet [jsp] in context with path [] threw exception [java.lang.NullPointerException] with root cause
 java.lang.NullPointerException

17-Nov-2019 05:45:34.234 심각 [ajp-nio-8009-exec-7] org.apache.catalina.core.StandardWrapperValve.invoke Servlet.service() for servlet [jsp] in context with path [] threw exception [java.lang.NullPointerException] with root cause
 java.lang.NullPointerException

17-Nov-2019 05:45:34.490 심각 [ajp-nio-8009-exec-10] org.apache.catalina.core.StandardWrapperValve.invoke Servlet.service() for servlet [jsp] in context with path [] threw exception [java.lang.NullPointerException] with root cause
 java.lang.NullPointerException

17-Nov-2019 05:45:34.750 심각 [ajp-nio-8009-exec-1] org.apache.catalina.core.StandardWrapperValve.invoke Servlet.service() for servlet [jsp] in context with path [] threw exception [java.lang.NullPointerException] with root cause
 java.lang.NullPointerException

17-Nov-2019 05:45:35.009 심각 [ajp-nio-8009-exec-2] org.apache.catalina.core.StandardWrapperValve.invoke Servlet.service() for servlet [jsp] in context with path [] threw exception [java.lang.NullPointerException] with root cause
 java.lang.NullPointerException

17-Nov-2019 05:45:35.267 심각 [ajp-nio-8009-exec-5] org.apache.catalina.core.StandardWrapperValve.invoke Servlet.service() for servlet [jsp] in context with path [] threw exception [java.lang.NullPointerException] with root cause
 java.lang.NullPointerException

17-Nov-2019 05:45:35.524 심각 [ajp-nio-8009-exec-4] org.apache.catalina.core.StandardWrapperValve.invoke Servlet.service() for servlet [jsp] in context with path [] threw exception [java.lang.NullPointerException] with root cause
 java.lang.NullPointerException

17-Nov-2019 05:47:00.708 심각 [ajp-nio-8009-exec-8] org.apache.catalina.core.StandardWrapperValve.invoke Servlet.service() for servlet [jsp] in context with path [] threw exception [java.lang.NullPointerException] with root cause
 java.lang.NullPointerException

17-Nov-2019 05:58:05.142 심각 [ajp-nio-8009-exec-10] org.apache.catalina.core.StandardWrapperValve.invoke Servlet.service() for servlet [jsp] in context with path [] threw exception [java.lang.NullPointerException] with root cause
 java.lang.NullPointerException

17-Nov-2019 05:59:24.276 심각 [ajp-nio-8009-exec-2] org.apache.catalina.core.StandardWrapperValve.invoke Servlet.service() for servlet [jsp] in context with path [] threw exception [java.lang.NullPointerException] with root cause
 java.lang.NullPointerException

17-Nov-2019 06:25:18.515 심각 [ajp-nio-8009-exec-7] org.apache.catalina.core.StandardWrapperValve.invoke Servlet.service() for servlet [jsp] in context with path [] threw exception [java.lang.NullPointerException] with root cause
 java.lang.NullPointerException

17-Nov-2019 06:25:19.184 심각 [ajp-nio-8009-exec-10] org.apache.catalina.core.StandardWrapperValve.invoke Servlet.service() for servlet [jsp] in context with path [] threw exception [java.lang.NullPointerException] with root cause
 java.lang.NullPointerException

17-Nov-2019 06:25:20.312 심각 [ajp-nio-8009-exec-2] org.apache.catalina.core.StandardWrapperValve.invoke Servlet.service() for servlet [jsp] in context with path [] threw exception [java.lang.NullPointerException] with root cause
 java.lang.NullPointerException

17-Nov-2019 06:25:20.968 심각 [ajp-nio-8009-exec-5] org.apache.catalina.core.StandardWrapperValve.invoke Servlet.service() for servlet [jsp] in context with path [] threw exception [java.lang.NullPointerException] with root cause
 java.lang.NullPointerException

17-Nov-2019 06:25:21.621 심각 [ajp-nio-8009-exec-4] org.apache.catalina.core.StandardWrapperValve.invoke Servlet.service() for servlet [jsp] in context with path [] threw exception [java.lang.NullPointerException] with root cause
 java.lang.NullPointerException

17-Nov-2019 06:25:22.324 심각 [ajp-nio-8009-exec-9] org.apache.catalina.core.StandardWrapperValve.invoke Servlet.service() for servlet [jsp] in context with path [] threw exception [java.lang.NullPointerException] with root cause
 java.lang.NullPointerException

17-Nov-2019 06:25:23.054 심각 [ajp-nio-8009-exec-3] org.apache.catalina.core.StandardWrapperValve.invoke Servlet.service() for servlet [jsp] in context with path [] threw exception [java.lang.NullPointerException] with root cause
 java.lang.NullPointerException

17-Nov-2019 06:25:23.761 심각 [ajp-nio-8009-exec-6] org.apache.catalina.core.StandardWrapperValve.invoke Servlet.service() for servlet [jsp] in context with path [] threw exception [java.lang.NullPointerException] with root cause
 java.lang.NullPointerException

17-Nov-2019 06:25:24.490 심각 [ajp-nio-8009-exec-8] org.apache.catalina.core.StandardWrapperValve.invoke Servlet.service() for servlet [jsp] in context with path [] threw exception [java.lang.NullPointerException] with root cause
 java.lang.NullPointerException

17-Nov-2019 06:25:25.199 심각 [ajp-nio-8009-exec-7] org.apache.catalina.core.StandardWrapperValve.invoke Servlet.service() for servlet [jsp] in context with path [] threw exception [java.lang.NullPointerException] with root cause
 java.lang.NullPointerException

17-Nov-2019 06:25:25.941 심각 [ajp-nio-8009-exec-10] org.apache.catalina.core.StandardWrapperValve.invoke Servlet.service() for servlet [jsp] in context with path [] threw exception [java.lang.NullPointerException] with root cause
 java.lang.NullPointerException

17-Nov-2019 06:25:26.666 심각 [ajp-nio-8009-exec-1] org.apache.catalina.core.StandardWrapperValve.invoke Servlet.service() for servlet [jsp] in context with path [] threw exception [java.lang.NullPointerException] with root cause
 java.lang.NullPointerException

17-Nov-2019 06:25:27.410 심각 [ajp-nio-8009-exec-2] org.apache.catalina.core.StandardWrapperValve.invoke Servlet.service() for servlet [jsp] in context with path [] threw exception [java.lang.NullPointerException] with root cause
 java.lang.NullPointerException

17-Nov-2019 06:25:28.080 심각 [ajp-nio-8009-exec-5] org.apache.catalina.core.StandardWrapperValve.invoke Servlet.service() for servlet [jsp] in context with path [] threw exception [java.lang.NullPointerException] with root cause
 java.lang.NullPointerException

17-Nov-2019 06:25:28.857 심각 [ajp-nio-8009-exec-4] org.apache.catalina.core.StandardWrapperValve.invoke Servlet.service() for servlet [jsp] in context with path [] threw exception [java.lang.NullPointerException] with root cause
 java.lang.NullPointerException

17-Nov-2019 06:25:29.573 심각 [ajp-nio-8009-exec-9] org.apache.catalina.core.StandardWrapperValve.invoke Servlet.service() for servlet [jsp] in context with path [] threw exception [java.lang.NullPointerException] with root cause
 java.lang.NullPointerException

17-Nov-2019 06:25:30.259 심각 [ajp-nio-8009-exec-3] org.apache.catalina.core.StandardWrapperValve.invoke Servlet.service() for servlet [jsp] in context with path [] threw exception [java.lang.NullPointerException] with root cause
 java.lang.NullPointerException

17-Nov-2019 06:25:30.924 심각 [ajp-nio-8009-exec-6] org.apache.catalina.core.StandardWrapperValve.invoke Servlet.service() for servlet [jsp] in context with path [] threw exception [java.lang.NullPointerException] with root cause
 java.lang.NullPointerException

17-Nov-2019 06:26:12.895 심각 [ajp-nio-8009-exec-8] org.apache.catalina.core.StandardWrapperValve.invoke Servlet.service() for servlet [jsp] in context with path [] threw exception [java.lang.NullPointerException] with root cause
 java.lang.NullPointerException

17-Nov-2019 06:26:13.736 심각 [ajp-nio-8009-exec-7] org.apache.catalina.core.StandardWrapperValve.invoke Servlet.service() for servlet [jsp] in context with path [] threw exception [java.lang.NullPointerException] with root cause
 java.lang.NullPointerException

17-Nov-2019 06:26:14.188 심각 [ajp-nio-8009-exec-10] org.apache.catalina.core.StandardWrapperValve.invoke Servlet.service() for servlet [jsp] in context with path [] threw exception [java.lang.NullPointerException] with root cause
 java.lang.NullPointerException

17-Nov-2019 06:29:10.356 심각 [ajp-nio-8009-exec-9] org.apache.catalina.core.StandardWrapperValve.invoke Servlet.service() for servlet [jsp] in context with path [] threw exception [java.lang.NullPointerException] with root cause
 java.lang.NullPointerException

17-Nov-2019 06:34:14.998 심각 [ajp-nio-8009-exec-8] org.apache.catalina.core.StandardWrapperValve.invoke Servlet.service() for servlet [jsp] in context with path [] threw exception [java.lang.NullPointerException] with root cause
 java.lang.NullPointerException

17-Nov-2019 06:46:13.728 심각 [ajp-nio-8009-exec-10] org.apache.catalina.core.StandardWrapperValve.invoke Servlet.service() for servlet [jsp] in context with path [] threw exception [java.lang.NullPointerException] with root cause
 java.lang.NullPointerException

17-Nov-2019 06:57:02.489 심각 [ajp-nio-8009-exec-6] org.apache.catalina.core.StandardWrapperValve.invoke Servlet.service() for servlet [jsp] in context with path [] threw exception [java.lang.NullPointerException] with root cause
 java.lang.NullPointerException

17-Nov-2019 07:06:37.116 심각 [ajp-nio-8009-exec-3] org.apache.catalina.core.StandardWrapperValve.invoke Servlet.service() for servlet [jsp] in context with path [] threw exception [java.lang.NullPointerException] with root cause
 java.lang.NullPointerException

17-Nov-2019 07:08:06.723 심각 [ajp-nio-8009-exec-2] org.apache.catalina.core.StandardWrapperValve.invoke Servlet.service() for servlet [jsp] in context with path [] threw exception [java.lang.NullPointerException] with root cause
 java.lang.NullPointerException

17-Nov-2019 07:08:13.998 심각 [ajp-nio-8009-exec-8] org.apache.catalina.core.StandardWrapperValve.invoke Servlet.service() for servlet [jsp] in context with path [] threw exception [java.lang.NullPointerException] with root cause
 java.lang.NullPointerException

17-Nov-2019 07:17:50.309 심각 [ajp-nio-8009-exec-4] org.apache.catalina.core.StandardWrapperValve.invoke Servlet.service() for servlet [jsp] in context with path [] threw exception [java.lang.NullPointerException] with root cause
 java.lang.NullPointerException

17-Nov-2019 07:21:08.479 심각 [ajp-nio-8009-exec-3] org.apache.catalina.core.StandardWrapperValve.invoke Servlet.service() for servlet [jsp] in context with path [] threw exception [java.lang.NullPointerException] with root cause
 java.lang.NullPointerException

17-Nov-2019 07:25:37.740 심각 [ajp-nio-8009-exec-9] org.apache.catalina.core.StandardWrapperValve.invoke Servlet.service() for servlet [jsp] in context with path [] threw exception [java.lang.NullPointerException] with root cause
 java.lang.NullPointerException

17-Nov-2019 07:35:37.187 심각 [ajp-nio-8009-exec-6] org.apache.catalina.core.StandardWrapperValve.invoke Servlet.service() for servlet [jsp] in context with path [] threw exception [java.lang.NullPointerException] with root cause
 java.lang.NullPointerException

17-Nov-2019 07:36:36.150 심각 [ajp-nio-8009-exec-8] org.apache.catalina.core.StandardWrapperValve.invoke Servlet.service() for servlet [jsp] in context with path [] threw exception [java.lang.NullPointerException] with root cause
 java.lang.NullPointerException

17-Nov-2019 07:38:58.313 심각 [ajp-nio-8009-exec-1] org.apache.catalina.core.StandardWrapperValve.invoke Servlet.service() for servlet [jsp] in context with path [] threw exception [java.lang.NullPointerException] with root cause
 java.lang.NullPointerException

17-Nov-2019 07:49:24.199 심각 [ajp-nio-8009-exec-2] org.apache.catalina.core.StandardWrapperValve.invoke Servlet.service() for servlet [jsp] in context with path [] threw exception [java.lang.NullPointerException] with root cause
 java.lang.NullPointerException

17-Nov-2019 07:49:56.889 심각 [ajp-nio-8009-exec-5] org.apache.catalina.core.StandardWrapperValve.invoke Servlet.service() for servlet [jsp] in context with path [] threw exception [java.lang.NullPointerException] with root cause
 java.lang.NullPointerException

17-Nov-2019 07:52:02.265 심각 [ajp-nio-8009-exec-9] org.apache.catalina.core.StandardWrapperValve.invoke Servlet.service() for servlet [jsp] in context with path [] threw exception [java.lang.NullPointerException] with root cause
 java.lang.NullPointerException

17-Nov-2019 07:59:24.208 심각 [ajp-nio-8009-exec-6] org.apache.catalina.core.StandardWrapperValve.invoke Servlet.service() for servlet [jsp] in context with path [] threw exception [java.lang.NullPointerException] with root cause
 java.lang.NullPointerException

17-Nov-2019 08:12:13.328 심각 [ajp-nio-8009-exec-5] org.apache.catalina.core.StandardWrapperValve.invoke Servlet.service() for servlet [jsp] in context with path [] threw exception [java.lang.NullPointerException] with root cause
 java.lang.NullPointerException

17-Nov-2019 08:15:50.664 심각 [ajp-nio-8009-exec-3] org.apache.catalina.core.StandardWrapperValve.invoke Servlet.service() for servlet [jsp] in context with path [] threw exception [java.lang.NullPointerException] with root cause
 java.lang.NullPointerException

17-Nov-2019 08:15:50.915 심각 [ajp-nio-8009-exec-6] org.apache.catalina.core.StandardWrapperValve.invoke Servlet.service() for servlet [jsp] in context with path [] threw exception [java.lang.NullPointerException] with root cause
 java.lang.NullPointerException

17-Nov-2019 08:34:30.079 심각 [ajp-nio-8009-exec-8] org.apache.catalina.core.StandardWrapperValve.invoke Servlet.service() for servlet [jsp] in context with path [] threw exception [java.lang.NullPointerException] with root cause
 java.lang.NullPointerException

17-Nov-2019 08:41:51.515 심각 [ajp-nio-8009-exec-10] org.apache.catalina.core.StandardWrapperValve.invoke Servlet.service() for servlet [jsp] in context with path [] threw exception [java.lang.NullPointerException] with root cause
 java.lang.NullPointerException

17-Nov-2019 08:43:34.985 심각 [ajp-nio-8009-exec-4] org.apache.catalina.core.StandardWrapperValve.invoke Servlet.service() for servlet [jsp] in context with path [] threw exception [java.lang.NullPointerException] with root cause
 java.lang.NullPointerException

17-Nov-2019 08:46:17.727 심각 [ajp-nio-8009-exec-6] org.apache.catalina.core.StandardWrapperValve.invoke Servlet.service() for servlet [jsp] in context with path [] threw exception [java.lang.NullPointerException] with root cause
 java.lang.NullPointerException

17-Nov-2019 08:46:18.484 심각 [ajp-nio-8009-exec-7] org.apache.catalina.core.StandardWrapperValve.invoke Servlet.service() for servlet [jsp] in context with path [] threw exception [java.lang.NullPointerException] with root cause
 java.lang.NullPointerException

17-Nov-2019 08:48:35.943 심각 [ajp-nio-8009-exec-10] org.apache.catalina.core.StandardWrapperValve.invoke Servlet.service() for servlet [jsp] in context with path [] threw exception [java.lang.NullPointerException] with root cause
 java.lang.NullPointerException

17-Nov-2019 08:50:42.999 심각 [ajp-nio-8009-exec-4] org.apache.catalina.core.StandardWrapperValve.invoke Servlet.service() for servlet [jsp] in context with path [] threw exception [java.lang.NullPointerException] with root cause
 java.lang.NullPointerException

17-Nov-2019 08:53:25.231 심각 [ajp-nio-8009-exec-6] org.apache.catalina.core.StandardWrapperValve.invoke Servlet.service() for servlet [jsp] in context with path [] threw exception [java.lang.NullPointerException] with root cause
 java.lang.NullPointerException

17-Nov-2019 08:53:25.978 심각 [ajp-nio-8009-exec-7] org.apache.catalina.core.StandardWrapperValve.invoke Servlet.service() for servlet [jsp] in context with path [] threw exception [java.lang.NullPointerException] with root cause
 java.lang.NullPointerException

17-Nov-2019 09:09:46.943 심각 [ajp-nio-8009-exec-5] org.apache.catalina.core.StandardWrapperValve.invoke Servlet.service() for servlet [jsp] in context with path [] threw exception [java.lang.NullPointerException] with root cause
 java.lang.NullPointerException

17-Nov-2019 09:14:12.167 심각 [ajp-nio-8009-exec-9] org.apache.catalina.core.StandardWrapperValve.invoke Servlet.service() for servlet [jsp] in context with path [] threw exception [java.lang.NullPointerException] with root cause
 java.lang.NullPointerException

17-Nov-2019 09:14:17.276 심각 [ajp-nio-8009-exec-4] org.apache.catalina.core.StandardWrapperValve.invoke Servlet.service() for servlet [jsp] in context with path [] threw exception [java.lang.NullPointerException] with root cause
 java.lang.NullPointerException

17-Nov-2019 09:18:01.486 심각 [ajp-nio-8009-exec-1] org.apache.catalina.core.StandardWrapperValve.invoke Servlet.service() for servlet [appServlet] in context with path [] threw exception [Request processing failed; nested exception is java.lang.NullPointerException] with root cause
 java.lang.NullPointerException
	at com.ktbnetwork.homepage.home.kr.news.news.controller.NewsHOKOController.view(NewsHOKOController.java:50)
	at sun.reflect.GeneratedMethodAccessor72.invoke(Unknown Source)
	at sun.reflect.DelegatingMethodAccessorImpl.invoke(DelegatingMethodAccessorImpl.java:43)
	at java.lang.reflect.Method.invoke(Method.java:498)
	at org.springframework.web.method.support.InvocableHandlerMethod.doInvoke(InvocableHandlerMethod.java:222)
	at org.springframework.web.method.support.InvocableHandlerMethod.invokeForRequest(InvocableHandlerMethod.java:137)
	at org.springframework.web.servlet.mvc.method.annotation.ServletInvocableHandlerMethod.invokeAndHandle(ServletInvocableHandlerMethod.java:110)
	at org.springframework.web.servlet.mvc.method.annotation.RequestMappingHandlerAdapter.invokeHandlerMethod(RequestMappingHandlerAdapter.java:814)
	at org.springframework.web.servlet.mvc.method.annotation.RequestMappingHandlerAdapter.handleInternal(RequestMappingHandlerAdapter.java:737)
	at org.springframework.web.servlet.mvc.method.AbstractHandlerMethodAdapter.handle(AbstractHandlerMethodAdapter.java:85)
	at org.springframework.web.servlet.DispatcherServlet.doDispatch(DispatcherServlet.java:959)
	at org.springframework.web.servlet.DispatcherServlet.doService(DispatcherServlet.java:893)
	at org.springframework.web.servlet.FrameworkServlet.processRequest(FrameworkServlet.java:970)
	at org.springframework.web.servlet.FrameworkServlet.doGet(FrameworkServlet.java:861)
	at javax.servlet.http.HttpServlet.service(HttpServlet.java:635)
	at org.springframework.web.servlet.FrameworkServlet.service(FrameworkServlet.java:846)
	at javax.servlet.http.HttpServlet.service(HttpServlet.java:742)
	at org.apache.catalina.core.ApplicationFilterChain.internalDoFilter(ApplicationFilterChain.java:231)
	at org.apache.catalina.core.ApplicationFilterChain.doFilter(ApplicationFilterChain.java:166)
	at org.apache.tomcat.websocket.server.WsFilter.doFilter(WsFilter.java:52)
	at org.apache.catalina.core.ApplicationFilterChain.internalDoFilter(ApplicationFilterChain.java:193)
	at org.apache.catalina.core.ApplicationFilterChain.doFilter(ApplicationFilterChain.java:166)
	at org.springframework.web.filter.CharacterEncodingFilter.doFilterInternal(CharacterEncodingFilter.java:121)
	at org.springframework.web.filter.OncePerRequestFilter.doFilter(OncePerRequestFilter.java:107)
	at org.apache.catalina.core.ApplicationFilterChain.internalDoFilter(ApplicationFilterChain.java:193)
	at org.apache.catalina.core.ApplicationFilterChain.doFilter(ApplicationFilterChain.java:166)
	at org.apache.catalina.core.StandardWrapperValve.invoke(StandardWrapperValve.java:199)
	at org.apache.catalina.core.StandardContextValve.invoke(StandardContextValve.java:96)
	at org.apache.catalina.authenticator.AuthenticatorBase.invoke(AuthenticatorBase.java:493)
	at org.apache.catalina.core.StandardHostValve.invoke(StandardHostValve.java:137)
	at org.apache.catalina.valves.ErrorReportValve.invoke(ErrorReportValve.java:81)
	at org.apache.catalina.valves.AbstractAccessLogValve.invoke(AbstractAccessLogValve.java:660)
	at org.apache.catalina.core.StandardEngineValve.invoke(StandardEngineValve.java:87)
	at org.apache.catalina.connector.CoyoteAdapter.service(CoyoteAdapter.java:343)
	at org.apache.coyote.ajp.AjpProcessor.service(AjpProcessor.java:476)
	at org.apache.coyote.AbstractProcessorLight.process(AbstractProcessorLight.java:66)
	at org.apache.coyote.AbstractProtocol$ConnectionHandler.process(AbstractProtocol.java:806)
	at org.apache.tomcat.util.net.NioEndpoint$SocketProcessor.doRun(NioEndpoint.java:1498)
	at org.apache.tomcat.util.net.SocketProcessorBase.run(SocketProcessorBase.java:49)
	at java.util.concurrent.ThreadPoolExecutor.runWorker(ThreadPoolExecutor.java:1149)
	at java.util.concurrent.ThreadPoolExecutor$Worker.run(ThreadPoolExecutor.java:624)
	at org.apache.tomcat.util.threads.TaskThread$WrappingRunnable.run(TaskThread.java:61)
	at java.lang.Thread.run(Thread.java:748)

17-Nov-2019 09:25:49.814 심각 [ajp-nio-8009-exec-6] org.apache.catalina.core.StandardWrapperValve.invoke Servlet.service() for servlet [jsp] in context with path [] threw exception [java.lang.NullPointerException] with root cause
 java.lang.NullPointerException

17-Nov-2019 09:58:05.095 심각 [ajp-nio-8009-exec-6] org.apache.catalina.core.StandardWrapperValve.invoke Servlet.service() for servlet [jsp] in context with path [] threw exception [java.lang.NullPointerException] with root cause
 java.lang.NullPointerException

17-Nov-2019 09:59:24.193 심각 [ajp-nio-8009-exec-7] org.apache.catalina.core.StandardWrapperValve.invoke Servlet.service() for servlet [jsp] in context with path [] threw exception [java.lang.NullPointerException] with root cause
 java.lang.NullPointerException

17-Nov-2019 10:11:35.916 심각 [ajp-nio-8009-exec-2] org.apache.catalina.core.StandardWrapperValve.invoke Servlet.service() for servlet [jsp] in context with path [] threw exception [java.lang.NullPointerException] with root cause
 java.lang.NullPointerException

17-Nov-2019 10:37:06.617 심각 [ajp-nio-8009-exec-4] org.apache.catalina.core.StandardWrapperValve.invoke Servlet.service() for servlet [jsp] in context with path [] threw exception [java.lang.NullPointerException] with root cause
 java.lang.NullPointerException

17-Nov-2019 10:38:23.668 심각 [ajp-nio-8009-exec-8] org.apache.catalina.core.StandardWrapperValve.invoke Servlet.service() for servlet [jsp] in context with path [] threw exception [java.lang.NullPointerException] with root cause
 java.lang.NullPointerException

17-Nov-2019 10:38:23.680 심각 [ajp-nio-8009-exec-7] org.apache.catalina.core.StandardWrapperValve.invoke Servlet.service() for servlet [jsp] in context with path [] threw exception [java.lang.NullPointerException] with root cause
 java.lang.NullPointerException

17-Nov-2019 10:41:01.556 심각 [ajp-nio-8009-exec-3] org.apache.catalina.core.StandardWrapperValve.invoke Servlet.service() for servlet [jsp] in context with path [] threw exception [java.lang.NullPointerException] with root cause
 java.lang.NullPointerException

17-Nov-2019 10:42:16.588 심각 [ajp-nio-8009-exec-7] org.apache.catalina.core.StandardWrapperValve.invoke Servlet.service() for servlet [jsp] in context with path [] threw exception [java.lang.NullPointerException] with root cause
 java.lang.NullPointerException

17-Nov-2019 10:42:16.602 심각 [ajp-nio-8009-exec-1] org.apache.catalina.core.StandardWrapperValve.invoke Servlet.service() for servlet [jsp] in context with path [] threw exception [java.lang.NullPointerException] with root cause
 java.lang.NullPointerException

17-Nov-2019 11:05:57.987 심각 [ajp-nio-8009-exec-5] org.apache.catalina.core.StandardWrapperValve.invoke Servlet.service() for servlet [jsp] in context with path [] threw exception [java.lang.NullPointerException] with root cause
 java.lang.NullPointerException

17-Nov-2019 11:08:05.063 심각 [ajp-nio-8009-exec-4] org.apache.catalina.core.StandardWrapperValve.invoke Servlet.service() for servlet [jsp] in context with path [] threw exception [java.lang.NullPointerException] with root cause
 java.lang.NullPointerException

17-Nov-2019 11:10:21.871 심각 [ajp-nio-8009-exec-6] org.apache.catalina.core.StandardWrapperValve.invoke Servlet.service() for servlet [jsp] in context with path [] threw exception [java.lang.NullPointerException] with root cause
 java.lang.NullPointerException

17-Nov-2019 11:15:37.135 심각 [ajp-nio-8009-exec-7] org.apache.catalina.core.StandardWrapperValve.invoke Servlet.service() for servlet [jsp] in context with path [] threw exception [java.lang.NullPointerException] with root cause
 java.lang.NullPointerException

17-Nov-2019 11:17:59.576 심각 [ajp-nio-8009-exec-2] org.apache.catalina.core.StandardWrapperValve.invoke Servlet.service() for servlet [jsp] in context with path [] threw exception [java.lang.NullPointerException] with root cause
 java.lang.NullPointerException

17-Nov-2019 11:26:41.483 심각 [ajp-nio-8009-exec-6] org.apache.catalina.core.StandardWrapperValve.invoke Servlet.service() for servlet [jsp] in context with path [] threw exception [java.lang.NullPointerException] with root cause
 java.lang.NullPointerException

17-Nov-2019 11:59:21.648 심각 [ajp-nio-8009-exec-1] org.apache.catalina.core.StandardWrapperValve.invoke Servlet.service() for servlet [jsp] in context with path [] threw exception [java.lang.NullPointerException] with root cause
 java.lang.NullPointerException

17-Nov-2019 11:59:23.459 심각 [ajp-nio-8009-exec-2] org.apache.catalina.core.StandardWrapperValve.invoke Servlet.service() for servlet [jsp] in context with path [] threw exception [java.lang.NullPointerException] with root cause
 java.lang.NullPointerException

17-Nov-2019 11:59:24.159 심각 [ajp-nio-8009-exec-10] org.apache.catalina.core.StandardWrapperValve.invoke Servlet.service() for servlet [jsp] in context with path [] threw exception [java.lang.NullPointerException] with root cause
 java.lang.NullPointerException

17-Nov-2019 12:02:13.830 심각 [ajp-nio-8009-exec-4] org.apache.catalina.core.StandardWrapperValve.invoke Servlet.service() for servlet [jsp] in context with path [] threw exception [java.lang.NullPointerException] with root cause
 java.lang.NullPointerException

17-Nov-2019 12:12:10.474 심각 [ajp-nio-8009-exec-1] org.apache.catalina.core.StandardWrapperValve.invoke Servlet.service() for servlet [jsp] in context with path [] threw exception [java.lang.NullPointerException] with root cause
 java.lang.NullPointerException

17-Nov-2019 12:16:14.421 심각 [ajp-nio-8009-exec-3] org.apache.catalina.core.StandardWrapperValve.invoke Servlet.service() for servlet [jsp] in context with path [] threw exception [java.lang.NullPointerException] with root cause
 java.lang.NullPointerException

17-Nov-2019 12:19:13.790 심각 [ajp-nio-8009-exec-1] org.apache.catalina.core.StandardWrapperValve.invoke Servlet.service() for servlet [jsp] in context with path [] threw exception [java.lang.NullPointerException] with root cause
 java.lang.NullPointerException

17-Nov-2019 12:19:51.713 심각 [ajp-nio-8009-exec-2] org.apache.catalina.core.StandardWrapperValve.invoke Servlet.service() for servlet [jsp] in context with path [] threw exception [java.lang.NullPointerException] with root cause
 java.lang.NullPointerException

17-Nov-2019 12:31:31.433 심각 [ajp-nio-8009-exec-6] org.apache.catalina.core.StandardWrapperValve.invoke Servlet.service() for servlet [jsp] in context with path [] threw exception [java.lang.NullPointerException] with root cause
 java.lang.NullPointerException

17-Nov-2019 12:31:32.622 심각 [ajp-nio-8009-exec-8] org.apache.catalina.core.StandardWrapperValve.invoke Servlet.service() for servlet [jsp] in context with path [] threw exception [java.lang.NullPointerException] with root cause
 java.lang.NullPointerException

17-Nov-2019 12:52:54.768 심각 [ajp-nio-8009-exec-1] org.apache.catalina.core.StandardWrapperValve.invoke Servlet.service() for servlet [jsp] in context with path [] threw exception [java.lang.NullPointerException] with root cause
 java.lang.NullPointerException

17-Nov-2019 12:54:47.267 심각 [ajp-nio-8009-exec-5] org.apache.catalina.core.StandardWrapperValve.invoke Servlet.service() for servlet [appServlet] in context with path [] threw exception [Request processing failed; nested exception is java.lang.NullPointerException] with root cause
 java.lang.NullPointerException
	at com.ktbnetwork.homepage.home.kr.news.news.controller.NewsHOKOController.view(NewsHOKOController.java:50)
	at sun.reflect.GeneratedMethodAccessor72.invoke(Unknown Source)
	at sun.reflect.DelegatingMethodAccessorImpl.invoke(DelegatingMethodAccessorImpl.java:43)
	at java.lang.reflect.Method.invoke(Method.java:498)
	at org.springframework.web.method.support.InvocableHandlerMethod.doInvoke(InvocableHandlerMethod.java:222)
	at org.springframework.web.method.support.InvocableHandlerMethod.invokeForRequest(InvocableHandlerMethod.java:137)
	at org.springframework.web.servlet.mvc.method.annotation.ServletInvocableHandlerMethod.invokeAndHandle(ServletInvocableHandlerMethod.java:110)
	at org.springframework.web.servlet.mvc.method.annotation.RequestMappingHandlerAdapter.invokeHandlerMethod(RequestMappingHandlerAdapter.java:814)
	at org.springframework.web.servlet.mvc.method.annotation.RequestMappingHandlerAdapter.handleInternal(RequestMappingHandlerAdapter.java:737)
	at org.springframework.web.servlet.mvc.method.AbstractHandlerMethodAdapter.handle(AbstractHandlerMethodAdapter.java:85)
	at org.springframework.web.servlet.DispatcherServlet.doDispatch(DispatcherServlet.java:959)
	at org.springframework.web.servlet.DispatcherServlet.doService(DispatcherServlet.java:893)
	at org.springframework.web.servlet.FrameworkServlet.processRequest(FrameworkServlet.java:970)
	at org.springframework.web.servlet.FrameworkServlet.doGet(FrameworkServlet.java:861)
	at javax.servlet.http.HttpServlet.service(HttpServlet.java:635)
	at org.springframework.web.servlet.FrameworkServlet.service(FrameworkServlet.java:846)
	at javax.servlet.http.HttpServlet.service(HttpServlet.java:742)
	at org.apache.catalina.core.ApplicationFilterChain.internalDoFilter(ApplicationFilterChain.java:231)
	at org.apache.catalina.core.ApplicationFilterChain.doFilter(ApplicationFilterChain.java:166)
	at org.apache.tomcat.websocket.server.WsFilter.doFilter(WsFilter.java:52)
	at org.apache.catalina.core.ApplicationFilterChain.internalDoFilter(ApplicationFilterChain.java:193)
	at org.apache.catalina.core.ApplicationFilterChain.doFilter(ApplicationFilterChain.java:166)
	at org.springframework.web.filter.CharacterEncodingFilter.doFilterInternal(CharacterEncodingFilter.java:121)
	at org.springframework.web.filter.OncePerRequestFilter.doFilter(OncePerRequestFilter.java:107)
	at org.apache.catalina.core.ApplicationFilterChain.internalDoFilter(ApplicationFilterChain.java:193)
	at org.apache.catalina.core.ApplicationFilterChain.doFilter(ApplicationFilterChain.java:166)
	at org.apache.catalina.core.StandardWrapperValve.invoke(StandardWrapperValve.java:199)
	at org.apache.catalina.core.StandardContextValve.invoke(StandardContextValve.java:96)
	at org.apache.catalina.authenticator.AuthenticatorBase.invoke(AuthenticatorBase.java:493)
	at org.apache.catalina.core.StandardHostValve.invoke(StandardHostValve.java:137)
	at org.apache.catalina.valves.ErrorReportValve.invoke(ErrorReportValve.java:81)
	at org.apache.catalina.valves.AbstractAccessLogValve.invoke(AbstractAccessLogValve.java:660)
	at org.apache.catalina.core.StandardEngineValve.invoke(StandardEngineValve.java:87)
	at org.apache.catalina.connector.CoyoteAdapter.service(CoyoteAdapter.java:343)
	at org.apache.coyote.ajp.AjpProcessor.service(AjpProcessor.java:476)
	at org.apache.coyote.AbstractProcessorLight.process(AbstractProcessorLight.java:66)
	at org.apache.coyote.AbstractProtocol$ConnectionHandler.process(AbstractProtocol.java:806)
	at org.apache.tomcat.util.net.NioEndpoint$SocketProcessor.doRun(NioEndpoint.java:1498)
	at org.apache.tomcat.util.net.SocketProcessorBase.run(SocketProcessorBase.java:49)
	at java.util.concurrent.ThreadPoolExecutor.runWorker(ThreadPoolExecutor.java:1149)
	at java.util.concurrent.ThreadPoolExecutor$Worker.run(ThreadPoolExecutor.java:624)
	at org.apache.tomcat.util.threads.TaskThread$WrappingRunnable.run(TaskThread.java:61)
	at java.lang.Thread.run(Thread.java:748)

17-Nov-2019 13:10:01.178 심각 [ajp-nio-8009-exec-8] org.apache.catalina.core.StandardWrapperValve.invoke Servlet.service() for servlet [jsp] in context with path [] threw exception [java.lang.NullPointerException] with root cause
 java.lang.NullPointerException

17-Nov-2019 13:11:58.296 심각 [ajp-nio-8009-exec-1] org.apache.catalina.core.StandardWrapperValve.invoke Servlet.service() for servlet [jsp] in context with path [] threw exception [java.lang.NullPointerException] with root cause
 java.lang.NullPointerException

17-Nov-2019 13:20:32.424 심각 [ajp-nio-8009-exec-9] org.apache.catalina.core.StandardWrapperValve.invoke Servlet.service() for servlet [jsp] in context with path [] threw exception [java.lang.NullPointerException] with root cause
 java.lang.NullPointerException

17-Nov-2019 13:31:52.231 심각 [ajp-nio-8009-exec-1] org.apache.catalina.core.StandardWrapperValve.invoke Servlet.service() for servlet [jsp] in context with path [] threw exception [java.lang.NullPointerException] with root cause
 java.lang.NullPointerException

17-Nov-2019 13:37:06.426 심각 [ajp-nio-8009-exec-9] org.apache.catalina.core.StandardWrapperValve.invoke Servlet.service() for servlet [jsp] in context with path [] threw exception [java.lang.NullPointerException] with root cause
 java.lang.NullPointerException

17-Nov-2019 13:38:36.562 심각 [ajp-nio-8009-exec-3] org.apache.catalina.core.StandardWrapperValve.invoke Servlet.service() for servlet [jsp] in context with path [] threw exception [java.lang.NullPointerException] with root cause
 java.lang.NullPointerException

17-Nov-2019 13:39:06.523 심각 [ajp-nio-8009-exec-6] org.apache.catalina.core.StandardWrapperValve.invoke Servlet.service() for servlet [jsp] in context with path [] threw exception [java.lang.NullPointerException] with root cause
 java.lang.NullPointerException

17-Nov-2019 13:41:59.282 심각 [ajp-nio-8009-exec-7] org.apache.catalina.core.StandardWrapperValve.invoke Servlet.service() for servlet [jsp] in context with path [] threw exception [java.lang.NullPointerException] with root cause
 java.lang.NullPointerException

17-Nov-2019 13:42:38.324 심각 [ajp-nio-8009-exec-2] org.apache.catalina.core.StandardWrapperValve.invoke Servlet.service() for servlet [jsp] in context with path [] threw exception [java.lang.NullPointerException] with root cause
 java.lang.NullPointerException

17-Nov-2019 13:43:11.733 심각 [ajp-nio-8009-exec-10] org.apache.catalina.core.StandardWrapperValve.invoke Servlet.service() for servlet [jsp] in context with path [] threw exception [java.lang.NullPointerException] with root cause
 java.lang.NullPointerException

17-Nov-2019 13:43:14.606 심각 [ajp-nio-8009-exec-5] org.apache.catalina.core.StandardWrapperValve.invoke Servlet.service() for servlet [jsp] in context with path [] threw exception [java.lang.NullPointerException] with root cause
 java.lang.NullPointerException

17-Nov-2019 13:43:18.661 심각 [ajp-nio-8009-exec-9] org.apache.catalina.core.StandardWrapperValve.invoke Servlet.service() for servlet [jsp] in context with path [] threw exception [java.lang.NullPointerException] with root cause
 java.lang.NullPointerException

17-Nov-2019 13:59:24.144 심각 [ajp-nio-8009-exec-8] org.apache.catalina.core.StandardWrapperValve.invoke Servlet.service() for servlet [jsp] in context with path [] threw exception [java.lang.NullPointerException] with root cause
 java.lang.NullPointerException

17-Nov-2019 14:09:49.353 심각 [ajp-nio-8009-exec-10] org.apache.catalina.core.StandardWrapperValve.invoke Servlet.service() for servlet [jsp] in context with path [] threw exception [java.lang.NullPointerException] with root cause
 java.lang.NullPointerException

17-Nov-2019 14:24:35.257 심각 [ajp-nio-8009-exec-6] org.apache.catalina.core.StandardWrapperValve.invoke Servlet.service() for servlet [appServlet] in context with path [] threw exception [Request processing failed; nested exception is java.lang.NullPointerException] with root cause
 java.lang.NullPointerException
	at com.ktbnetwork.homepage.home.kr.news.news.controller.NewsHOKOController.view(NewsHOKOController.java:50)
	at sun.reflect.GeneratedMethodAccessor72.invoke(Unknown Source)
	at sun.reflect.DelegatingMethodAccessorImpl.invoke(DelegatingMethodAccessorImpl.java:43)
	at java.lang.reflect.Method.invoke(Method.java:498)
	at org.springframework.web.method.support.InvocableHandlerMethod.doInvoke(InvocableHandlerMethod.java:222)
	at org.springframework.web.method.support.InvocableHandlerMethod.invokeForRequest(InvocableHandlerMethod.java:137)
	at org.springframework.web.servlet.mvc.method.annotation.ServletInvocableHandlerMethod.invokeAndHandle(ServletInvocableHandlerMethod.java:110)
	at org.springframework.web.servlet.mvc.method.annotation.RequestMappingHandlerAdapter.invokeHandlerMethod(RequestMappingHandlerAdapter.java:814)
	at org.springframework.web.servlet.mvc.method.annotation.RequestMappingHandlerAdapter.handleInternal(RequestMappingHandlerAdapter.java:737)
	at org.springframework.web.servlet.mvc.method.AbstractHandlerMethodAdapter.handle(AbstractHandlerMethodAdapter.java:85)
	at org.springframework.web.servlet.DispatcherServlet.doDispatch(DispatcherServlet.java:959)
	at org.springframework.web.servlet.DispatcherServlet.doService(DispatcherServlet.java:893)
	at org.springframework.web.servlet.FrameworkServlet.processRequest(FrameworkServlet.java:970)
	at org.springframework.web.servlet.FrameworkServlet.doGet(FrameworkServlet.java:861)
	at javax.servlet.http.HttpServlet.service(HttpServlet.java:635)
	at org.springframework.web.servlet.FrameworkServlet.service(FrameworkServlet.java:846)
	at javax.servlet.http.HttpServlet.service(HttpServlet.java:742)
	at org.apache.catalina.core.ApplicationFilterChain.internalDoFilter(ApplicationFilterChain.java:231)
	at org.apache.catalina.core.ApplicationFilterChain.doFilter(ApplicationFilterChain.java:166)
	at org.apache.tomcat.websocket.server.WsFilter.doFilter(WsFilter.java:52)
	at org.apache.catalina.core.ApplicationFilterChain.internalDoFilter(ApplicationFilterChain.java:193)
	at org.apache.catalina.core.ApplicationFilterChain.doFilter(ApplicationFilterChain.java:166)
	at org.springframework.web.filter.CharacterEncodingFilter.doFilterInternal(CharacterEncodingFilter.java:121)
	at org.springframework.web.filter.OncePerRequestFilter.doFilter(OncePerRequestFilter.java:107)
	at org.apache.catalina.core.ApplicationFilterChain.internalDoFilter(ApplicationFilterChain.java:193)
	at org.apache.catalina.core.ApplicationFilterChain.doFilter(ApplicationFilterChain.java:166)
	at org.apache.catalina.core.StandardWrapperValve.invoke(StandardWrapperValve.java:199)
	at org.apache.catalina.core.StandardContextValve.invoke(StandardContextValve.java:96)
	at org.apache.catalina.authenticator.AuthenticatorBase.invoke(AuthenticatorBase.java:493)
	at org.apache.catalina.core.StandardHostValve.invoke(StandardHostValve.java:137)
	at org.apache.catalina.valves.ErrorReportValve.invoke(ErrorReportValve.java:81)
	at org.apache.catalina.valves.AbstractAccessLogValve.invoke(AbstractAccessLogValve.java:660)
	at org.apache.catalina.core.StandardEngineValve.invoke(StandardEngineValve.java:87)
	at org.apache.catalina.connector.CoyoteAdapter.service(CoyoteAdapter.java:343)
	at org.apache.coyote.ajp.AjpProcessor.service(AjpProcessor.java:476)
	at org.apache.coyote.AbstractProcessorLight.process(AbstractProcessorLight.java:66)
	at org.apache.coyote.AbstractProtocol$ConnectionHandler.process(AbstractProtocol.java:806)
	at org.apache.tomcat.util.net.NioEndpoint$SocketProcessor.doRun(NioEndpoint.java:1498)
	at org.apache.tomcat.util.net.SocketProcessorBase.run(SocketProcessorBase.java:49)
	at java.util.concurrent.ThreadPoolExecutor.runWorker(ThreadPoolExecutor.java:1149)
	at java.util.concurrent.ThreadPoolExecutor$Worker.run(ThreadPoolExecutor.java:624)
	at org.apache.tomcat.util.threads.TaskThread$WrappingRunnable.run(TaskThread.java:61)
	at java.lang.Thread.run(Thread.java:748)

17-Nov-2019 14:43:05.978 심각 [ajp-nio-8009-exec-5] org.apache.catalina.core.StandardWrapperValve.invoke Servlet.service() for servlet [jsp] in context with path [] threw exception [java.lang.NullPointerException] with root cause
 java.lang.NullPointerException

17-Nov-2019 14:47:00.524 심각 [ajp-nio-8009-exec-4] org.apache.catalina.core.StandardWrapperValve.invoke Servlet.service() for servlet [jsp] in context with path [] threw exception [java.lang.NullPointerException] with root cause
 java.lang.NullPointerException

17-Nov-2019 14:58:29.999 심각 [ajp-nio-8009-exec-6] org.apache.catalina.core.StandardWrapperValve.invoke Servlet.service() for servlet [jsp] in context with path [] threw exception [java.lang.NullPointerException] with root cause
 java.lang.NullPointerException

17-Nov-2019 14:59:03.353 심각 [ajp-nio-8009-exec-8] org.apache.catalina.core.StandardWrapperValve.invoke Servlet.service() for servlet [jsp] in context with path [] threw exception [java.lang.NullPointerException] with root cause
 java.lang.NullPointerException

17-Nov-2019 15:09:16.853 심각 [ajp-nio-8009-exec-4] org.apache.catalina.core.StandardWrapperValve.invoke Servlet.service() for servlet [jsp] in context with path [] threw exception [java.lang.NullPointerException] with root cause
 java.lang.NullPointerException

17-Nov-2019 15:53:16.760 심각 [ajp-nio-8009-exec-6] org.apache.catalina.core.StandardWrapperValve.invoke Servlet.service() for servlet [jsp] in context with path [] threw exception [java.lang.NullPointerException] with root cause
 java.lang.NullPointerException

17-Nov-2019 15:54:09.324 심각 [ajp-nio-8009-exec-2] org.apache.catalina.core.StandardWrapperValve.invoke Servlet.service() for servlet [jsp] in context with path [] threw exception [java.lang.NullPointerException] with root cause
 java.lang.NullPointerException

17-Nov-2019 15:59:24.262 심각 [ajp-nio-8009-exec-6] org.apache.catalina.core.StandardWrapperValve.invoke Servlet.service() for servlet [jsp] in context with path [] threw exception [java.lang.NullPointerException] with root cause
 java.lang.NullPointerException

17-Nov-2019 16:12:06.691 심각 [ajp-nio-8009-exec-7] org.apache.catalina.core.StandardWrapperValve.invoke Servlet.service() for servlet [jsp] in context with path [] threw exception [java.lang.NullPointerException] with root cause
 java.lang.NullPointerException

17-Nov-2019 16:12:54.113 심각 [ajp-nio-8009-exec-1] org.apache.catalina.core.StandardWrapperValve.invoke Servlet.service() for servlet [jsp] in context with path [] threw exception [java.lang.NullPointerException] with root cause
 java.lang.NullPointerException

17-Nov-2019 16:14:07.519 심각 [ajp-nio-8009-exec-9] org.apache.catalina.core.StandardWrapperValve.invoke Servlet.service() for servlet [jsp] in context with path [] threw exception [java.lang.NullPointerException] with root cause
 java.lang.NullPointerException

17-Nov-2019 16:18:37.581 심각 [ajp-nio-8009-exec-6] org.apache.catalina.core.StandardWrapperValve.invoke Servlet.service() for servlet [jsp] in context with path [] threw exception [java.lang.NullPointerException] with root cause
 java.lang.NullPointerException

17-Nov-2019 16:22:47.329 심각 [ajp-nio-8009-exec-2] org.apache.catalina.core.StandardWrapperValve.invoke Servlet.service() for servlet [jsp] in context with path [] threw exception [java.lang.NullPointerException] with root cause
 java.lang.NullPointerException

17-Nov-2019 16:26:05.253 심각 [ajp-nio-8009-exec-5] org.apache.catalina.core.StandardWrapperValve.invoke Servlet.service() for servlet [jsp] in context with path [] threw exception [java.lang.NullPointerException] with root cause
 java.lang.NullPointerException

17-Nov-2019 16:31:02.939 심각 [ajp-nio-8009-exec-1] org.apache.catalina.core.StandardWrapperValve.invoke Servlet.service() for servlet [jsp] in context with path [] threw exception [java.lang.NullPointerException] with root cause
 java.lang.NullPointerException

17-Nov-2019 16:31:14.893 심각 [ajp-nio-8009-exec-10] org.apache.catalina.core.StandardWrapperValve.invoke Servlet.service() for servlet [appServlet] in context with path [] threw exception [Request processing failed; nested exception is java.lang.NullPointerException] with root cause
 java.lang.NullPointerException
	at com.ktbnetwork.homepage.home.kr.news.news.controller.NewsHOKOController.view(NewsHOKOController.java:50)
	at sun.reflect.GeneratedMethodAccessor72.invoke(Unknown Source)
	at sun.reflect.DelegatingMethodAccessorImpl.invoke(DelegatingMethodAccessorImpl.java:43)
	at java.lang.reflect.Method.invoke(Method.java:498)
	at org.springframework.web.method.support.InvocableHandlerMethod.doInvoke(InvocableHandlerMethod.java:222)
	at org.springframework.web.method.support.InvocableHandlerMethod.invokeForRequest(InvocableHandlerMethod.java:137)
	at org.springframework.web.servlet.mvc.method.annotation.ServletInvocableHandlerMethod.invokeAndHandle(ServletInvocableHandlerMethod.java:110)
	at org.springframework.web.servlet.mvc.method.annotation.RequestMappingHandlerAdapter.invokeHandlerMethod(RequestMappingHandlerAdapter.java:814)
	at org.springframework.web.servlet.mvc.method.annotation.RequestMappingHandlerAdapter.handleInternal(RequestMappingHandlerAdapter.java:737)
	at org.springframework.web.servlet.mvc.method.AbstractHandlerMethodAdapter.handle(AbstractHandlerMethodAdapter.java:85)
	at org.springframework.web.servlet.DispatcherServlet.doDispatch(DispatcherServlet.java:959)
	at org.springframework.web.servlet.DispatcherServlet.doService(DispatcherServlet.java:893)
	at org.springframework.web.servlet.FrameworkServlet.processRequest(FrameworkServlet.java:970)
	at org.springframework.web.servlet.FrameworkServlet.doGet(FrameworkServlet.java:861)
	at javax.servlet.http.HttpServlet.service(HttpServlet.java:635)
	at org.springframework.web.servlet.FrameworkServlet.service(FrameworkServlet.java:846)
	at javax.servlet.http.HttpServlet.service(HttpServlet.java:742)
	at org.apache.catalina.core.ApplicationFilterChain.internalDoFilter(ApplicationFilterChain.java:231)
	at org.apache.catalina.core.ApplicationFilterChain.doFilter(ApplicationFilterChain.java:166)
	at org.apache.tomcat.websocket.server.WsFilter.doFilter(WsFilter.java:52)
	at org.apache.catalina.core.ApplicationFilterChain.internalDoFilter(ApplicationFilterChain.java:193)
	at org.apache.catalina.core.ApplicationFilterChain.doFilter(ApplicationFilterChain.java:166)
	at org.springframework.web.filter.CharacterEncodingFilter.doFilterInternal(CharacterEncodingFilter.java:121)
	at org.springframework.web.filter.OncePerRequestFilter.doFilter(OncePerRequestFilter.java:107)
	at org.apache.catalina.core.ApplicationFilterChain.internalDoFilter(ApplicationFilterChain.java:193)
	at org.apache.catalina.core.ApplicationFilterChain.doFilter(ApplicationFilterChain.java:166)
	at org.apache.catalina.core.StandardWrapperValve.invoke(StandardWrapperValve.java:199)
	at org.apache.catalina.core.StandardContextValve.invoke(StandardContextValve.java:96)
	at org.apache.catalina.authenticator.AuthenticatorBase.invoke(AuthenticatorBase.java:493)
	at org.apache.catalina.core.StandardHostValve.invoke(StandardHostValve.java:137)
	at org.apache.catalina.valves.ErrorReportValve.invoke(ErrorReportValve.java:81)
	at org.apache.catalina.valves.AbstractAccessLogValve.invoke(AbstractAccessLogValve.java:660)
	at org.apache.catalina.core.StandardEngineValve.invoke(StandardEngineValve.java:87)
	at org.apache.catalina.connector.CoyoteAdapter.service(CoyoteAdapter.java:343)
	at org.apache.coyote.ajp.AjpProcessor.service(AjpProcessor.java:476)
	at org.apache.coyote.AbstractProcessorLight.process(AbstractProcessorLight.java:66)
	at org.apache.coyote.AbstractProtocol$ConnectionHandler.process(AbstractProtocol.java:806)
	at org.apache.tomcat.util.net.NioEndpoint$SocketProcessor.doRun(NioEndpoint.java:1498)
	at org.apache.tomcat.util.net.SocketProcessorBase.run(SocketProcessorBase.java:49)
	at java.util.concurrent.ThreadPoolExecutor.runWorker(ThreadPoolExecutor.java:1149)
	at java.util.concurrent.ThreadPoolExecutor$Worker.run(ThreadPoolExecutor.java:624)
	at org.apache.tomcat.util.threads.TaskThread$WrappingRunnable.run(TaskThread.java:61)
	at java.lang.Thread.run(Thread.java:748)

17-Nov-2019 16:41:32.453 심각 [ajp-nio-8009-exec-5] org.apache.catalina.core.StandardWrapperValve.invoke Servlet.service() for servlet [jsp] in context with path [] threw exception [java.lang.NullPointerException] with root cause
 java.lang.NullPointerException

17-Nov-2019 16:45:40.687 심각 [ajp-nio-8009-exec-4] org.apache.catalina.core.StandardWrapperValve.invoke Servlet.service() for servlet [jsp] in context with path [] threw exception [java.lang.NullPointerException] with root cause
 java.lang.NullPointerException

17-Nov-2019 16:45:42.075 심각 [ajp-nio-8009-exec-3] org.apache.catalina.core.StandardWrapperValve.invoke Servlet.service() for servlet [jsp] in context with path [] threw exception [java.lang.NullPointerException] with root cause
 java.lang.NullPointerException

17-Nov-2019 16:50:11.868 심각 [ajp-nio-8009-exec-8] org.apache.catalina.core.StandardWrapperValve.invoke Servlet.service() for servlet [jsp] in context with path [] threw exception [java.lang.NullPointerException] with root cause
 java.lang.NullPointerException

17-Nov-2019 17:08:08.545 심각 [ajp-nio-8009-exec-3] org.apache.catalina.core.StandardWrapperValve.invoke Servlet.service() for servlet [jsp] in context with path [] threw exception [java.lang.NullPointerException] with root cause
 java.lang.NullPointerException

17-Nov-2019 17:30:55.724 심각 [ajp-nio-8009-exec-4] org.apache.catalina.core.StandardWrapperValve.invoke Servlet.service() for servlet [jsp] in context with path [] threw exception [java.lang.NullPointerException] with root cause
 java.lang.NullPointerException

17-Nov-2019 17:32:00.418 심각 [ajp-nio-8009-exec-6] org.apache.catalina.core.StandardWrapperValve.invoke Servlet.service() for servlet [jsp] in context with path [] threw exception [java.lang.NullPointerException] with root cause
 java.lang.NullPointerException

17-Nov-2019 17:40:10.160 심각 [ajp-nio-8009-exec-4] org.apache.catalina.core.StandardWrapperValve.invoke Servlet.service() for servlet [jsp] in context with path [] threw exception [java.lang.NullPointerException] with root cause
 java.lang.NullPointerException

17-Nov-2019 17:43:08.290 심각 [ajp-nio-8009-exec-8] org.apache.catalina.core.StandardWrapperValve.invoke Servlet.service() for servlet [jsp] in context with path [] threw exception [java.lang.NullPointerException] with root cause
 java.lang.NullPointerException

17-Nov-2019 17:49:04.764 심각 [ajp-nio-8009-exec-2] org.apache.catalina.core.StandardWrapperValve.invoke Servlet.service() for servlet [jsp] in context with path [] threw exception [java.lang.NullPointerException] with root cause
 java.lang.NullPointerException

17-Nov-2019 17:59:24.211 심각 [ajp-nio-8009-exec-1] org.apache.catalina.core.StandardWrapperValve.invoke Servlet.service() for servlet [jsp] in context with path [] threw exception [java.lang.NullPointerException] with root cause
 java.lang.NullPointerException

17-Nov-2019 18:11:04.542 심각 [ajp-nio-8009-exec-10] org.apache.catalina.core.StandardWrapperValve.invoke Servlet.service() for servlet [appServlet] in context with path [] threw exception [Request processing failed; nested exception is java.lang.NullPointerException] with root cause
 java.lang.NullPointerException

17-Nov-2019 18:11:24.754 심각 [ajp-nio-8009-exec-9] org.apache.catalina.core.StandardWrapperValve.invoke Servlet.service() for servlet [appServlet] in context with path [] threw exception [Request processing failed; nested exception is java.lang.NullPointerException] with root cause
 java.lang.NullPointerException

17-Nov-2019 18:21:55.919 심각 [ajp-nio-8009-exec-1] org.apache.catalina.core.StandardWrapperValve.invoke Servlet.service() for servlet [jsp] in context with path [] threw exception [java.lang.NullPointerException] with root cause
 java.lang.NullPointerException

17-Nov-2019 18:33:16.219 심각 [ajp-nio-8009-exec-5] org.apache.catalina.core.StandardWrapperValve.invoke Servlet.service() for servlet [jsp] in context with path [] threw exception [java.lang.NullPointerException] with root cause
 java.lang.NullPointerException

17-Nov-2019 18:41:35.789 심각 [ajp-nio-8009-exec-3] org.apache.catalina.core.StandardWrapperValve.invoke Servlet.service() for servlet [jsp] in context with path [] threw exception [java.lang.NullPointerException] with root cause
 java.lang.NullPointerException

17-Nov-2019 18:44:02.510 심각 [ajp-nio-8009-exec-8] org.apache.catalina.core.StandardWrapperValve.invoke Servlet.service() for servlet [jsp] in context with path [] threw exception [java.lang.NullPointerException] with root cause
 java.lang.NullPointerException

17-Nov-2019 19:00:25.645 심각 [ajp-nio-8009-exec-1] org.apache.catalina.core.StandardWrapperValve.invoke Servlet.service() for servlet [jsp] in context with path [] threw exception [java.lang.NullPointerException] with root cause
 java.lang.NullPointerException

17-Nov-2019 19:03:23.981 심각 [ajp-nio-8009-exec-9] org.apache.catalina.core.StandardWrapperValve.invoke Servlet.service() for servlet [jsp] in context with path [] threw exception [java.lang.NullPointerException] with root cause
 java.lang.NullPointerException

17-Nov-2019 19:04:08.894 심각 [ajp-nio-8009-exec-4] org.apache.catalina.core.StandardWrapperValve.invoke Servlet.service() for servlet [jsp] in context with path [] threw exception [java.lang.NullPointerException] with root cause
 java.lang.NullPointerException

17-Nov-2019 19:05:02.166 심각 [ajp-nio-8009-exec-3] org.apache.catalina.core.StandardWrapperValve.invoke Servlet.service() for servlet [jsp] in context with path [] threw exception [java.lang.NullPointerException] with root cause
 java.lang.NullPointerException

17-Nov-2019 19:05:02.908 심각 [ajp-nio-8009-exec-6] org.apache.catalina.core.StandardWrapperValve.invoke Servlet.service() for servlet [jsp] in context with path [] threw exception [java.lang.NullPointerException] with root cause
 java.lang.NullPointerException

17-Nov-2019 19:05:03.526 심각 [ajp-nio-8009-exec-8] org.apache.catalina.core.StandardWrapperValve.invoke Servlet.service() for servlet [jsp] in context with path [] threw exception [java.lang.NullPointerException] with root cause
 java.lang.NullPointerException

17-Nov-2019 19:05:04.136 심각 [ajp-nio-8009-exec-7] org.apache.catalina.core.StandardWrapperValve.invoke Servlet.service() for servlet [jsp] in context with path [] threw exception [java.lang.NullPointerException] with root cause
 java.lang.NullPointerException

17-Nov-2019 19:05:04.746 심각 [ajp-nio-8009-exec-1] org.apache.catalina.core.StandardWrapperValve.invoke Servlet.service() for servlet [jsp] in context with path [] threw exception [java.lang.NullPointerException] with root cause
 java.lang.NullPointerException

17-Nov-2019 19:05:05.363 심각 [ajp-nio-8009-exec-2] org.apache.catalina.core.StandardWrapperValve.invoke Servlet.service() for servlet [jsp] in context with path [] threw exception [java.lang.NullPointerException] with root cause
 java.lang.NullPointerException

17-Nov-2019 19:05:06.004 심각 [ajp-nio-8009-exec-10] org.apache.catalina.core.StandardWrapperValve.invoke Servlet.service() for servlet [jsp] in context with path [] threw exception [java.lang.NullPointerException] with root cause
 java.lang.NullPointerException

17-Nov-2019 19:05:06.612 심각 [ajp-nio-8009-exec-5] org.apache.catalina.core.StandardWrapperValve.invoke Servlet.service() for servlet [jsp] in context with path [] threw exception [java.lang.NullPointerException] with root cause
 java.lang.NullPointerException

17-Nov-2019 19:05:07.235 심각 [ajp-nio-8009-exec-9] org.apache.catalina.core.StandardWrapperValve.invoke Servlet.service() for servlet [jsp] in context with path [] threw exception [java.lang.NullPointerException] with root cause
 java.lang.NullPointerException

17-Nov-2019 19:05:07.855 심각 [ajp-nio-8009-exec-4] org.apache.catalina.core.StandardWrapperValve.invoke Servlet.service() for servlet [jsp] in context with path [] threw exception [java.lang.NullPointerException] with root cause
 java.lang.NullPointerException

17-Nov-2019 19:05:08.467 심각 [ajp-nio-8009-exec-3] org.apache.catalina.core.StandardWrapperValve.invoke Servlet.service() for servlet [jsp] in context with path [] threw exception [java.lang.NullPointerException] with root cause
 java.lang.NullPointerException

17-Nov-2019 19:05:09.097 심각 [ajp-nio-8009-exec-6] org.apache.catalina.core.StandardWrapperValve.invoke Servlet.service() for servlet [jsp] in context with path [] threw exception [java.lang.NullPointerException] with root cause
 java.lang.NullPointerException

17-Nov-2019 19:05:09.743 심각 [ajp-nio-8009-exec-8] org.apache.catalina.core.StandardWrapperValve.invoke Servlet.service() for servlet [jsp] in context with path [] threw exception [java.lang.NullPointerException] with root cause
 java.lang.NullPointerException

17-Nov-2019 19:05:10.383 심각 [ajp-nio-8009-exec-7] org.apache.catalina.core.StandardWrapperValve.invoke Servlet.service() for servlet [jsp] in context with path [] threw exception [java.lang.NullPointerException] with root cause
 java.lang.NullPointerException

17-Nov-2019 19:05:11.002 심각 [ajp-nio-8009-exec-1] org.apache.catalina.core.StandardWrapperValve.invoke Servlet.service() for servlet [jsp] in context with path [] threw exception [java.lang.NullPointerException] with root cause
 java.lang.NullPointerException

17-Nov-2019 19:05:11.674 심각 [ajp-nio-8009-exec-2] org.apache.catalina.core.StandardWrapperValve.invoke Servlet.service() for servlet [jsp] in context with path [] threw exception [java.lang.NullPointerException] with root cause
 java.lang.NullPointerException

17-Nov-2019 19:05:12.308 심각 [ajp-nio-8009-exec-10] org.apache.catalina.core.StandardWrapperValve.invoke Servlet.service() for servlet [jsp] in context with path [] threw exception [java.lang.NullPointerException] with root cause
 java.lang.NullPointerException

17-Nov-2019 19:05:12.932 심각 [ajp-nio-8009-exec-5] org.apache.catalina.core.StandardWrapperValve.invoke Servlet.service() for servlet [jsp] in context with path [] threw exception [java.lang.NullPointerException] with root cause
 java.lang.NullPointerException

17-Nov-2019 19:05:13.587 심각 [ajp-nio-8009-exec-9] org.apache.catalina.core.StandardWrapperValve.invoke Servlet.service() for servlet [jsp] in context with path [] threw exception [java.lang.NullPointerException] with root cause
 java.lang.NullPointerException

17-Nov-2019 19:05:14.229 심각 [ajp-nio-8009-exec-4] org.apache.catalina.core.StandardWrapperValve.invoke Servlet.service() for servlet [jsp] in context with path [] threw exception [java.lang.NullPointerException] with root cause
 java.lang.NullPointerException

17-Nov-2019 19:05:14.881 심각 [ajp-nio-8009-exec-3] org.apache.catalina.core.StandardWrapperValve.invoke Servlet.service() for servlet [jsp] in context with path [] threw exception [java.lang.NullPointerException] with root cause
 java.lang.NullPointerException

17-Nov-2019 19:05:15.495 심각 [ajp-nio-8009-exec-6] org.apache.catalina.core.StandardWrapperValve.invoke Servlet.service() for servlet [jsp] in context with path [] threw exception [java.lang.NullPointerException] with root cause
 java.lang.NullPointerException

17-Nov-2019 19:05:16.131 심각 [ajp-nio-8009-exec-8] org.apache.catalina.core.StandardWrapperValve.invoke Servlet.service() for servlet [jsp] in context with path [] threw exception [java.lang.NullPointerException] with root cause
 java.lang.NullPointerException

17-Nov-2019 19:05:16.774 심각 [ajp-nio-8009-exec-7] org.apache.catalina.core.StandardWrapperValve.invoke Servlet.service() for servlet [jsp] in context with path [] threw exception [java.lang.NullPointerException] with root cause
 java.lang.NullPointerException

17-Nov-2019 19:05:17.428 심각 [ajp-nio-8009-exec-1] org.apache.catalina.core.StandardWrapperValve.invoke Servlet.service() for servlet [jsp] in context with path [] threw exception [java.lang.NullPointerException] with root cause
 java.lang.NullPointerException

17-Nov-2019 19:05:18.073 심각 [ajp-nio-8009-exec-2] org.apache.catalina.core.StandardWrapperValve.invoke Servlet.service() for servlet [jsp] in context with path [] threw exception [java.lang.NullPointerException] with root cause
 java.lang.NullPointerException

17-Nov-2019 19:05:18.718 심각 [ajp-nio-8009-exec-10] org.apache.catalina.core.StandardWrapperValve.invoke Servlet.service() for servlet [jsp] in context with path [] threw exception [java.lang.NullPointerException] with root cause
 java.lang.NullPointerException

17-Nov-2019 19:05:19.352 심각 [ajp-nio-8009-exec-5] org.apache.catalina.core.StandardWrapperValve.invoke Servlet.service() for servlet [jsp] in context with path [] threw exception [java.lang.NullPointerException] with root cause
 java.lang.NullPointerException

17-Nov-2019 19:05:19.983 심각 [ajp-nio-8009-exec-9] org.apache.catalina.core.StandardWrapperValve.invoke Servlet.service() for servlet [jsp] in context with path [] threw exception [java.lang.NullPointerException] with root cause
 java.lang.NullPointerException

17-Nov-2019 19:05:20.612 심각 [ajp-nio-8009-exec-4] org.apache.catalina.core.StandardWrapperValve.invoke Servlet.service() for servlet [jsp] in context with path [] threw exception [java.lang.NullPointerException] with root cause
 java.lang.NullPointerException

17-Nov-2019 19:05:21.266 심각 [ajp-nio-8009-exec-3] org.apache.catalina.core.StandardWrapperValve.invoke Servlet.service() for servlet [jsp] in context with path [] threw exception [java.lang.NullPointerException] with root cause
 java.lang.NullPointerException

17-Nov-2019 19:05:21.905 심각 [ajp-nio-8009-exec-6] org.apache.catalina.core.StandardWrapperValve.invoke Servlet.service() for servlet [jsp] in context with path [] threw exception [java.lang.NullPointerException] with root cause
 java.lang.NullPointerException

17-Nov-2019 19:05:22.510 심각 [ajp-nio-8009-exec-8] org.apache.catalina.core.StandardWrapperValve.invoke Servlet.service() for servlet [jsp] in context with path [] threw exception [java.lang.NullPointerException] with root cause
 java.lang.NullPointerException

17-Nov-2019 19:05:23.135 심각 [ajp-nio-8009-exec-7] org.apache.catalina.core.StandardWrapperValve.invoke Servlet.service() for servlet [jsp] in context with path [] threw exception [java.lang.NullPointerException] with root cause
 java.lang.NullPointerException

17-Nov-2019 19:05:23.780 심각 [ajp-nio-8009-exec-1] org.apache.catalina.core.StandardWrapperValve.invoke Servlet.service() for servlet [jsp] in context with path [] threw exception [java.lang.NullPointerException] with root cause
 java.lang.NullPointerException

17-Nov-2019 19:05:24.412 심각 [ajp-nio-8009-exec-2] org.apache.catalina.core.StandardWrapperValve.invoke Servlet.service() for servlet [jsp] in context with path [] threw exception [java.lang.NullPointerException] with root cause
 java.lang.NullPointerException

17-Nov-2019 19:05:25.038 심각 [ajp-nio-8009-exec-10] org.apache.catalina.core.StandardWrapperValve.invoke Servlet.service() for servlet [jsp] in context with path [] threw exception [java.lang.NullPointerException] with root cause
 java.lang.NullPointerException

17-Nov-2019 19:05:25.678 심각 [ajp-nio-8009-exec-5] org.apache.catalina.core.StandardWrapperValve.invoke Servlet.service() for servlet [jsp] in context with path [] threw exception [java.lang.NullPointerException] with root cause
 java.lang.NullPointerException

17-Nov-2019 19:05:26.320 심각 [ajp-nio-8009-exec-9] org.apache.catalina.core.StandardWrapperValve.invoke Servlet.service() for servlet [jsp] in context with path [] threw exception [java.lang.NullPointerException] with root cause
 java.lang.NullPointerException

17-Nov-2019 19:24:24.968 심각 [ajp-nio-8009-exec-5] org.apache.catalina.core.StandardWrapperValve.invoke Servlet.service() for servlet [jsp] in context with path [] threw exception [java.lang.NullPointerException] with root cause
 java.lang.NullPointerException

17-Nov-2019 19:29:48.130 심각 [ajp-nio-8009-exec-4] org.apache.catalina.core.StandardWrapperValve.invoke Servlet.service() for servlet [jsp] in context with path [] threw exception [java.lang.NullPointerException] with root cause
 java.lang.NullPointerException

17-Nov-2019 19:29:52.159 심각 [ajp-nio-8009-exec-3] org.apache.catalina.core.StandardWrapperValve.invoke Servlet.service() for servlet [jsp] in context with path [] threw exception [java.lang.NullPointerException] with root cause
 java.lang.NullPointerException

17-Nov-2019 19:29:57.519 심각 [ajp-nio-8009-exec-6] org.apache.catalina.core.StandardWrapperValve.invoke Servlet.service() for servlet [jsp] in context with path [] threw exception [java.lang.NullPointerException] with root cause
 java.lang.NullPointerException

17-Nov-2019 19:39:22.344 심각 [ajp-nio-8009-exec-2] org.apache.catalina.core.StandardWrapperValve.invoke Servlet.service() for servlet [jsp] in context with path [] threw exception [java.lang.NullPointerException] with root cause
 java.lang.NullPointerException

17-Nov-2019 19:39:26.925 심각 [ajp-nio-8009-exec-10] org.apache.catalina.core.StandardWrapperValve.invoke Servlet.service() for servlet [jsp] in context with path [] threw exception [java.lang.NullPointerException] with root cause
 java.lang.NullPointerException

17-Nov-2019 19:59:22.234 심각 [ajp-nio-8009-exec-4] org.apache.catalina.core.StandardWrapperValve.invoke Servlet.service() for servlet [jsp] in context with path [] threw exception [java.lang.NullPointerException] with root cause
 java.lang.NullPointerException

17-Nov-2019 19:59:24.312 심각 [ajp-nio-8009-exec-3] org.apache.catalina.core.StandardWrapperValve.invoke Servlet.service() for servlet [jsp] in context with path [] threw exception [java.lang.NullPointerException] with root cause
 java.lang.NullPointerException

17-Nov-2019 20:00:30.092 심각 [ajp-nio-8009-exec-7] org.apache.catalina.core.StandardWrapperValve.invoke Servlet.service() for servlet [jsp] in context with path [] threw exception [java.lang.NullPointerException] with root cause
 java.lang.NullPointerException

17-Nov-2019 20:01:19.016 심각 [ajp-nio-8009-exec-1] org.apache.catalina.core.StandardWrapperValve.invoke Servlet.service() for servlet [jsp] in context with path [] threw exception [java.lang.NullPointerException] with root cause
 java.lang.NullPointerException

17-Nov-2019 20:08:04.707 심각 [ajp-nio-8009-exec-4] org.apache.catalina.core.StandardWrapperValve.invoke Servlet.service() for servlet [jsp] in context with path [] threw exception [java.lang.NullPointerException] with root cause
 java.lang.NullPointerException

17-Nov-2019 20:12:36.020 심각 [ajp-nio-8009-exec-5] org.apache.catalina.core.StandardWrapperValve.invoke Servlet.service() for servlet [jsp] in context with path [] threw exception [java.lang.NullPointerException] with root cause
 java.lang.NullPointerException

17-Nov-2019 20:12:36.048 심각 [ajp-nio-8009-exec-9] org.apache.catalina.core.StandardWrapperValve.invoke Servlet.service() for servlet [jsp] in context with path [] threw exception [java.lang.NullPointerException] with root cause
 java.lang.NullPointerException

17-Nov-2019 20:12:42.727 심각 [ajp-nio-8009-exec-7] org.apache.catalina.core.StandardWrapperValve.invoke Servlet.service() for servlet [jsp] in context with path [] threw exception [java.lang.NullPointerException] with root cause
 java.lang.NullPointerException

17-Nov-2019 20:12:42.753 심각 [ajp-nio-8009-exec-1] org.apache.catalina.core.StandardWrapperValve.invoke Servlet.service() for servlet [jsp] in context with path [] threw exception [java.lang.NullPointerException] with root cause
 java.lang.NullPointerException

17-Nov-2019 20:12:57.721 심각 [ajp-nio-8009-exec-10] org.apache.catalina.core.StandardWrapperValve.invoke Servlet.service() for servlet [jsp] in context with path [] threw exception [java.lang.NullPointerException] with root cause
 java.lang.NullPointerException

17-Nov-2019 20:13:03.960 심각 [ajp-nio-8009-exec-4] org.apache.catalina.core.StandardWrapperValve.invoke Servlet.service() for servlet [jsp] in context with path [] threw exception [java.lang.NullPointerException] with root cause
 java.lang.NullPointerException

17-Nov-2019 20:13:20.355 심각 [ajp-nio-8009-exec-4] org.apache.catalina.core.StandardWrapperValve.invoke Servlet.service() for servlet [jsp] in context with path [] threw exception [java.lang.NullPointerException] with root cause
 java.lang.NullPointerException

17-Nov-2019 20:28:05.146 심각 [ajp-nio-8009-exec-2] org.apache.catalina.core.StandardWrapperValve.invoke Servlet.service() for servlet [jsp] in context with path [] threw exception [java.lang.NullPointerException] with root cause
 java.lang.NullPointerException

17-Nov-2019 20:34:26.798 심각 [ajp-nio-8009-exec-6] org.apache.catalina.core.StandardWrapperValve.invoke Servlet.service() for servlet [jsp] in context with path [] threw exception [java.lang.NullPointerException] with root cause
 java.lang.NullPointerException

17-Nov-2019 20:38:20.493 심각 [ajp-nio-8009-exec-2] org.apache.catalina.core.StandardWrapperValve.invoke Servlet.service() for servlet [jsp] in context with path [] threw exception [java.lang.NullPointerException] with root cause
 java.lang.NullPointerException

17-Nov-2019 20:46:32.013 심각 [ajp-nio-8009-exec-9] org.apache.catalina.core.StandardWrapperValve.invoke Servlet.service() for servlet [jsp] in context with path [] threw exception [java.lang.NullPointerException] with root cause
 java.lang.NullPointerException

17-Nov-2019 20:54:51.804 심각 [ajp-nio-8009-exec-5] org.apache.catalina.core.StandardWrapperValve.invoke Servlet.service() for servlet [jsp] in context with path [] threw exception [java.lang.NullPointerException] with root cause
 java.lang.NullPointerException

17-Nov-2019 21:12:04.358 심각 [ajp-nio-8009-exec-5] org.apache.catalina.core.StandardWrapperValve.invoke Servlet.service() for servlet [jsp] in context with path [] threw exception [java.lang.NullPointerException] with root cause
 java.lang.NullPointerException

17-Nov-2019 21:49:07.677 심각 [ajp-nio-8009-exec-10] org.apache.catalina.core.StandardWrapperValve.invoke Servlet.service() for servlet [appServlet] in context with path [] threw exception [Request processing failed; nested exception is java.lang.NullPointerException] with root cause
 java.lang.NullPointerException

17-Nov-2019 21:50:13.996 심각 [ajp-nio-8009-exec-4] org.apache.catalina.core.StandardWrapperValve.invoke Servlet.service() for servlet [appServlet] in context with path [] threw exception [Request processing failed; nested exception is java.lang.NullPointerException] with root cause
 java.lang.NullPointerException

17-Nov-2019 21:52:39.253 심각 [ajp-nio-8009-exec-8] org.apache.catalina.core.StandardWrapperValve.invoke Servlet.service() for servlet [jsp] in context with path [] threw exception [java.lang.NullPointerException] with root cause
 java.lang.NullPointerException

17-Nov-2019 21:59:13.122 심각 [ajp-nio-8009-exec-4] org.apache.catalina.core.StandardWrapperValve.invoke Servlet.service() for servlet [jsp] in context with path [] threw exception [java.lang.NullPointerException] with root cause
 java.lang.NullPointerException

17-Nov-2019 21:59:24.143 심각 [ajp-nio-8009-exec-6] org.apache.catalina.core.StandardWrapperValve.invoke Servlet.service() for servlet [jsp] in context with path [] threw exception [java.lang.NullPointerException] with root cause
 java.lang.NullPointerException

17-Nov-2019 22:03:43.969 심각 [ajp-nio-8009-exec-7] org.apache.catalina.core.StandardWrapperValve.invoke Servlet.service() for servlet [jsp] in context with path [] threw exception [java.lang.NullPointerException] with root cause
 java.lang.NullPointerException

17-Nov-2019 22:04:23.318 심각 [ajp-nio-8009-exec-2] org.apache.catalina.core.StandardWrapperValve.invoke Servlet.service() for servlet [jsp] in context with path [] threw exception [java.lang.NullPointerException] with root cause
 java.lang.NullPointerException

17-Nov-2019 22:05:09.790 심각 [ajp-nio-8009-exec-9] org.apache.catalina.core.StandardWrapperValve.invoke Servlet.service() for servlet [jsp] in context with path [] threw exception [java.lang.NullPointerException] with root cause
 java.lang.NullPointerException

17-Nov-2019 22:08:18.483 심각 [ajp-nio-8009-exec-3] org.apache.catalina.core.StandardWrapperValve.invoke Servlet.service() for servlet [jsp] in context with path [] threw exception [java.lang.NullPointerException] with root cause
 java.lang.NullPointerException

17-Nov-2019 22:15:02.622 심각 [ajp-nio-8009-exec-9] org.apache.catalina.core.StandardWrapperValve.invoke Servlet.service() for servlet [jsp] in context with path [] threw exception [java.lang.NullPointerException] with root cause
 java.lang.NullPointerException

17-Nov-2019 22:17:23.779 심각 [ajp-nio-8009-exec-6] org.apache.catalina.core.StandardWrapperValve.invoke Servlet.service() for servlet [jsp] in context with path [] threw exception [java.lang.NullPointerException] with root cause
 java.lang.NullPointerException

17-Nov-2019 22:18:25.633 심각 [ajp-nio-8009-exec-7] org.apache.catalina.core.StandardWrapperValve.invoke Servlet.service() for servlet [jsp] in context with path [] threw exception [java.lang.NullPointerException] with root cause
 java.lang.NullPointerException

17-Nov-2019 22:20:20.772 심각 [ajp-nio-8009-exec-5] org.apache.catalina.core.StandardWrapperValve.invoke Servlet.service() for servlet [jsp] in context with path [] threw exception [java.lang.NullPointerException] with root cause
 java.lang.NullPointerException

17-Nov-2019 22:21:01.302 심각 [ajp-nio-8009-exec-4] org.apache.catalina.core.StandardWrapperValve.invoke Servlet.service() for servlet [jsp] in context with path [] threw exception [java.lang.NullPointerException] with root cause
 java.lang.NullPointerException

17-Nov-2019 22:21:05.501 심각 [ajp-nio-8009-exec-6] org.apache.catalina.core.StandardWrapperValve.invoke Servlet.service() for servlet [jsp] in context with path [] threw exception [java.lang.NullPointerException] with root cause
 java.lang.NullPointerException

17-Nov-2019 22:21:07.554 심각 [ajp-nio-8009-exec-7] org.apache.catalina.core.StandardWrapperValve.invoke Servlet.service() for servlet [jsp] in context with path [] threw exception [java.lang.NullPointerException] with root cause
 java.lang.NullPointerException

17-Nov-2019 22:21:09.676 심각 [ajp-nio-8009-exec-2] org.apache.catalina.core.StandardWrapperValve.invoke Servlet.service() for servlet [jsp] in context with path [] threw exception [java.lang.NullPointerException] with root cause
 java.lang.NullPointerException

17-Nov-2019 22:21:11.444 심각 [ajp-nio-8009-exec-5] org.apache.catalina.core.StandardWrapperValve.invoke Servlet.service() for servlet [jsp] in context with path [] threw exception [java.lang.NullPointerException] with root cause
 java.lang.NullPointerException

17-Nov-2019 22:21:13.232 심각 [ajp-nio-8009-exec-4] org.apache.catalina.core.StandardWrapperValve.invoke Servlet.service() for servlet [jsp] in context with path [] threw exception [java.lang.NullPointerException] with root cause
 java.lang.NullPointerException

17-Nov-2019 22:21:14.986 심각 [ajp-nio-8009-exec-6] org.apache.catalina.core.StandardWrapperValve.invoke Servlet.service() for servlet [jsp] in context with path [] threw exception [java.lang.NullPointerException] with root cause
 java.lang.NullPointerException

17-Nov-2019 22:29:15.530 심각 [ajp-nio-8009-exec-5] org.apache.catalina.core.StandardWrapperValve.invoke Servlet.service() for servlet [jsp] in context with path [] threw exception [java.lang.NullPointerException] with root cause
 java.lang.NullPointerException

17-Nov-2019 22:43:29.159 심각 [ajp-nio-8009-exec-8] org.apache.catalina.core.StandardWrapperValve.invoke Servlet.service() for servlet [jsp] in context with path [] threw exception [java.lang.NullPointerException] with root cause
 java.lang.NullPointerException

17-Nov-2019 22:44:58.261 심각 [ajp-nio-8009-exec-1] org.apache.catalina.core.StandardWrapperValve.invoke Servlet.service() for servlet [jsp] in context with path [] threw exception [java.lang.NullPointerException] with root cause
 java.lang.NullPointerException

17-Nov-2019 22:52:57.492 심각 [ajp-nio-8009-exec-4] org.apache.catalina.core.StandardWrapperValve.invoke Servlet.service() for servlet [jsp] in context with path [] threw exception [java.lang.NullPointerException] with root cause
 java.lang.NullPointerException

17-Nov-2019 23:07:13.894 심각 [ajp-nio-8009-exec-9] org.apache.catalina.core.StandardWrapperValve.invoke Servlet.service() for servlet [jsp] in context with path [] threw exception [java.lang.NullPointerException] with root cause
 java.lang.NullPointerException

17-Nov-2019 23:10:42.545 심각 [ajp-nio-8009-exec-6] org.apache.catalina.core.StandardWrapperValve.invoke Servlet.service() for servlet [jsp] in context with path [] threw exception [java.lang.NullPointerException] with root cause
 java.lang.NullPointerException

17-Nov-2019 23:11:52.064 심각 [ajp-nio-8009-exec-7] org.apache.catalina.core.StandardWrapperValve.invoke Servlet.service() for servlet [jsp] in context with path [] threw exception [java.lang.NullPointerException] with root cause
 java.lang.NullPointerException

17-Nov-2019 23:14:22.089 심각 [ajp-nio-8009-exec-2] org.apache.catalina.core.StandardWrapperValve.invoke Servlet.service() for servlet [jsp] in context with path [] threw exception [java.lang.NullPointerException] with root cause
 java.lang.NullPointerException

17-Nov-2019 23:46:08.621 심각 [ajp-nio-8009-exec-9] org.apache.catalina.core.StandardWrapperValve.invoke Servlet.service() for servlet [jsp] in context with path [] threw exception [java.lang.NullPointerException] with root cause
 java.lang.NullPointerException

17-Nov-2019 23:51:23.304 심각 [ajp-nio-8009-exec-8] org.apache.catalina.core.StandardWrapperValve.invoke Servlet.service() for servlet [jsp] in context with path [] threw exception [java.lang.NullPointerException] with root cause
 java.lang.NullPointerException

17-Nov-2019 23:59:23.941 심각 [ajp-nio-8009-exec-4] org.apache.catalina.core.StandardWrapperValve.invoke Servlet.service() for servlet [jsp] in context with path [] threw exception [java.lang.NullPointerException] with root cause
 java.lang.NullPointerException

