29-Oct-2019 00:10:39.392 심각 [ajp-nio-8009-exec-1] org.apache.catalina.core.StandardWrapperValve.invoke Servlet.service() for servlet [jsp] in context with path [] threw exception [java.lang.NullPointerException] with root cause
 java.lang.NullPointerException

29-Oct-2019 00:12:24.638 심각 [ajp-nio-8009-exec-6] org.apache.catalina.core.StandardWrapperValve.invoke Servlet.service() for servlet [jsp] in context with path [] threw exception [java.lang.NullPointerException] with root cause
 java.lang.NullPointerException

29-Oct-2019 00:13:24.501 심각 [ajp-nio-8009-exec-5] org.apache.catalina.core.StandardWrapperValve.invoke Servlet.service() for servlet [jsp] in context with path [] threw exception [java.lang.NullPointerException] with root cause
 java.lang.NullPointerException

29-Oct-2019 00:39:43.189 심각 [ajp-nio-8009-exec-6] org.apache.catalina.core.StandardWrapperValve.invoke Servlet.service() for servlet [jsp] in context with path [] threw exception [java.lang.NullPointerException] with root cause
 java.lang.NullPointerException

29-Oct-2019 00:39:48.575 심각 [ajp-nio-8009-exec-7] org.apache.catalina.core.StandardWrapperValve.invoke Servlet.service() for servlet [jsp] in context with path [] threw exception [java.lang.NullPointerException] with root cause
 java.lang.NullPointerException

29-Oct-2019 00:44:49.356 심각 [ajp-nio-8009-exec-2] org.apache.catalina.core.StandardWrapperValve.invoke Servlet.service() for servlet [jsp] in context with path [] threw exception [java.lang.NullPointerException] with root cause
 java.lang.NullPointerException

29-Oct-2019 00:44:53.577 심각 [ajp-nio-8009-exec-8] org.apache.catalina.core.StandardWrapperValve.invoke Servlet.service() for servlet [jsp] in context with path [] threw exception [java.lang.NullPointerException] with root cause
 java.lang.NullPointerException

29-Oct-2019 00:45:43.788 심각 [ajp-nio-8009-exec-3] org.apache.catalina.core.StandardWrapperValve.invoke Servlet.service() for servlet [jsp] in context with path [] threw exception [java.lang.NullPointerException] with root cause
 java.lang.NullPointerException

29-Oct-2019 00:45:45.170 심각 [ajp-nio-8009-exec-10] org.apache.catalina.core.StandardWrapperValve.invoke Servlet.service() for servlet [jsp] in context with path [] threw exception [java.lang.NullPointerException] with root cause
 java.lang.NullPointerException

29-Oct-2019 00:57:20.509 심각 [ajp-nio-8009-exec-3] org.apache.catalina.core.StandardWrapperValve.invoke Servlet.service() for servlet [jsp] in context with path [] threw exception [java.lang.NullPointerException] with root cause
 java.lang.NullPointerException

29-Oct-2019 01:07:36.827 심각 [ajp-nio-8009-exec-7] org.apache.catalina.core.StandardWrapperValve.invoke Servlet.service() for servlet [jsp] in context with path [] threw exception [java.lang.NullPointerException] with root cause
 java.lang.NullPointerException

29-Oct-2019 01:16:42.486 심각 [ajp-nio-8009-exec-4] org.apache.catalina.core.StandardWrapperValve.invoke Servlet.service() for servlet [jsp] in context with path [] threw exception [java.lang.NullPointerException] with root cause
 java.lang.NullPointerException

29-Oct-2019 01:33:05.569 심각 [ajp-nio-8009-exec-3] org.apache.catalina.core.StandardWrapperValve.invoke Servlet.service() for servlet [jsp] in context with path [] threw exception [java.lang.NullPointerException] with root cause
 java.lang.NullPointerException

29-Oct-2019 02:10:39.145 심각 [ajp-nio-8009-exec-10] org.apache.catalina.core.StandardWrapperValve.invoke Servlet.service() for servlet [jsp] in context with path [] threw exception [java.lang.NullPointerException] with root cause
 java.lang.NullPointerException

29-Oct-2019 02:16:45.991 심각 [ajp-nio-8009-exec-7] org.apache.catalina.core.StandardWrapperValve.invoke Servlet.service() for servlet [jsp] in context with path [] threw exception [java.lang.NullPointerException] with root cause
 java.lang.NullPointerException

29-Oct-2019 02:20:38.702 심각 [ajp-nio-8009-exec-9] org.apache.catalina.core.StandardWrapperValve.invoke Servlet.service() for servlet [jsp] in context with path [] threw exception [java.lang.NullPointerException] with root cause
 java.lang.NullPointerException

29-Oct-2019 02:21:34.351 심각 [ajp-nio-8009-exec-3] org.apache.catalina.core.StandardWrapperValve.invoke Servlet.service() for servlet [jsp] in context with path [] threw exception [java.lang.NullPointerException] with root cause
 java.lang.NullPointerException

29-Oct-2019 02:31:33.407 심각 [ajp-nio-8009-exec-4] org.apache.catalina.core.StandardWrapperValve.invoke Servlet.service() for servlet [jsp] in context with path [] threw exception [java.lang.NullPointerException] with root cause
 java.lang.NullPointerException

29-Oct-2019 02:33:12.682 심각 [ajp-nio-8009-exec-9] org.apache.catalina.core.StandardWrapperValve.invoke Servlet.service() for servlet [jsp] in context with path [] threw exception [java.lang.NullPointerException] with root cause
 java.lang.NullPointerException

29-Oct-2019 02:33:12.685 심각 [ajp-nio-8009-exec-3] org.apache.catalina.core.StandardWrapperValve.invoke Servlet.service() for servlet [jsp] in context with path [] threw exception [java.lang.NullPointerException] with root cause
 java.lang.NullPointerException

29-Oct-2019 02:53:38.453 심각 [ajp-nio-8009-exec-6] org.apache.catalina.core.StandardWrapperValve.invoke Servlet.service() for servlet [jsp] in context with path [] threw exception [java.lang.NullPointerException] with root cause
 java.lang.NullPointerException

29-Oct-2019 02:59:38.776 심각 [ajp-nio-8009-exec-5] org.apache.catalina.core.StandardWrapperValve.invoke Servlet.service() for servlet [jsp] in context with path [] threw exception [java.lang.NullPointerException] with root cause
 java.lang.NullPointerException

29-Oct-2019 03:22:58.932 심각 [ajp-nio-8009-exec-10] org.apache.catalina.core.StandardWrapperValve.invoke Servlet.service() for servlet [jsp] in context with path [] threw exception [java.lang.NullPointerException] with root cause
 java.lang.NullPointerException

29-Oct-2019 03:33:58.485 심각 [ajp-nio-8009-exec-8] org.apache.catalina.core.StandardWrapperValve.invoke Servlet.service() for servlet [jsp] in context with path [] threw exception [java.lang.NullPointerException] with root cause
 java.lang.NullPointerException

29-Oct-2019 03:39:28.822 심각 [ajp-nio-8009-exec-10] org.apache.catalina.core.StandardWrapperValve.invoke Servlet.service() for servlet [jsp] in context with path [] threw exception [java.lang.NullPointerException] with root cause
 java.lang.NullPointerException

29-Oct-2019 04:00:18.168 심각 [ajp-nio-8009-exec-8] org.apache.catalina.core.StandardWrapperValve.invoke Servlet.service() for servlet [jsp] in context with path [] threw exception [java.lang.NullPointerException] with root cause
 java.lang.NullPointerException

29-Oct-2019 04:05:32.546 심각 [ajp-nio-8009-exec-3] org.apache.catalina.core.StandardWrapperValve.invoke Servlet.service() for servlet [jsp] in context with path [] threw exception [java.lang.NullPointerException] with root cause
 java.lang.NullPointerException

29-Oct-2019 04:10:39.034 심각 [ajp-nio-8009-exec-7] org.apache.catalina.core.StandardWrapperValve.invoke Servlet.service() for servlet [jsp] in context with path [] threw exception [java.lang.NullPointerException] with root cause
 java.lang.NullPointerException

29-Oct-2019 04:22:43.632 심각 [ajp-nio-8009-exec-3] org.apache.catalina.core.StandardWrapperValve.invoke Servlet.service() for servlet [jsp] in context with path [] threw exception [java.lang.NullPointerException] with root cause
 java.lang.NullPointerException

29-Oct-2019 04:36:47.350 심각 [ajp-nio-8009-exec-2] org.apache.catalina.core.StandardWrapperValve.invoke Servlet.service() for servlet [jsp] in context with path [] threw exception [java.lang.NullPointerException] with root cause
 java.lang.NullPointerException

29-Oct-2019 04:36:49.063 심각 [ajp-nio-8009-exec-8] org.apache.catalina.core.StandardWrapperValve.invoke Servlet.service() for servlet [jsp] in context with path [] threw exception [java.lang.NullPointerException] with root cause
 java.lang.NullPointerException

29-Oct-2019 04:36:52.998 심각 [ajp-nio-8009-exec-9] org.apache.catalina.core.StandardWrapperValve.invoke Servlet.service() for servlet [jsp] in context with path [] threw exception [java.lang.NullPointerException] with root cause
 java.lang.NullPointerException

29-Oct-2019 04:42:40.231 심각 [ajp-nio-8009-exec-7] org.apache.catalina.core.StandardWrapperValve.invoke Servlet.service() for servlet [jsp] in context with path [] threw exception [java.lang.NullPointerException] with root cause
 java.lang.NullPointerException

29-Oct-2019 04:57:56.920 심각 [ajp-nio-8009-exec-1] org.apache.catalina.core.StandardWrapperValve.invoke Servlet.service() for servlet [jsp] in context with path [] threw exception [java.lang.NullPointerException] with root cause
 java.lang.NullPointerException

29-Oct-2019 04:57:57.570 심각 [ajp-nio-8009-exec-10] org.apache.catalina.core.StandardWrapperValve.invoke Servlet.service() for servlet [jsp] in context with path [] threw exception [java.lang.NullPointerException] with root cause
 java.lang.NullPointerException

29-Oct-2019 05:11:46.583 심각 [ajp-nio-8009-exec-5] org.apache.catalina.core.StandardWrapperValve.invoke Servlet.service() for servlet [jsp] in context with path [] threw exception [java.lang.NullPointerException] with root cause
 java.lang.NullPointerException

29-Oct-2019 05:16:34.958 심각 [ajp-nio-8009-exec-2] org.apache.catalina.core.StandardWrapperValve.invoke Servlet.service() for servlet [jsp] in context with path [] threw exception [java.lang.NullPointerException] with root cause
 java.lang.NullPointerException

29-Oct-2019 05:16:35.828 심각 [ajp-nio-8009-exec-8] org.apache.catalina.core.StandardWrapperValve.invoke Servlet.service() for servlet [jsp] in context with path [] threw exception [java.lang.NullPointerException] with root cause
 java.lang.NullPointerException

29-Oct-2019 05:16:39.715 심각 [ajp-nio-8009-exec-9] org.apache.catalina.core.StandardWrapperValve.invoke Servlet.service() for servlet [jsp] in context with path [] threw exception [java.lang.NullPointerException] with root cause
 java.lang.NullPointerException

29-Oct-2019 05:25:25.594 심각 [ajp-nio-8009-exec-10] org.apache.catalina.core.StandardWrapperValve.invoke Servlet.service() for servlet [jsp] in context with path [] threw exception [java.lang.NullPointerException] with root cause
 java.lang.NullPointerException

29-Oct-2019 05:27:58.900 심각 [ajp-nio-8009-exec-7] org.apache.catalina.core.StandardWrapperValve.invoke Servlet.service() for servlet [jsp] in context with path [] threw exception [java.lang.NullPointerException] with root cause
 java.lang.NullPointerException

29-Oct-2019 05:52:45.501 심각 [ajp-nio-8009-exec-6] org.apache.catalina.core.StandardWrapperValve.invoke Servlet.service() for servlet [jsp] in context with path [] threw exception [java.lang.NullPointerException] with root cause
 java.lang.NullPointerException

29-Oct-2019 05:53:29.141 심각 [ajp-nio-8009-exec-7] org.apache.catalina.core.StandardWrapperValve.invoke Servlet.service() for servlet [jsp] in context with path [] threw exception [java.lang.NullPointerException] with root cause
 java.lang.NullPointerException

29-Oct-2019 06:10:38.874 심각 [ajp-nio-8009-exec-8] org.apache.catalina.core.StandardWrapperValve.invoke Servlet.service() for servlet [jsp] in context with path [] threw exception [java.lang.NullPointerException] with root cause
 java.lang.NullPointerException

29-Oct-2019 06:21:15.751 심각 [ajp-nio-8009-exec-5] org.apache.catalina.core.StandardWrapperValve.invoke Servlet.service() for servlet [jsp] in context with path [] threw exception [java.lang.NullPointerException] with root cause
 java.lang.NullPointerException

29-Oct-2019 06:28:11.666 심각 [ajp-nio-8009-exec-3] org.apache.catalina.core.StandardWrapperValve.invoke Servlet.service() for servlet [jsp] in context with path [] threw exception [java.lang.NullPointerException] with root cause
 java.lang.NullPointerException

29-Oct-2019 06:28:57.034 심각 [ajp-nio-8009-exec-6] org.apache.catalina.core.StandardWrapperValve.invoke Servlet.service() for servlet [jsp] in context with path [] threw exception [java.lang.NullPointerException] with root cause
 java.lang.NullPointerException

29-Oct-2019 06:39:54.495 심각 [ajp-nio-8009-exec-5] org.apache.catalina.core.StandardWrapperValve.invoke Servlet.service() for servlet [jsp] in context with path [] threw exception [java.lang.NullPointerException] with root cause
 java.lang.NullPointerException

29-Oct-2019 06:45:37.785 심각 [ajp-nio-8009-exec-2] org.apache.catalina.core.StandardWrapperValve.invoke Servlet.service() for servlet [jsp] in context with path [] threw exception [java.lang.NullPointerException] with root cause
 java.lang.NullPointerException

29-Oct-2019 06:47:48.948 심각 [ajp-nio-8009-exec-3] org.apache.catalina.core.StandardWrapperValve.invoke Servlet.service() for servlet [jsp] in context with path [] threw exception [java.lang.NullPointerException] with root cause
 java.lang.NullPointerException

29-Oct-2019 06:54:19.818 심각 [ajp-nio-8009-exec-10] org.apache.catalina.core.StandardWrapperValve.invoke Servlet.service() for servlet [jsp] in context with path [] threw exception [java.lang.NullPointerException] with root cause
 java.lang.NullPointerException

29-Oct-2019 06:56:26.846 심각 [ajp-nio-8009-exec-7] org.apache.catalina.core.StandardWrapperValve.invoke Servlet.service() for servlet [jsp] in context with path [] threw exception [java.lang.NullPointerException] with root cause
 java.lang.NullPointerException

29-Oct-2019 06:56:45.175 심각 [ajp-nio-8009-exec-5] org.apache.catalina.core.StandardWrapperValve.invoke Servlet.service() for servlet [jsp] in context with path [] threw exception [java.lang.NullPointerException] with root cause
 java.lang.NullPointerException

29-Oct-2019 07:00:55.774 심각 [ajp-nio-8009-exec-2] org.apache.catalina.core.StandardWrapperValve.invoke Servlet.service() for servlet [jsp] in context with path [] threw exception [java.lang.NullPointerException] with root cause
 java.lang.NullPointerException

29-Oct-2019 07:02:57.811 심각 [ajp-nio-8009-exec-10] org.apache.catalina.core.StandardWrapperValve.invoke Servlet.service() for servlet [jsp] in context with path [] threw exception [java.lang.NullPointerException] with root cause
 java.lang.NullPointerException

29-Oct-2019 07:02:57.814 심각 [ajp-nio-8009-exec-6] org.apache.catalina.core.StandardWrapperValve.invoke Servlet.service() for servlet [jsp] in context with path [] threw exception [java.lang.NullPointerException] with root cause
 java.lang.NullPointerException

29-Oct-2019 07:08:51.115 심각 [ajp-nio-8009-exec-8] org.apache.catalina.core.StandardWrapperValve.invoke Servlet.service() for servlet [jsp] in context with path [] threw exception [java.lang.NullPointerException] with root cause
 java.lang.NullPointerException

29-Oct-2019 07:19:47.575 심각 [ajp-nio-8009-exec-3] org.apache.catalina.core.StandardWrapperValve.invoke Servlet.service() for servlet [jsp] in context with path [] threw exception [java.lang.NullPointerException] with root cause
 java.lang.NullPointerException

29-Oct-2019 07:19:49.383 심각 [ajp-nio-8009-exec-1] org.apache.catalina.core.StandardWrapperValve.invoke Servlet.service() for servlet [jsp] in context with path [] threw exception [java.lang.NullPointerException] with root cause
 java.lang.NullPointerException

29-Oct-2019 07:24:04.072 심각 [ajp-nio-8009-exec-6] org.apache.catalina.core.StandardWrapperValve.invoke Servlet.service() for servlet [jsp] in context with path [] threw exception [java.lang.NullPointerException] with root cause
 java.lang.NullPointerException

29-Oct-2019 07:34:23.499 심각 [ajp-nio-8009-exec-5] org.apache.catalina.core.StandardWrapperValve.invoke Servlet.service() for servlet [jsp] in context with path [] threw exception [java.lang.NullPointerException] with root cause
 java.lang.NullPointerException

29-Oct-2019 07:34:24.253 심각 [ajp-nio-8009-exec-2] org.apache.catalina.core.StandardWrapperValve.invoke Servlet.service() for servlet [jsp] in context with path [] threw exception [java.lang.NullPointerException] with root cause
 java.lang.NullPointerException

29-Oct-2019 07:41:51.120 심각 [ajp-nio-8009-exec-7] org.apache.catalina.core.StandardWrapperValve.invoke Servlet.service() for servlet [jsp] in context with path [] threw exception [java.lang.NullPointerException] with root cause
 java.lang.NullPointerException

29-Oct-2019 07:41:51.876 심각 [ajp-nio-8009-exec-4] org.apache.catalina.core.StandardWrapperValve.invoke Servlet.service() for servlet [jsp] in context with path [] threw exception [java.lang.NullPointerException] with root cause
 java.lang.NullPointerException

29-Oct-2019 07:58:57.104 심각 [ajp-nio-8009-exec-10] org.apache.catalina.core.StandardWrapperValve.invoke Servlet.service() for servlet [jsp] in context with path [] threw exception [java.lang.NullPointerException] with root cause
 java.lang.NullPointerException

29-Oct-2019 08:04:42.407 심각 [ajp-nio-8009-exec-8] org.apache.catalina.core.StandardWrapperValve.invoke Servlet.service() for servlet [jsp] in context with path [] threw exception [java.lang.NullPointerException] with root cause
 java.lang.NullPointerException

29-Oct-2019 08:07:16.882 심각 [ajp-nio-8009-exec-3] org.apache.catalina.core.StandardWrapperValve.invoke Servlet.service() for servlet [jsp] in context with path [] threw exception [java.lang.NullPointerException] with root cause
 java.lang.NullPointerException

29-Oct-2019 08:10:39.347 심각 [ajp-nio-8009-exec-10] org.apache.catalina.core.StandardWrapperValve.invoke Servlet.service() for servlet [jsp] in context with path [] threw exception [java.lang.NullPointerException] with root cause
 java.lang.NullPointerException

29-Oct-2019 08:34:45.945 심각 [ajp-nio-8009-exec-3] org.apache.catalina.core.StandardWrapperValve.invoke Servlet.service() for servlet [jsp] in context with path [] threw exception [java.lang.NullPointerException] with root cause
 java.lang.NullPointerException

29-Oct-2019 08:37:31.357 심각 [ajp-nio-8009-exec-10] org.apache.catalina.core.StandardWrapperValve.invoke Servlet.service() for servlet [jsp] in context with path [] threw exception [java.lang.NullPointerException] with root cause
 java.lang.NullPointerException

29-Oct-2019 08:56:40.028 심각 [ajp-nio-8009-exec-5] org.apache.catalina.core.StandardWrapperValve.invoke Servlet.service() for servlet [jsp] in context with path [] threw exception [java.lang.NullPointerException] with root cause
 java.lang.NullPointerException

29-Oct-2019 09:00:52.739 심각 [ajp-nio-8009-exec-2] org.apache.catalina.core.StandardWrapperValve.invoke Servlet.service() for servlet [jsp] in context with path [] threw exception [java.lang.NullPointerException] with root cause
 java.lang.NullPointerException

29-Oct-2019 09:14:08.990 심각 [ajp-nio-8009-exec-1] org.apache.catalina.core.StandardWrapperValve.invoke Servlet.service() for servlet [jsp] in context with path [] threw exception [java.lang.NullPointerException] with root cause
 java.lang.NullPointerException

29-Oct-2019 09:18:09.846 심각 [ajp-nio-8009-exec-7] org.apache.catalina.core.StandardWrapperValve.invoke Servlet.service() for servlet [jsp] in context with path [] threw exception [java.lang.NullPointerException] with root cause
 java.lang.NullPointerException

29-Oct-2019 09:42:37.861 심각 [ajp-nio-8009-exec-3] org.apache.catalina.core.StandardWrapperValve.invoke Servlet.service() for servlet [jsp] in context with path [] threw exception [java.lang.NullPointerException] with root cause
 java.lang.NullPointerException

29-Oct-2019 09:48:10.633 심각 [ajp-nio-8009-exec-10] org.apache.catalina.core.StandardWrapperValve.invoke Servlet.service() for servlet [jsp] in context with path [] threw exception [java.lang.NullPointerException] with root cause
 java.lang.NullPointerException

29-Oct-2019 09:49:47.416 심각 [ajp-nio-8009-exec-7] org.apache.catalina.core.StandardWrapperValve.invoke Servlet.service() for servlet [jsp] in context with path [] threw exception [java.lang.NullPointerException] with root cause
 java.lang.NullPointerException

29-Oct-2019 09:58:26.452 심각 [ajp-nio-8009-exec-10] org.apache.catalina.core.StandardWrapperValve.invoke Servlet.service() for servlet [jsp] in context with path [] threw exception [java.lang.NullPointerException] with root cause
 java.lang.NullPointerException

29-Oct-2019 10:05:42.633 심각 [ajp-nio-8009-exec-5] org.apache.catalina.core.StandardWrapperValve.invoke Servlet.service() for servlet [jsp] in context with path [] threw exception [java.lang.NullPointerException] with root cause
 java.lang.NullPointerException

29-Oct-2019 10:06:38.793 심각 [ajp-nio-8009-exec-8] org.apache.catalina.core.StandardWrapperValve.invoke Servlet.service() for servlet [jsp] in context with path [] threw exception [java.lang.NullPointerException] with root cause
 java.lang.NullPointerException

29-Oct-2019 10:10:38.962 심각 [ajp-nio-8009-exec-1] org.apache.catalina.core.StandardWrapperValve.invoke Servlet.service() for servlet [jsp] in context with path [] threw exception [java.lang.NullPointerException] with root cause
 java.lang.NullPointerException

29-Oct-2019 10:15:18.367 심각 [ajp-nio-8009-exec-4] org.apache.catalina.core.StandardWrapperValve.invoke Servlet.service() for servlet [jsp] in context with path [] threw exception [java.lang.NullPointerException] with root cause
 java.lang.NullPointerException

29-Oct-2019 10:18:39.627 심각 [ajp-nio-8009-exec-3] org.apache.catalina.core.StandardWrapperValve.invoke Servlet.service() for servlet [jsp] in context with path [] threw exception [java.lang.NullPointerException] with root cause
 java.lang.NullPointerException

29-Oct-2019 10:23:09.613 심각 [ajp-nio-8009-exec-1] org.apache.catalina.core.StandardWrapperValve.invoke Servlet.service() for servlet [jsp] in context with path [] threw exception [java.lang.NullPointerException] with root cause
 java.lang.NullPointerException

29-Oct-2019 10:55:59.971 심각 [ajp-nio-8009-exec-10] org.apache.catalina.core.StandardWrapperValve.invoke Servlet.service() for servlet [jsp] in context with path [] threw exception [java.lang.NullPointerException] with root cause
 java.lang.NullPointerException

29-Oct-2019 10:56:12.537 심각 [ajp-nio-8009-exec-6] org.apache.catalina.core.StandardWrapperValve.invoke Servlet.service() for servlet [jsp] in context with path [] threw exception [java.lang.NullPointerException] with root cause
 java.lang.NullPointerException

29-Oct-2019 10:56:14.247 심각 [ajp-nio-8009-exec-7] org.apache.catalina.core.StandardWrapperValve.invoke Servlet.service() for servlet [jsp] in context with path [] threw exception [java.lang.NullPointerException] with root cause
 java.lang.NullPointerException

29-Oct-2019 10:56:15.609 심각 [ajp-nio-8009-exec-5] org.apache.catalina.core.StandardWrapperValve.invoke Servlet.service() for servlet [jsp] in context with path [] threw exception [java.lang.NullPointerException] with root cause
 java.lang.NullPointerException

29-Oct-2019 10:56:25.319 심각 [ajp-nio-8009-exec-4] org.apache.catalina.core.StandardWrapperValve.invoke Servlet.service() for servlet [jsp] in context with path [] threw exception [java.lang.NullPointerException] with root cause
 java.lang.NullPointerException

29-Oct-2019 10:56:30.474 심각 [ajp-nio-8009-exec-2] org.apache.catalina.core.StandardWrapperValve.invoke Servlet.service() for servlet [jsp] in context with path [] threw exception [java.lang.NullPointerException] with root cause
 java.lang.NullPointerException

29-Oct-2019 10:56:33.435 심각 [ajp-nio-8009-exec-8] org.apache.catalina.core.StandardWrapperValve.invoke Servlet.service() for servlet [jsp] in context with path [] threw exception [java.lang.NullPointerException] with root cause
 java.lang.NullPointerException

29-Oct-2019 10:56:56.038 심각 [ajp-nio-8009-exec-9] org.apache.catalina.core.StandardWrapperValve.invoke Servlet.service() for servlet [jsp] in context with path [] threw exception [java.lang.NullPointerException] with root cause
 java.lang.NullPointerException

29-Oct-2019 10:56:57.096 심각 [ajp-nio-8009-exec-3] org.apache.catalina.core.StandardWrapperValve.invoke Servlet.service() for servlet [jsp] in context with path [] threw exception [java.lang.NullPointerException] with root cause
 java.lang.NullPointerException

29-Oct-2019 10:56:59.414 심각 [ajp-nio-8009-exec-1] org.apache.catalina.core.StandardWrapperValve.invoke Servlet.service() for servlet [jsp] in context with path [] threw exception [java.lang.NullPointerException] with root cause
 java.lang.NullPointerException

29-Oct-2019 10:57:01.817 심각 [ajp-nio-8009-exec-10] org.apache.catalina.core.StandardWrapperValve.invoke Servlet.service() for servlet [jsp] in context with path [] threw exception [java.lang.NullPointerException] with root cause
 java.lang.NullPointerException

29-Oct-2019 10:57:10.946 심각 [ajp-nio-8009-exec-6] org.apache.catalina.core.StandardWrapperValve.invoke Servlet.service() for servlet [jsp] in context with path [] threw exception [java.lang.NullPointerException] with root cause
 java.lang.NullPointerException

29-Oct-2019 10:57:12.834 심각 [ajp-nio-8009-exec-7] org.apache.catalina.core.StandardWrapperValve.invoke Servlet.service() for servlet [jsp] in context with path [] threw exception [java.lang.NullPointerException] with root cause
 java.lang.NullPointerException

29-Oct-2019 10:57:18.318 심각 [ajp-nio-8009-exec-4] org.apache.catalina.core.StandardWrapperValve.invoke Servlet.service() for servlet [jsp] in context with path [] threw exception [java.lang.NullPointerException] with root cause
 java.lang.NullPointerException

29-Oct-2019 10:57:26.754 심각 [ajp-nio-8009-exec-2] org.apache.catalina.core.StandardWrapperValve.invoke Servlet.service() for servlet [jsp] in context with path [] threw exception [java.lang.NullPointerException] with root cause
 java.lang.NullPointerException

29-Oct-2019 10:57:33.856 심각 [ajp-nio-8009-exec-8] org.apache.catalina.core.StandardWrapperValve.invoke Servlet.service() for servlet [jsp] in context with path [] threw exception [java.lang.NullPointerException] with root cause
 java.lang.NullPointerException

29-Oct-2019 10:57:35.139 심각 [ajp-nio-8009-exec-9] org.apache.catalina.core.StandardWrapperValve.invoke Servlet.service() for servlet [jsp] in context with path [] threw exception [java.lang.NullPointerException] with root cause
 java.lang.NullPointerException

29-Oct-2019 10:57:42.411 심각 [ajp-nio-8009-exec-3] org.apache.catalina.core.StandardWrapperValve.invoke Servlet.service() for servlet [jsp] in context with path [] threw exception [java.lang.NullPointerException] with root cause
 java.lang.NullPointerException

29-Oct-2019 11:06:02.340 심각 [ajp-nio-8009-exec-2] org.apache.catalina.core.StandardWrapperValve.invoke Servlet.service() for servlet [jsp] in context with path [] threw exception [java.lang.NullPointerException] with root cause
 java.lang.NullPointerException

29-Oct-2019 11:19:11.737 심각 [ajp-nio-8009-exec-10] org.apache.catalina.core.StandardWrapperValve.invoke Servlet.service() for servlet [jsp] in context with path [] threw exception [java.lang.NullPointerException] with root cause
 java.lang.NullPointerException

29-Oct-2019 11:41:47.976 심각 [ajp-nio-8009-exec-6] org.apache.catalina.core.StandardWrapperValve.invoke Servlet.service() for servlet [jsp] in context with path [] threw exception [java.lang.NullPointerException] with root cause
 java.lang.NullPointerException

29-Oct-2019 11:53:16.427 심각 [ajp-nio-8009-exec-9] org.apache.catalina.core.StandardWrapperValve.invoke Servlet.service() for servlet [jsp] in context with path [] threw exception [java.lang.NullPointerException] with root cause
 java.lang.NullPointerException

29-Oct-2019 11:55:35.198 심각 [ajp-nio-8009-exec-1] org.apache.catalina.core.StandardWrapperValve.invoke Servlet.service() for servlet [jsp] in context with path [] threw exception [java.lang.NullPointerException] with root cause
 java.lang.NullPointerException

29-Oct-2019 12:10:38.955 심각 [ajp-nio-8009-exec-6] org.apache.catalina.core.StandardWrapperValve.invoke Servlet.service() for servlet [jsp] in context with path [] threw exception [java.lang.NullPointerException] with root cause
 java.lang.NullPointerException

29-Oct-2019 12:24:30.130 심각 [ajp-nio-8009-exec-9] org.apache.catalina.core.StandardWrapperValve.invoke Servlet.service() for servlet [jsp] in context with path [] threw exception [java.lang.NullPointerException] with root cause
 java.lang.NullPointerException

29-Oct-2019 12:25:40.724 심각 [ajp-nio-8009-exec-6] org.apache.catalina.core.StandardWrapperValve.invoke Servlet.service() for servlet [appServlet] in context with path [] threw exception [Request processing failed; nested exception is java.lang.NullPointerException] with root cause
 java.lang.NullPointerException
	at com.ktbnetwork.homepage.home.kr.news.news.controller.NewsHOKOController.view(NewsHOKOController.java:50)
	at sun.reflect.GeneratedMethodAccessor72.invoke(Unknown Source)
	at sun.reflect.DelegatingMethodAccessorImpl.invoke(DelegatingMethodAccessorImpl.java:43)
	at java.lang.reflect.Method.invoke(Method.java:498)
	at org.springframework.web.method.support.InvocableHandlerMethod.doInvoke(InvocableHandlerMethod.java:222)
	at org.springframework.web.method.support.InvocableHandlerMethod.invokeForRequest(InvocableHandlerMethod.java:137)
	at org.springframework.web.servlet.mvc.method.annotation.ServletInvocableHandlerMethod.invokeAndHandle(ServletInvocableHandlerMethod.java:110)
	at org.springframework.web.servlet.mvc.method.annotation.RequestMappingHandlerAdapter.invokeHandlerMethod(RequestMappingHandlerAdapter.java:814)
	at org.springframework.web.servlet.mvc.method.annotation.RequestMappingHandlerAdapter.handleInternal(RequestMappingHandlerAdapter.java:737)
	at org.springframework.web.servlet.mvc.method.AbstractHandlerMethodAdapter.handle(AbstractHandlerMethodAdapter.java:85)
	at org.springframework.web.servlet.DispatcherServlet.doDispatch(DispatcherServlet.java:959)
	at org.springframework.web.servlet.DispatcherServlet.doService(DispatcherServlet.java:893)
	at org.springframework.web.servlet.FrameworkServlet.processRequest(FrameworkServlet.java:970)
	at org.springframework.web.servlet.FrameworkServlet.doGet(FrameworkServlet.java:861)
	at javax.servlet.http.HttpServlet.service(HttpServlet.java:635)
	at org.springframework.web.servlet.FrameworkServlet.service(FrameworkServlet.java:846)
	at javax.servlet.http.HttpServlet.service(HttpServlet.java:742)
	at org.apache.catalina.core.ApplicationFilterChain.internalDoFilter(ApplicationFilterChain.java:231)
	at org.apache.catalina.core.ApplicationFilterChain.doFilter(ApplicationFilterChain.java:166)
	at org.apache.tomcat.websocket.server.WsFilter.doFilter(WsFilter.java:52)
	at org.apache.catalina.core.ApplicationFilterChain.internalDoFilter(ApplicationFilterChain.java:193)
	at org.apache.catalina.core.ApplicationFilterChain.doFilter(ApplicationFilterChain.java:166)
	at org.springframework.web.filter.CharacterEncodingFilter.doFilterInternal(CharacterEncodingFilter.java:121)
	at org.springframework.web.filter.OncePerRequestFilter.doFilter(OncePerRequestFilter.java:107)
	at org.apache.catalina.core.ApplicationFilterChain.internalDoFilter(ApplicationFilterChain.java:193)
	at org.apache.catalina.core.ApplicationFilterChain.doFilter(ApplicationFilterChain.java:166)
	at org.apache.catalina.core.StandardWrapperValve.invoke(StandardWrapperValve.java:199)
	at org.apache.catalina.core.StandardContextValve.invoke(StandardContextValve.java:96)
	at org.apache.catalina.authenticator.AuthenticatorBase.invoke(AuthenticatorBase.java:493)
	at org.apache.catalina.core.StandardHostValve.invoke(StandardHostValve.java:137)
	at org.apache.catalina.valves.ErrorReportValve.invoke(ErrorReportValve.java:81)
	at org.apache.catalina.valves.AbstractAccessLogValve.invoke(AbstractAccessLogValve.java:660)
	at org.apache.catalina.core.StandardEngineValve.invoke(StandardEngineValve.java:87)
	at org.apache.catalina.connector.CoyoteAdapter.service(CoyoteAdapter.java:343)
	at org.apache.coyote.ajp.AjpProcessor.service(AjpProcessor.java:476)
	at org.apache.coyote.AbstractProcessorLight.process(AbstractProcessorLight.java:66)
	at org.apache.coyote.AbstractProtocol$ConnectionHandler.process(AbstractProtocol.java:806)
	at org.apache.tomcat.util.net.NioEndpoint$SocketProcessor.doRun(NioEndpoint.java:1498)
	at org.apache.tomcat.util.net.SocketProcessorBase.run(SocketProcessorBase.java:49)
	at java.util.concurrent.ThreadPoolExecutor.runWorker(ThreadPoolExecutor.java:1149)
	at java.util.concurrent.ThreadPoolExecutor$Worker.run(ThreadPoolExecutor.java:624)
	at org.apache.tomcat.util.threads.TaskThread$WrappingRunnable.run(TaskThread.java:61)
	at java.lang.Thread.run(Thread.java:748)

29-Oct-2019 12:25:56.843 심각 [ajp-nio-8009-exec-7] org.apache.catalina.core.StandardWrapperValve.invoke Servlet.service() for servlet [jsp] in context with path [] threw exception [java.lang.NullPointerException] with root cause
 java.lang.NullPointerException

29-Oct-2019 12:28:12.712 심각 [ajp-nio-8009-exec-6] org.apache.catalina.core.StandardWrapperValve.invoke Servlet.service() for servlet [jsp] in context with path [] threw exception [java.lang.NullPointerException] with root cause
 java.lang.NullPointerException

29-Oct-2019 12:29:05.458 심각 [ajp-nio-8009-exec-5] org.apache.catalina.core.StandardWrapperValve.invoke Servlet.service() for servlet [jsp] in context with path [] threw exception [java.lang.NullPointerException] with root cause
 java.lang.NullPointerException

29-Oct-2019 12:45:30.207 심각 [ajp-nio-8009-exec-6] org.apache.catalina.core.StandardWrapperValve.invoke Servlet.service() for servlet [jsp] in context with path [] threw exception [java.lang.NullPointerException] with root cause
 java.lang.NullPointerException

29-Oct-2019 12:45:30.335 심각 [ajp-nio-8009-exec-7] org.apache.catalina.core.StandardWrapperValve.invoke Servlet.service() for servlet [jsp] in context with path [] threw exception [java.lang.NullPointerException] with root cause
 java.lang.NullPointerException

29-Oct-2019 12:45:30.691 심각 [ajp-nio-8009-exec-5] org.apache.catalina.core.StandardWrapperValve.invoke Servlet.service() for servlet [jsp] in context with path [] threw exception [java.lang.NullPointerException] with root cause
 java.lang.NullPointerException

29-Oct-2019 12:45:30.825 심각 [ajp-nio-8009-exec-4] org.apache.catalina.core.StandardWrapperValve.invoke Servlet.service() for servlet [jsp] in context with path [] threw exception [java.lang.NullPointerException] with root cause
 java.lang.NullPointerException

29-Oct-2019 12:45:31.200 심각 [ajp-nio-8009-exec-2] org.apache.catalina.core.StandardWrapperValve.invoke Servlet.service() for servlet [jsp] in context with path [] threw exception [java.lang.NullPointerException] with root cause
 java.lang.NullPointerException

29-Oct-2019 12:45:31.301 심각 [ajp-nio-8009-exec-8] org.apache.catalina.core.StandardWrapperValve.invoke Servlet.service() for servlet [jsp] in context with path [] threw exception [java.lang.NullPointerException] with root cause
 java.lang.NullPointerException

29-Oct-2019 12:45:31.448 심각 [ajp-nio-8009-exec-9] org.apache.catalina.core.StandardWrapperValve.invoke Servlet.service() for servlet [jsp] in context with path [] threw exception [java.lang.NullPointerException] with root cause
 java.lang.NullPointerException

29-Oct-2019 12:45:31.853 심각 [ajp-nio-8009-exec-3] org.apache.catalina.core.StandardWrapperValve.invoke Servlet.service() for servlet [jsp] in context with path [] threw exception [java.lang.NullPointerException] with root cause
 java.lang.NullPointerException

29-Oct-2019 12:45:32.232 심각 [ajp-nio-8009-exec-1] org.apache.catalina.core.StandardWrapperValve.invoke Servlet.service() for servlet [jsp] in context with path [] threw exception [java.lang.NullPointerException] with root cause
 java.lang.NullPointerException

29-Oct-2019 12:47:34.110 심각 [ajp-nio-8009-exec-4] org.apache.catalina.core.StandardWrapperValve.invoke Servlet.service() for servlet [jsp] in context with path [] threw exception [java.lang.NullPointerException] with root cause
 java.lang.NullPointerException

29-Oct-2019 13:01:40.293 심각 [ajp-nio-8009-exec-4] org.apache.catalina.core.StandardWrapperValve.invoke Servlet.service() for servlet [jsp] in context with path [] threw exception [java.lang.NullPointerException] with root cause
 java.lang.NullPointerException

29-Oct-2019 13:04:08.700 심각 [ajp-nio-8009-exec-8] org.apache.catalina.core.StandardWrapperValve.invoke Servlet.service() for servlet [jsp] in context with path [] threw exception [java.lang.NullPointerException] with root cause
 java.lang.NullPointerException

29-Oct-2019 13:22:09.350 심각 [ajp-nio-8009-exec-1] org.apache.catalina.core.StandardWrapperValve.invoke Servlet.service() for servlet [jsp] in context with path [] threw exception [java.lang.NullPointerException] with root cause
 java.lang.NullPointerException

29-Oct-2019 13:32:00.472 심각 [ajp-nio-8009-exec-8] org.apache.catalina.core.StandardWrapperValve.invoke Servlet.service() for servlet [jsp] in context with path [] threw exception [java.lang.NullPointerException] with root cause
 java.lang.NullPointerException

29-Oct-2019 13:39:20.040 심각 [ajp-nio-8009-exec-8] org.apache.catalina.core.StandardWrapperValve.invoke Servlet.service() for servlet [jsp] in context with path [] threw exception [java.lang.NullPointerException] with root cause
 java.lang.NullPointerException

29-Oct-2019 13:41:17.886 심각 [ajp-nio-8009-exec-8] org.apache.catalina.core.StandardWrapperValve.invoke Servlet.service() for servlet [jsp] in context with path [] threw exception [java.lang.NullPointerException] with root cause
 java.lang.NullPointerException

29-Oct-2019 13:45:37.223 심각 [ajp-nio-8009-exec-7] org.apache.catalina.core.StandardWrapperValve.invoke Servlet.service() for servlet [jsp] in context with path [] threw exception [java.lang.NullPointerException] with root cause
 java.lang.NullPointerException

29-Oct-2019 13:52:16.618 심각 [ajp-nio-8009-exec-9] org.apache.catalina.core.StandardWrapperValve.invoke Servlet.service() for servlet [jsp] in context with path [] threw exception [java.lang.NullPointerException] with root cause
 java.lang.NullPointerException

29-Oct-2019 13:52:17.006 심각 [ajp-nio-8009-exec-3] org.apache.catalina.core.StandardWrapperValve.invoke Servlet.service() for servlet [jsp] in context with path [] threw exception [java.lang.NullPointerException] with root cause
 java.lang.NullPointerException

29-Oct-2019 13:52:17.399 심각 [ajp-nio-8009-exec-1] org.apache.catalina.core.StandardWrapperValve.invoke Servlet.service() for servlet [jsp] in context with path [] threw exception [java.lang.NullPointerException] with root cause
 java.lang.NullPointerException

29-Oct-2019 14:10:39.038 심각 [ajp-nio-8009-exec-4] org.apache.catalina.core.StandardWrapperValve.invoke Servlet.service() for servlet [jsp] in context with path [] threw exception [java.lang.NullPointerException] with root cause
 java.lang.NullPointerException

29-Oct-2019 14:13:54.415 심각 [ajp-nio-8009-exec-8] org.apache.catalina.core.StandardWrapperValve.invoke Servlet.service() for servlet [jsp] in context with path [] threw exception [java.lang.NullPointerException] with root cause
 java.lang.NullPointerException

29-Oct-2019 14:18:01.490 심각 [ajp-nio-8009-exec-9] org.apache.catalina.core.StandardWrapperValve.invoke Servlet.service() for servlet [jsp] in context with path [] threw exception [java.lang.NullPointerException] with root cause
 java.lang.NullPointerException

29-Oct-2019 14:19:42.442 심각 [ajp-nio-8009-exec-6] org.apache.catalina.core.StandardWrapperValve.invoke Servlet.service() for servlet [jsp] in context with path [] threw exception [java.lang.NullPointerException] with root cause
 java.lang.NullPointerException

29-Oct-2019 14:35:40.649 심각 [ajp-nio-8009-exec-7] org.apache.catalina.core.StandardWrapperValve.invoke Servlet.service() for servlet [jsp] in context with path [] threw exception [java.lang.NullPointerException] with root cause
 java.lang.NullPointerException

29-Oct-2019 14:37:18.251 심각 [ajp-nio-8009-exec-9] org.apache.catalina.core.StandardWrapperValve.invoke Servlet.service() for servlet [jsp] in context with path [] threw exception [java.lang.NullPointerException] with root cause
 java.lang.NullPointerException

29-Oct-2019 14:45:27.213 심각 [ajp-nio-8009-exec-6] org.apache.catalina.core.StandardWrapperValve.invoke Servlet.service() for servlet [jsp] in context with path [] threw exception [java.lang.NullPointerException] with root cause
 java.lang.NullPointerException

29-Oct-2019 14:50:24.217 심각 [ajp-nio-8009-exec-8] org.apache.catalina.core.StandardWrapperValve.invoke Servlet.service() for servlet [jsp] in context with path [] threw exception [java.lang.NullPointerException] with root cause
 java.lang.NullPointerException

29-Oct-2019 14:58:37.320 심각 [ajp-nio-8009-exec-4] org.apache.catalina.core.StandardWrapperValve.invoke Servlet.service() for servlet [jsp] in context with path [] threw exception [java.lang.NullPointerException] with root cause
 java.lang.NullPointerException

29-Oct-2019 14:58:37.330 심각 [ajp-nio-8009-exec-2] org.apache.catalina.core.StandardWrapperValve.invoke Servlet.service() for servlet [jsp] in context with path [] threw exception [java.lang.NullPointerException] with root cause
 java.lang.NullPointerException

29-Oct-2019 15:08:56.595 심각 [ajp-nio-8009-exec-6] org.apache.catalina.core.StandardWrapperValve.invoke Servlet.service() for servlet [jsp] in context with path [] threw exception [java.lang.NullPointerException] with root cause
 java.lang.NullPointerException

29-Oct-2019 15:12:43.720 심각 [ajp-nio-8009-exec-4] org.apache.catalina.core.StandardWrapperValve.invoke Servlet.service() for servlet [jsp] in context with path [] threw exception [java.lang.NullPointerException] with root cause
 java.lang.NullPointerException

29-Oct-2019 15:34:18.462 심각 [ajp-nio-8009-exec-10] org.apache.catalina.core.StandardWrapperValve.invoke Servlet.service() for servlet [jsp] in context with path [] threw exception [java.lang.NullPointerException] with root cause
 java.lang.NullPointerException

29-Oct-2019 15:36:36.293 심각 [ajp-nio-8009-exec-5] org.apache.catalina.core.StandardWrapperValve.invoke Servlet.service() for servlet [jsp] in context with path [] threw exception [java.lang.NullPointerException] with root cause
 java.lang.NullPointerException

29-Oct-2019 16:01:02.738 심각 [ajp-nio-8009-exec-3] org.apache.catalina.core.StandardWrapperValve.invoke Servlet.service() for servlet [jsp] in context with path [] threw exception [java.lang.NullPointerException] with root cause
 java.lang.NullPointerException

29-Oct-2019 16:08:02.768 심각 [ajp-nio-8009-exec-1] org.apache.catalina.core.StandardWrapperValve.invoke Servlet.service() for servlet [jsp] in context with path [] threw exception [java.lang.NullPointerException] with root cause
 java.lang.NullPointerException

29-Oct-2019 16:09:44.624 심각 [ajp-nio-8009-exec-6] org.apache.catalina.core.StandardWrapperValve.invoke Servlet.service() for servlet [jsp] in context with path [] threw exception [java.lang.NullPointerException] with root cause
 java.lang.NullPointerException

29-Oct-2019 16:09:47.807 심각 [ajp-nio-8009-exec-5] org.apache.catalina.core.StandardWrapperValve.invoke Servlet.service() for servlet [jsp] in context with path [] threw exception [java.lang.NullPointerException] with root cause
 java.lang.NullPointerException

29-Oct-2019 16:10:38.965 심각 [ajp-nio-8009-exec-2] org.apache.catalina.core.StandardWrapperValve.invoke Servlet.service() for servlet [jsp] in context with path [] threw exception [java.lang.NullPointerException] with root cause
 java.lang.NullPointerException

29-Oct-2019 16:11:07.994 심각 [ajp-nio-8009-exec-1] org.apache.catalina.core.StandardWrapperValve.invoke Servlet.service() for servlet [jsp] in context with path [] threw exception [java.lang.NullPointerException] with root cause
 java.lang.NullPointerException

29-Oct-2019 16:11:07.994 심각 [ajp-nio-8009-exec-10] org.apache.catalina.core.StandardWrapperValve.invoke Servlet.service() for servlet [jsp] in context with path [] threw exception [java.lang.NullPointerException] with root cause
 java.lang.NullPointerException

29-Oct-2019 16:26:19.799 심각 [ajp-nio-8009-exec-5] org.apache.catalina.core.StandardWrapperValve.invoke Servlet.service() for servlet [jsp] in context with path [] threw exception [java.lang.NullPointerException] with root cause
 java.lang.NullPointerException

29-Oct-2019 16:26:48.195 심각 [ajp-nio-8009-exec-4] org.apache.catalina.core.StandardWrapperValve.invoke Servlet.service() for servlet [jsp] in context with path [] threw exception [java.lang.NullPointerException] with root cause
 java.lang.NullPointerException

29-Oct-2019 16:27:19.087 심각 [ajp-nio-8009-exec-9] org.apache.catalina.core.StandardWrapperValve.invoke Servlet.service() for servlet [jsp] in context with path [] threw exception [java.lang.NullPointerException] with root cause
 java.lang.NullPointerException

29-Oct-2019 16:27:19.229 심각 [ajp-nio-8009-exec-3] org.apache.catalina.core.StandardWrapperValve.invoke Servlet.service() for servlet [jsp] in context with path [] threw exception [java.lang.NullPointerException] with root cause
 java.lang.NullPointerException

29-Oct-2019 16:29:01.404 심각 [ajp-nio-8009-exec-8] org.apache.catalina.core.StandardWrapperValve.invoke Servlet.service() for servlet [jsp] in context with path [] threw exception [java.lang.NullPointerException] with root cause
 java.lang.NullPointerException

29-Oct-2019 16:29:21.277 심각 [ajp-nio-8009-exec-3] org.apache.catalina.core.StandardWrapperValve.invoke Servlet.service() for servlet [jsp] in context with path [] threw exception [java.lang.NullPointerException] with root cause
 java.lang.NullPointerException

29-Oct-2019 16:36:10.000 심각 [ajp-nio-8009-exec-4] org.apache.catalina.core.StandardWrapperValve.invoke Servlet.service() for servlet [jsp] in context with path [] threw exception [java.lang.NullPointerException] with root cause
 java.lang.NullPointerException

29-Oct-2019 16:42:00.918 심각 [ajp-nio-8009-exec-2] org.apache.catalina.core.StandardWrapperValve.invoke Servlet.service() for servlet [jsp] in context with path [] threw exception [java.lang.NullPointerException] with root cause
 java.lang.NullPointerException

29-Oct-2019 16:43:01.381 심각 [ajp-nio-8009-exec-3] org.apache.catalina.core.StandardWrapperValve.invoke Servlet.service() for servlet [jsp] in context with path [] threw exception [java.lang.NullPointerException] with root cause
 java.lang.NullPointerException

29-Oct-2019 16:47:50.495 심각 [ajp-nio-8009-exec-4] org.apache.catalina.core.StandardWrapperValve.invoke Servlet.service() for servlet [jsp] in context with path [] threw exception [java.lang.NullPointerException] with root cause
 java.lang.NullPointerException

29-Oct-2019 16:57:04.113 심각 [ajp-nio-8009-exec-9] org.apache.catalina.core.StandardWrapperValve.invoke Servlet.service() for servlet [jsp] in context with path [] threw exception [java.lang.NullPointerException] with root cause
 java.lang.NullPointerException

29-Oct-2019 16:58:52.298 심각 [ajp-nio-8009-exec-6] org.apache.catalina.core.StandardWrapperValve.invoke Servlet.service() for servlet [jsp] in context with path [] threw exception [java.lang.NullPointerException] with root cause
 java.lang.NullPointerException

29-Oct-2019 16:59:07.880 심각 [ajp-nio-8009-exec-7] org.apache.catalina.core.StandardWrapperValve.invoke Servlet.service() for servlet [jsp] in context with path [] threw exception [java.lang.NullPointerException] with root cause
 java.lang.NullPointerException

29-Oct-2019 17:01:20.719 심각 [ajp-nio-8009-exec-4] org.apache.catalina.core.StandardWrapperValve.invoke Servlet.service() for servlet [jsp] in context with path [] threw exception [java.lang.NullPointerException] with root cause
 java.lang.NullPointerException

29-Oct-2019 17:03:48.974 심각 [ajp-nio-8009-exec-3] org.apache.catalina.core.StandardWrapperValve.invoke Servlet.service() for servlet [jsp] in context with path [] threw exception [java.lang.NullPointerException] with root cause
 java.lang.NullPointerException

29-Oct-2019 17:04:39.984 심각 [ajp-nio-8009-exec-10] org.apache.catalina.core.StandardWrapperValve.invoke Servlet.service() for servlet [jsp] in context with path [] threw exception [java.lang.NullPointerException] with root cause
 java.lang.NullPointerException

29-Oct-2019 17:04:44.571 심각 [ajp-nio-8009-exec-7] org.apache.catalina.core.StandardWrapperValve.invoke Servlet.service() for servlet [jsp] in context with path [] threw exception [java.lang.NullPointerException] with root cause
 java.lang.NullPointerException

29-Oct-2019 17:04:46.893 심각 [ajp-nio-8009-exec-4] org.apache.catalina.core.StandardWrapperValve.invoke Servlet.service() for servlet [jsp] in context with path [] threw exception [java.lang.NullPointerException] with root cause
 java.lang.NullPointerException

29-Oct-2019 17:04:49.054 심각 [ajp-nio-8009-exec-8] org.apache.catalina.core.StandardWrapperValve.invoke Servlet.service() for servlet [jsp] in context with path [] threw exception [java.lang.NullPointerException] with root cause
 java.lang.NullPointerException

29-Oct-2019 17:04:51.207 심각 [ajp-nio-8009-exec-3] org.apache.catalina.core.StandardWrapperValve.invoke Servlet.service() for servlet [jsp] in context with path [] threw exception [java.lang.NullPointerException] with root cause
 java.lang.NullPointerException

29-Oct-2019 17:04:53.570 심각 [ajp-nio-8009-exec-10] org.apache.catalina.core.StandardWrapperValve.invoke Servlet.service() for servlet [jsp] in context with path [] threw exception [java.lang.NullPointerException] with root cause
 java.lang.NullPointerException

29-Oct-2019 17:04:55.415 심각 [ajp-nio-8009-exec-7] org.apache.catalina.core.StandardWrapperValve.invoke Servlet.service() for servlet [jsp] in context with path [] threw exception [java.lang.NullPointerException] with root cause
 java.lang.NullPointerException

29-Oct-2019 17:14:38.713 심각 [ajp-nio-8009-exec-10] org.apache.catalina.core.StandardWrapperValve.invoke Servlet.service() for servlet [jsp] in context with path [] threw exception [java.lang.NullPointerException] with root cause
 java.lang.NullPointerException

29-Oct-2019 17:20:58.096 심각 [ajp-nio-8009-exec-8] org.apache.catalina.core.StandardWrapperValve.invoke Servlet.service() for servlet [jsp] in context with path [] threw exception [java.lang.NullPointerException] with root cause
 java.lang.NullPointerException

29-Oct-2019 17:21:32.978 심각 [ajp-nio-8009-exec-3] org.apache.catalina.core.StandardWrapperValve.invoke Servlet.service() for servlet [jsp] in context with path [] threw exception [java.lang.NullPointerException] with root cause
 java.lang.NullPointerException

29-Oct-2019 17:24:11.588 심각 [ajp-nio-8009-exec-5] org.apache.catalina.core.StandardWrapperValve.invoke Servlet.service() for servlet [jsp] in context with path [] threw exception [java.lang.NullPointerException] with root cause
 java.lang.NullPointerException

29-Oct-2019 17:44:41.684 심각 [ajp-nio-8009-exec-2] org.apache.catalina.core.StandardWrapperValve.invoke Servlet.service() for servlet [jsp] in context with path [] threw exception [java.lang.NullPointerException] with root cause
 java.lang.NullPointerException

29-Oct-2019 17:58:01.322 심각 [ajp-nio-8009-exec-2] org.apache.catalina.core.StandardWrapperValve.invoke Servlet.service() for servlet [jsp] in context with path [] threw exception [java.lang.NullPointerException] with root cause
 java.lang.NullPointerException

29-Oct-2019 18:03:54.258 심각 [ajp-nio-8009-exec-9] org.apache.catalina.core.StandardWrapperValve.invoke Servlet.service() for servlet [jsp] in context with path [] threw exception [java.lang.NullPointerException] with root cause
 java.lang.NullPointerException

29-Oct-2019 18:04:13.121 심각 [ajp-nio-8009-exec-1] org.apache.catalina.core.StandardWrapperValve.invoke Servlet.service() for servlet [jsp] in context with path [] threw exception [java.lang.NullPointerException] with root cause
 java.lang.NullPointerException

29-Oct-2019 18:04:19.948 심각 [ajp-nio-8009-exec-6] org.apache.catalina.core.StandardWrapperValve.invoke Servlet.service() for servlet [jsp] in context with path [] threw exception [java.lang.NullPointerException] with root cause
 java.lang.NullPointerException

29-Oct-2019 18:04:20.336 심각 [ajp-nio-8009-exec-7] org.apache.catalina.core.StandardWrapperValve.invoke Servlet.service() for servlet [jsp] in context with path [] threw exception [java.lang.NullPointerException] with root cause
 java.lang.NullPointerException

29-Oct-2019 18:04:20.715 심각 [ajp-nio-8009-exec-5] org.apache.catalina.core.StandardWrapperValve.invoke Servlet.service() for servlet [jsp] in context with path [] threw exception [java.lang.NullPointerException] with root cause
 java.lang.NullPointerException

29-Oct-2019 18:10:39.041 심각 [ajp-nio-8009-exec-2] org.apache.catalina.core.StandardWrapperValve.invoke Servlet.service() for servlet [jsp] in context with path [] threw exception [java.lang.NullPointerException] with root cause
 java.lang.NullPointerException

29-Oct-2019 18:38:59.408 심각 [ajp-nio-8009-exec-10] org.apache.catalina.core.StandardWrapperValve.invoke Servlet.service() for servlet [jsp] in context with path [] threw exception [java.lang.NullPointerException] with root cause
 java.lang.NullPointerException

29-Oct-2019 18:40:45.445 심각 [ajp-nio-8009-exec-2] org.apache.catalina.core.StandardWrapperValve.invoke Servlet.service() for servlet [jsp] in context with path [] threw exception [java.lang.NullPointerException] with root cause
 java.lang.NullPointerException

29-Oct-2019 18:48:57.582 심각 [ajp-nio-8009-exec-7] org.apache.catalina.core.StandardWrapperValve.invoke Servlet.service() for servlet [jsp] in context with path [] threw exception [java.lang.NullPointerException] with root cause
 java.lang.NullPointerException

29-Oct-2019 18:56:00.259 심각 [ajp-nio-8009-exec-1] org.apache.catalina.core.StandardWrapperValve.invoke Servlet.service() for servlet [jsp] in context with path [] threw exception [java.lang.NullPointerException] with root cause
 java.lang.NullPointerException

29-Oct-2019 18:58:54.489 심각 [ajp-nio-8009-exec-6] org.apache.catalina.core.StandardWrapperValve.invoke Servlet.service() for servlet [jsp] in context with path [] threw exception [java.lang.NullPointerException] with root cause
 java.lang.NullPointerException

29-Oct-2019 19:02:26.869 심각 [ajp-nio-8009-exec-5] org.apache.catalina.core.StandardWrapperValve.invoke Servlet.service() for servlet [jsp] in context with path [] threw exception [java.lang.NullPointerException] with root cause
 java.lang.NullPointerException

29-Oct-2019 19:02:55.091 심각 [ajp-nio-8009-exec-9] org.apache.catalina.core.StandardWrapperValve.invoke Servlet.service() for servlet [jsp] in context with path [] threw exception [java.lang.NullPointerException] with root cause
 java.lang.NullPointerException

29-Oct-2019 19:05:32.039 심각 [ajp-nio-8009-exec-5] org.apache.catalina.core.StandardWrapperValve.invoke Servlet.service() for servlet [jsp] in context with path [] threw exception [java.lang.NullPointerException] with root cause
 java.lang.NullPointerException

29-Oct-2019 19:19:03.905 심각 [ajp-nio-8009-exec-3] org.apache.catalina.core.StandardWrapperValve.invoke Servlet.service() for servlet [jsp] in context with path [] threw exception [java.lang.NullPointerException] with root cause
 java.lang.NullPointerException

29-Oct-2019 19:24:41.083 심각 [ajp-nio-8009-exec-2] org.apache.catalina.core.StandardWrapperValve.invoke Servlet.service() for servlet [jsp] in context with path [] threw exception [java.lang.NullPointerException] with root cause
 java.lang.NullPointerException

29-Oct-2019 19:37:10.303 심각 [ajp-nio-8009-exec-10] org.apache.catalina.core.StandardWrapperValve.invoke Servlet.service() for servlet [jsp] in context with path [] threw exception [java.lang.NullPointerException] with root cause
 java.lang.NullPointerException

29-Oct-2019 19:38:33.083 심각 [ajp-nio-8009-exec-7] org.apache.catalina.core.StandardWrapperValve.invoke Servlet.service() for servlet [jsp] in context with path [] threw exception [java.lang.NullPointerException] with root cause
 java.lang.NullPointerException

29-Oct-2019 19:40:58.596 심각 [ajp-nio-8009-exec-4] org.apache.catalina.core.StandardWrapperValve.invoke Servlet.service() for servlet [jsp] in context with path [] threw exception [java.lang.NullPointerException] with root cause
 java.lang.NullPointerException

29-Oct-2019 19:41:30.203 심각 [ajp-nio-8009-exec-2] org.apache.catalina.core.StandardWrapperValve.invoke Servlet.service() for servlet [jsp] in context with path [] threw exception [java.lang.NullPointerException] with root cause
 java.lang.NullPointerException

29-Oct-2019 19:46:45.856 심각 [ajp-nio-8009-exec-9] org.apache.catalina.core.StandardWrapperValve.invoke Servlet.service() for servlet [jsp] in context with path [] threw exception [java.lang.NullPointerException] with root cause
 java.lang.NullPointerException

29-Oct-2019 19:46:56.772 심각 [ajp-nio-8009-exec-3] org.apache.catalina.core.StandardWrapperValve.invoke Servlet.service() for servlet [jsp] in context with path [] threw exception [java.lang.NullPointerException] with root cause
 java.lang.NullPointerException

29-Oct-2019 19:49:20.972 심각 [ajp-nio-8009-exec-10] org.apache.catalina.core.StandardWrapperValve.invoke Servlet.service() for servlet [jsp] in context with path [] threw exception [java.lang.NullPointerException] with root cause
 java.lang.NullPointerException

29-Oct-2019 19:54:12.007 심각 [ajp-nio-8009-exec-4] org.apache.catalina.core.StandardWrapperValve.invoke Servlet.service() for servlet [jsp] in context with path [] threw exception [java.lang.NullPointerException] with root cause
 java.lang.NullPointerException

29-Oct-2019 19:54:49.889 심각 [ajp-nio-8009-exec-2] org.apache.catalina.core.StandardWrapperValve.invoke Servlet.service() for servlet [jsp] in context with path [] threw exception [java.lang.NullPointerException] with root cause
 java.lang.NullPointerException

29-Oct-2019 19:56:11.627 심각 [ajp-nio-8009-exec-3] org.apache.catalina.core.StandardWrapperValve.invoke Servlet.service() for servlet [jsp] in context with path [] threw exception [java.lang.NullPointerException] with root cause
 java.lang.NullPointerException

29-Oct-2019 20:01:25.691 심각 [ajp-nio-8009-exec-2] org.apache.catalina.core.StandardWrapperValve.invoke Servlet.service() for servlet [jsp] in context with path [] threw exception [java.lang.NullPointerException] with root cause
 java.lang.NullPointerException

29-Oct-2019 20:01:28.922 심각 [ajp-nio-8009-exec-8] org.apache.catalina.core.StandardWrapperValve.invoke Servlet.service() for servlet [jsp] in context with path [] threw exception [java.lang.NullPointerException] with root cause
 java.lang.NullPointerException

29-Oct-2019 20:05:46.011 심각 [ajp-nio-8009-exec-2] org.apache.catalina.core.StandardWrapperValve.invoke Servlet.service() for servlet [jsp] in context with path [] threw exception [java.lang.NullPointerException] with root cause
 java.lang.NullPointerException

29-Oct-2019 20:05:48.781 심각 [ajp-nio-8009-exec-8] org.apache.catalina.core.StandardWrapperValve.invoke Servlet.service() for servlet [jsp] in context with path [] threw exception [java.lang.NullPointerException] with root cause
 java.lang.NullPointerException

29-Oct-2019 20:05:53.360 심각 [ajp-nio-8009-exec-9] org.apache.catalina.core.StandardWrapperValve.invoke Servlet.service() for servlet [jsp] in context with path [] threw exception [java.lang.NullPointerException] with root cause
 java.lang.NullPointerException

29-Oct-2019 20:06:01.080 심각 [ajp-nio-8009-exec-3] org.apache.catalina.core.StandardWrapperValve.invoke Servlet.service() for servlet [jsp] in context with path [] threw exception [java.lang.NullPointerException] with root cause
 java.lang.NullPointerException

29-Oct-2019 20:06:06.050 심각 [ajp-nio-8009-exec-1] org.apache.catalina.core.StandardWrapperValve.invoke Servlet.service() for servlet [jsp] in context with path [] threw exception [java.lang.NullPointerException] with root cause
 java.lang.NullPointerException

29-Oct-2019 20:06:10.074 심각 [ajp-nio-8009-exec-10] org.apache.catalina.core.StandardWrapperValve.invoke Servlet.service() for servlet [jsp] in context with path [] threw exception [java.lang.NullPointerException] with root cause
 java.lang.NullPointerException

29-Oct-2019 20:06:14.272 심각 [ajp-nio-8009-exec-6] org.apache.catalina.core.StandardWrapperValve.invoke Servlet.service() for servlet [jsp] in context with path [] threw exception [java.lang.NullPointerException] with root cause
 java.lang.NullPointerException

29-Oct-2019 20:06:16.948 심각 [ajp-nio-8009-exec-7] org.apache.catalina.core.StandardWrapperValve.invoke Servlet.service() for servlet [jsp] in context with path [] threw exception [java.lang.NullPointerException] with root cause
 java.lang.NullPointerException

29-Oct-2019 20:06:19.081 심각 [ajp-nio-8009-exec-5] org.apache.catalina.core.StandardWrapperValve.invoke Servlet.service() for servlet [jsp] in context with path [] threw exception [java.lang.NullPointerException] with root cause
 java.lang.NullPointerException

29-Oct-2019 20:06:20.397 심각 [ajp-nio-8009-exec-4] org.apache.catalina.core.StandardWrapperValve.invoke Servlet.service() for servlet [jsp] in context with path [] threw exception [java.lang.NullPointerException] with root cause
 java.lang.NullPointerException

29-Oct-2019 20:06:22.084 심각 [ajp-nio-8009-exec-2] org.apache.catalina.core.StandardWrapperValve.invoke Servlet.service() for servlet [jsp] in context with path [] threw exception [java.lang.NullPointerException] with root cause
 java.lang.NullPointerException

29-Oct-2019 20:06:27.510 심각 [ajp-nio-8009-exec-8] org.apache.catalina.core.StandardWrapperValve.invoke Servlet.service() for servlet [jsp] in context with path [] threw exception [java.lang.NullPointerException] with root cause
 java.lang.NullPointerException

29-Oct-2019 20:06:30.912 심각 [ajp-nio-8009-exec-9] org.apache.catalina.core.StandardWrapperValve.invoke Servlet.service() for servlet [jsp] in context with path [] threw exception [java.lang.NullPointerException] with root cause
 java.lang.NullPointerException

29-Oct-2019 20:06:33.410 심각 [ajp-nio-8009-exec-3] org.apache.catalina.core.StandardWrapperValve.invoke Servlet.service() for servlet [jsp] in context with path [] threw exception [java.lang.NullPointerException] with root cause
 java.lang.NullPointerException

29-Oct-2019 20:06:36.237 심각 [ajp-nio-8009-exec-1] org.apache.catalina.core.StandardWrapperValve.invoke Servlet.service() for servlet [jsp] in context with path [] threw exception [java.lang.NullPointerException] with root cause
 java.lang.NullPointerException

29-Oct-2019 20:06:40.154 심각 [ajp-nio-8009-exec-10] org.apache.catalina.core.StandardWrapperValve.invoke Servlet.service() for servlet [jsp] in context with path [] threw exception [java.lang.NullPointerException] with root cause
 java.lang.NullPointerException

29-Oct-2019 20:06:43.951 심각 [ajp-nio-8009-exec-6] org.apache.catalina.core.StandardWrapperValve.invoke Servlet.service() for servlet [jsp] in context with path [] threw exception [java.lang.NullPointerException] with root cause
 java.lang.NullPointerException

29-Oct-2019 20:27:18.891 심각 [ajp-nio-8009-exec-7] org.apache.catalina.core.StandardWrapperValve.invoke Servlet.service() for servlet [jsp] in context with path [] threw exception [java.lang.NullPointerException] with root cause
 java.lang.NullPointerException

29-Oct-2019 20:28:35.198 심각 [ajp-nio-8009-exec-4] org.apache.catalina.core.StandardWrapperValve.invoke Servlet.service() for servlet [jsp] in context with path [] threw exception [java.lang.NullPointerException] with root cause
 java.lang.NullPointerException

29-Oct-2019 20:47:50.498 심각 [ajp-nio-8009-exec-7] org.apache.catalina.core.StandardWrapperValve.invoke Servlet.service() for servlet [jsp] in context with path [] threw exception [java.lang.NullPointerException] with root cause
 java.lang.NullPointerException

29-Oct-2019 20:47:52.567 심각 [ajp-nio-8009-exec-5] org.apache.catalina.core.StandardWrapperValve.invoke Servlet.service() for servlet [jsp] in context with path [] threw exception [java.lang.NullPointerException] with root cause
 java.lang.NullPointerException

29-Oct-2019 20:48:00.933 심각 [ajp-nio-8009-exec-2] org.apache.catalina.core.StandardWrapperValve.invoke Servlet.service() for servlet [jsp] in context with path [] threw exception [java.lang.NullPointerException] with root cause
 java.lang.NullPointerException

29-Oct-2019 20:48:03.471 심각 [ajp-nio-8009-exec-8] org.apache.catalina.core.StandardWrapperValve.invoke Servlet.service() for servlet [jsp] in context with path [] threw exception [java.lang.NullPointerException] with root cause
 java.lang.NullPointerException

29-Oct-2019 20:48:07.623 심각 [ajp-nio-8009-exec-9] org.apache.catalina.core.StandardWrapperValve.invoke Servlet.service() for servlet [jsp] in context with path [] threw exception [java.lang.NullPointerException] with root cause
 java.lang.NullPointerException

29-Oct-2019 20:48:09.972 심각 [ajp-nio-8009-exec-3] org.apache.catalina.core.StandardWrapperValve.invoke Servlet.service() for servlet [jsp] in context with path [] threw exception [java.lang.NullPointerException] with root cause
 java.lang.NullPointerException

29-Oct-2019 20:48:12.150 심각 [ajp-nio-8009-exec-1] org.apache.catalina.core.StandardWrapperValve.invoke Servlet.service() for servlet [jsp] in context with path [] threw exception [java.lang.NullPointerException] with root cause
 java.lang.NullPointerException

29-Oct-2019 20:48:15.958 심각 [ajp-nio-8009-exec-10] org.apache.catalina.core.StandardWrapperValve.invoke Servlet.service() for servlet [jsp] in context with path [] threw exception [java.lang.NullPointerException] with root cause
 java.lang.NullPointerException

29-Oct-2019 20:48:17.550 심각 [ajp-nio-8009-exec-6] org.apache.catalina.core.StandardWrapperValve.invoke Servlet.service() for servlet [jsp] in context with path [] threw exception [java.lang.NullPointerException] with root cause
 java.lang.NullPointerException

29-Oct-2019 20:48:19.148 심각 [ajp-nio-8009-exec-7] org.apache.catalina.core.StandardWrapperValve.invoke Servlet.service() for servlet [jsp] in context with path [] threw exception [java.lang.NullPointerException] with root cause
 java.lang.NullPointerException

29-Oct-2019 20:48:20.678 심각 [ajp-nio-8009-exec-5] org.apache.catalina.core.StandardWrapperValve.invoke Servlet.service() for servlet [jsp] in context with path [] threw exception [java.lang.NullPointerException] with root cause
 java.lang.NullPointerException

29-Oct-2019 20:48:22.277 심각 [ajp-nio-8009-exec-4] org.apache.catalina.core.StandardWrapperValve.invoke Servlet.service() for servlet [jsp] in context with path [] threw exception [java.lang.NullPointerException] with root cause
 java.lang.NullPointerException

29-Oct-2019 20:48:24.224 심각 [ajp-nio-8009-exec-8] org.apache.catalina.core.StandardWrapperValve.invoke Servlet.service() for servlet [jsp] in context with path [] threw exception [java.lang.NullPointerException] with root cause
 java.lang.NullPointerException

29-Oct-2019 20:48:27.891 심각 [ajp-nio-8009-exec-9] org.apache.catalina.core.StandardWrapperValve.invoke Servlet.service() for servlet [jsp] in context with path [] threw exception [java.lang.NullPointerException] with root cause
 java.lang.NullPointerException

29-Oct-2019 20:48:29.959 심각 [ajp-nio-8009-exec-10] org.apache.catalina.core.StandardWrapperValve.invoke Servlet.service() for servlet [jsp] in context with path [] threw exception [java.lang.NullPointerException] with root cause
 java.lang.NullPointerException

29-Oct-2019 20:48:31.504 심각 [ajp-nio-8009-exec-6] org.apache.catalina.core.StandardWrapperValve.invoke Servlet.service() for servlet [jsp] in context with path [] threw exception [java.lang.NullPointerException] with root cause
 java.lang.NullPointerException

29-Oct-2019 20:48:33.036 심각 [ajp-nio-8009-exec-7] org.apache.catalina.core.StandardWrapperValve.invoke Servlet.service() for servlet [jsp] in context with path [] threw exception [java.lang.NullPointerException] with root cause
 java.lang.NullPointerException

29-Oct-2019 20:48:34.576 심각 [ajp-nio-8009-exec-5] org.apache.catalina.core.StandardWrapperValve.invoke Servlet.service() for servlet [jsp] in context with path [] threw exception [java.lang.NullPointerException] with root cause
 java.lang.NullPointerException

29-Oct-2019 20:59:02.037 심각 [ajp-nio-8009-exec-9] org.apache.catalina.core.StandardWrapperValve.invoke Servlet.service() for servlet [jsp] in context with path [] threw exception [java.lang.NullPointerException] with root cause
 java.lang.NullPointerException

29-Oct-2019 21:03:57.719 심각 [ajp-nio-8009-exec-2] org.apache.catalina.core.StandardWrapperValve.invoke Servlet.service() for servlet [jsp] in context with path [] threw exception [java.lang.NullPointerException] with root cause
 java.lang.NullPointerException

29-Oct-2019 21:04:52.677 심각 [ajp-nio-8009-exec-6] org.apache.catalina.core.StandardWrapperValve.invoke Servlet.service() for servlet [jsp] in context with path [] threw exception [java.lang.NullPointerException] with root cause
 java.lang.NullPointerException

29-Oct-2019 21:07:39.162 심각 [ajp-nio-8009-exec-2] org.apache.catalina.core.StandardWrapperValve.invoke Servlet.service() for servlet [jsp] in context with path [] threw exception [java.lang.NullPointerException] with root cause
 java.lang.NullPointerException

29-Oct-2019 21:07:42.534 심각 [ajp-nio-8009-exec-8] org.apache.catalina.core.StandardWrapperValve.invoke Servlet.service() for servlet [jsp] in context with path [] threw exception [java.lang.NullPointerException] with root cause
 java.lang.NullPointerException

29-Oct-2019 21:08:23.170 심각 [ajp-nio-8009-exec-9] org.apache.catalina.core.StandardWrapperValve.invoke Servlet.service() for servlet [jsp] in context with path [] threw exception [java.lang.NullPointerException] with root cause
 java.lang.NullPointerException

29-Oct-2019 21:11:45.858 심각 [ajp-nio-8009-exec-1] org.apache.catalina.core.StandardWrapperValve.invoke Servlet.service() for servlet [jsp] in context with path [] threw exception [java.lang.NullPointerException] with root cause
 java.lang.NullPointerException

29-Oct-2019 21:14:35.968 심각 [ajp-nio-8009-exec-7] org.apache.catalina.core.StandardWrapperValve.invoke Servlet.service() for servlet [jsp] in context with path [] threw exception [java.lang.NullPointerException] with root cause
 java.lang.NullPointerException

29-Oct-2019 21:14:36.404 심각 [ajp-nio-8009-exec-5] org.apache.catalina.core.StandardWrapperValve.invoke Servlet.service() for servlet [jsp] in context with path [] threw exception [java.lang.NullPointerException] with root cause
 java.lang.NullPointerException

29-Oct-2019 21:14:37.074 심각 [ajp-nio-8009-exec-2] org.apache.catalina.core.StandardWrapperValve.invoke Servlet.service() for servlet [jsp] in context with path [] threw exception [java.lang.NullPointerException] with root cause
 java.lang.NullPointerException

29-Oct-2019 21:14:37.539 심각 [ajp-nio-8009-exec-8] org.apache.catalina.core.StandardWrapperValve.invoke Servlet.service() for servlet [jsp] in context with path [] threw exception [java.lang.NullPointerException] with root cause
 java.lang.NullPointerException

29-Oct-2019 21:14:37.978 심각 [ajp-nio-8009-exec-9] org.apache.catalina.core.StandardWrapperValve.invoke Servlet.service() for servlet [jsp] in context with path [] threw exception [java.lang.NullPointerException] with root cause
 java.lang.NullPointerException

29-Oct-2019 21:14:38.410 심각 [ajp-nio-8009-exec-3] org.apache.catalina.core.StandardWrapperValve.invoke Servlet.service() for servlet [jsp] in context with path [] threw exception [java.lang.NullPointerException] with root cause
 java.lang.NullPointerException

29-Oct-2019 21:14:38.845 심각 [ajp-nio-8009-exec-1] org.apache.catalina.core.StandardWrapperValve.invoke Servlet.service() for servlet [jsp] in context with path [] threw exception [java.lang.NullPointerException] with root cause
 java.lang.NullPointerException

29-Oct-2019 21:14:39.266 심각 [ajp-nio-8009-exec-10] org.apache.catalina.core.StandardWrapperValve.invoke Servlet.service() for servlet [jsp] in context with path [] threw exception [java.lang.NullPointerException] with root cause
 java.lang.NullPointerException

29-Oct-2019 21:14:39.687 심각 [ajp-nio-8009-exec-6] org.apache.catalina.core.StandardWrapperValve.invoke Servlet.service() for servlet [jsp] in context with path [] threw exception [java.lang.NullPointerException] with root cause
 java.lang.NullPointerException

29-Oct-2019 21:14:40.122 심각 [ajp-nio-8009-exec-7] org.apache.catalina.core.StandardWrapperValve.invoke Servlet.service() for servlet [jsp] in context with path [] threw exception [java.lang.NullPointerException] with root cause
 java.lang.NullPointerException

29-Oct-2019 21:14:40.596 심각 [ajp-nio-8009-exec-5] org.apache.catalina.core.StandardWrapperValve.invoke Servlet.service() for servlet [jsp] in context with path [] threw exception [java.lang.NullPointerException] with root cause
 java.lang.NullPointerException

29-Oct-2019 21:14:41.025 심각 [ajp-nio-8009-exec-4] org.apache.catalina.core.StandardWrapperValve.invoke Servlet.service() for servlet [jsp] in context with path [] threw exception [java.lang.NullPointerException] with root cause
 java.lang.NullPointerException

29-Oct-2019 21:14:41.444 심각 [ajp-nio-8009-exec-2] org.apache.catalina.core.StandardWrapperValve.invoke Servlet.service() for servlet [jsp] in context with path [] threw exception [java.lang.NullPointerException] with root cause
 java.lang.NullPointerException

29-Oct-2019 21:14:41.863 심각 [ajp-nio-8009-exec-8] org.apache.catalina.core.StandardWrapperValve.invoke Servlet.service() for servlet [jsp] in context with path [] threw exception [java.lang.NullPointerException] with root cause
 java.lang.NullPointerException

29-Oct-2019 21:14:42.272 심각 [ajp-nio-8009-exec-9] org.apache.catalina.core.StandardWrapperValve.invoke Servlet.service() for servlet [jsp] in context with path [] threw exception [java.lang.NullPointerException] with root cause
 java.lang.NullPointerException

29-Oct-2019 21:14:42.721 심각 [ajp-nio-8009-exec-3] org.apache.catalina.core.StandardWrapperValve.invoke Servlet.service() for servlet [jsp] in context with path [] threw exception [java.lang.NullPointerException] with root cause
 java.lang.NullPointerException

29-Oct-2019 21:14:43.137 심각 [ajp-nio-8009-exec-1] org.apache.catalina.core.StandardWrapperValve.invoke Servlet.service() for servlet [jsp] in context with path [] threw exception [java.lang.NullPointerException] with root cause
 java.lang.NullPointerException

29-Oct-2019 21:14:43.603 심각 [ajp-nio-8009-exec-10] org.apache.catalina.core.StandardWrapperValve.invoke Servlet.service() for servlet [jsp] in context with path [] threw exception [java.lang.NullPointerException] with root cause
 java.lang.NullPointerException

29-Oct-2019 21:16:25.438 심각 [ajp-nio-8009-exec-4] org.apache.catalina.core.StandardWrapperValve.invoke Servlet.service() for servlet [jsp] in context with path [] threw exception [java.lang.NullPointerException] with root cause
 java.lang.NullPointerException

29-Oct-2019 21:24:53.376 심각 [ajp-nio-8009-exec-3] org.apache.catalina.core.StandardWrapperValve.invoke Servlet.service() for servlet [jsp] in context with path [] threw exception [java.lang.NullPointerException] with root cause
 java.lang.NullPointerException

29-Oct-2019 21:24:57.575 심각 [ajp-nio-8009-exec-1] org.apache.catalina.core.StandardWrapperValve.invoke Servlet.service() for servlet [jsp] in context with path [] threw exception [java.lang.NullPointerException] with root cause
 java.lang.NullPointerException

29-Oct-2019 21:46:39.027 심각 [ajp-nio-8009-exec-8] org.apache.catalina.core.StandardWrapperValve.invoke Servlet.service() for servlet [jsp] in context with path [] threw exception [java.lang.NullPointerException] with root cause
 java.lang.NullPointerException

29-Oct-2019 21:49:44.910 심각 [ajp-nio-8009-exec-3] org.apache.catalina.core.StandardWrapperValve.invoke Servlet.service() for servlet [jsp] in context with path [] threw exception [java.lang.NullPointerException] with root cause
 java.lang.NullPointerException

29-Oct-2019 21:51:01.154 심각 [ajp-nio-8009-exec-8] org.apache.catalina.core.StandardWrapperValve.invoke Servlet.service() for servlet [jsp] in context with path [] threw exception [java.lang.NullPointerException] with root cause
 java.lang.NullPointerException

29-Oct-2019 21:54:28.932 심각 [ajp-nio-8009-exec-3] org.apache.catalina.core.StandardWrapperValve.invoke Servlet.service() for servlet [jsp] in context with path [] threw exception [java.lang.NullPointerException] with root cause
 java.lang.NullPointerException

29-Oct-2019 21:55:34.785 심각 [ajp-nio-8009-exec-10] org.apache.catalina.core.StandardWrapperValve.invoke Servlet.service() for servlet [jsp] in context with path [] threw exception [java.lang.NullPointerException] with root cause
 java.lang.NullPointerException

29-Oct-2019 21:58:53.814 심각 [ajp-nio-8009-exec-7] org.apache.catalina.core.StandardWrapperValve.invoke Servlet.service() for servlet [jsp] in context with path [] threw exception [java.lang.NullPointerException] with root cause
 java.lang.NullPointerException

29-Oct-2019 22:00:03.905 심각 [ajp-nio-8009-exec-4] org.apache.catalina.core.StandardWrapperValve.invoke Servlet.service() for servlet [jsp] in context with path [] threw exception [java.lang.NullPointerException] with root cause
 java.lang.NullPointerException

29-Oct-2019 22:02:16.263 심각 [ajp-nio-8009-exec-8] org.apache.catalina.core.StandardWrapperValve.invoke Servlet.service() for servlet [jsp] in context with path [] threw exception [java.lang.NullPointerException] with root cause
 java.lang.NullPointerException

29-Oct-2019 22:04:55.021 심각 [ajp-nio-8009-exec-3] org.apache.catalina.core.StandardWrapperValve.invoke Servlet.service() for servlet [jsp] in context with path [] threw exception [java.lang.NullPointerException] with root cause
 java.lang.NullPointerException

29-Oct-2019 22:08:05.526 심각 [ajp-nio-8009-exec-7] org.apache.catalina.core.StandardWrapperValve.invoke Servlet.service() for servlet [jsp] in context with path [] threw exception [java.lang.NullPointerException] with root cause
 java.lang.NullPointerException

29-Oct-2019 22:08:06.480 심각 [ajp-nio-8009-exec-5] org.apache.catalina.core.StandardWrapperValve.invoke Servlet.service() for servlet [jsp] in context with path [] threw exception [java.lang.NullPointerException] with root cause
 java.lang.NullPointerException

29-Oct-2019 22:09:05.972 심각 [ajp-nio-8009-exec-4] org.apache.catalina.core.StandardWrapperValve.invoke Servlet.service() for servlet [jsp] in context with path [] threw exception [java.lang.NullPointerException] with root cause
 java.lang.NullPointerException

29-Oct-2019 22:09:17.071 심각 [ajp-nio-8009-exec-8] org.apache.catalina.core.StandardWrapperValve.invoke Servlet.service() for servlet [jsp] in context with path [] threw exception [java.lang.NullPointerException] with root cause
 java.lang.NullPointerException

29-Oct-2019 22:09:17.760 심각 [ajp-nio-8009-exec-9] org.apache.catalina.core.StandardWrapperValve.invoke Servlet.service() for servlet [jsp] in context with path [] threw exception [java.lang.NullPointerException] with root cause
 java.lang.NullPointerException

29-Oct-2019 22:26:25.575 심각 [ajp-nio-8009-exec-7] org.apache.catalina.core.StandardWrapperValve.invoke Servlet.service() for servlet [jsp] in context with path [] threw exception [java.lang.NullPointerException] with root cause
 java.lang.NullPointerException

29-Oct-2019 22:27:19.109 심각 [ajp-nio-8009-exec-4] org.apache.catalina.core.StandardWrapperValve.invoke Servlet.service() for servlet [jsp] in context with path [] threw exception [java.lang.NullPointerException] with root cause
 java.lang.NullPointerException

29-Oct-2019 22:27:19.109 심각 [ajp-nio-8009-exec-5] org.apache.catalina.core.StandardWrapperValve.invoke Servlet.service() for servlet [jsp] in context with path [] threw exception [java.lang.NullPointerException] with root cause
 java.lang.NullPointerException

29-Oct-2019 22:27:30.585 심각 [ajp-nio-8009-exec-8] org.apache.catalina.core.StandardWrapperValve.invoke Servlet.service() for servlet [jsp] in context with path [] threw exception [java.lang.NullPointerException] with root cause
 java.lang.NullPointerException

29-Oct-2019 22:36:46.275 심각 [ajp-nio-8009-exec-7] org.apache.catalina.core.StandardWrapperValve.invoke Servlet.service() for servlet [jsp] in context with path [] threw exception [java.lang.NullPointerException] with root cause
 java.lang.NullPointerException

29-Oct-2019 22:37:37.841 심각 [ajp-nio-8009-exec-5] org.apache.catalina.core.StandardWrapperValve.invoke Servlet.service() for servlet [jsp] in context with path [] threw exception [java.lang.NullPointerException] with root cause
 java.lang.NullPointerException

29-Oct-2019 22:37:41.140 심각 [ajp-nio-8009-exec-4] org.apache.catalina.core.StandardWrapperValve.invoke Servlet.service() for servlet [jsp] in context with path [] threw exception [java.lang.NullPointerException] with root cause
 java.lang.NullPointerException

29-Oct-2019 22:42:52.659 심각 [ajp-nio-8009-exec-3] org.apache.catalina.core.StandardWrapperValve.invoke Servlet.service() for servlet [jsp] in context with path [] threw exception [java.lang.NullPointerException] with root cause
 java.lang.NullPointerException

29-Oct-2019 22:43:33.229 심각 [ajp-nio-8009-exec-10] org.apache.catalina.core.StandardWrapperValve.invoke Servlet.service() for servlet [jsp] in context with path [] threw exception [java.lang.NullPointerException] with root cause
 java.lang.NullPointerException

29-Oct-2019 22:57:09.454 심각 [ajp-nio-8009-exec-5] org.apache.catalina.core.StandardWrapperValve.invoke Servlet.service() for servlet [jsp] in context with path [] threw exception [java.lang.NullPointerException] with root cause
 java.lang.NullPointerException

29-Oct-2019 22:58:06.187 심각 [ajp-nio-8009-exec-4] org.apache.catalina.core.StandardWrapperValve.invoke Servlet.service() for servlet [jsp] in context with path [] threw exception [java.lang.NullPointerException] with root cause
 java.lang.NullPointerException

29-Oct-2019 22:58:09.896 심각 [ajp-nio-8009-exec-8] org.apache.catalina.core.StandardWrapperValve.invoke Servlet.service() for servlet [jsp] in context with path [] threw exception [java.lang.NullPointerException] with root cause
 java.lang.NullPointerException

29-Oct-2019 23:00:09.141 심각 [ajp-nio-8009-exec-1] org.apache.catalina.core.StandardWrapperValve.invoke Servlet.service() for servlet [jsp] in context with path [] threw exception [java.lang.NullPointerException] with root cause
 java.lang.NullPointerException

29-Oct-2019 23:01:12.308 심각 [ajp-nio-8009-exec-6] org.apache.catalina.core.StandardWrapperValve.invoke Servlet.service() for servlet [jsp] in context with path [] threw exception [java.lang.NullPointerException] with root cause
 java.lang.NullPointerException

29-Oct-2019 23:04:04.144 심각 [ajp-nio-8009-exec-5] org.apache.catalina.core.StandardWrapperValve.invoke Servlet.service() for servlet [jsp] in context with path [] threw exception [java.lang.NullPointerException] with root cause
 java.lang.NullPointerException

29-Oct-2019 23:49:24.873 심각 [ajp-nio-8009-exec-4] org.apache.catalina.core.StandardWrapperValve.invoke Servlet.service() for servlet [jsp] in context with path [] threw exception [java.lang.NullPointerException] with root cause
 java.lang.NullPointerException

29-Oct-2019 23:53:31.441 심각 [ajp-nio-8009-exec-9] org.apache.catalina.core.StandardWrapperValve.invoke Servlet.service() for servlet [jsp] in context with path [] threw exception [java.lang.NullPointerException] with root cause
 java.lang.NullPointerException

